[0.039s] Invoking command in '/home/admin/Documents/projects/u-tour/pathing/remote-repos/learning/fws_robot_harmonic/build/velocity_pub': CMAKE_PREFIX_PATH=${CMAKE_PREFIX_PATH}:/opt/ros/jazzy DEBUGINFOD_URLS=https://debuginfod.ubuntu.com /usr/bin/cmake /home/admin/Documents/projects/u-tour/pathing/remote-repos/learning/fws_robot_harmonic/src/velocity_pub -DCMAKE_INSTALL_PREFIX=/home/admin/Documents/projects/u-tour/pathing/remote-repos/learning/fws_robot_harmonic/install/velocity_pub
[0.396s] -- The C compiler identification is GNU 13.2.0
[0.923s] -- The CXX compiler identification is GNU 13.2.0
[0.981s] -- Detecting C compiler ABI info
[1.260s] -- Detecting C compiler ABI info - done
[1.261s] -- Check for working C compiler: /usr/bin/cc - skipped
[1.262s] -- Detecting C compile features
[1.266s] -- Detecting C compile features - done
[1.309s] -- Detecting CXX compiler ABI info
[1.556s] -- Detecting CXX compiler ABI info - done
[1.570s] -- Check for working CXX compiler: /usr/bin/c++ - skipped
[1.573s] -- Detecting CXX compile features
[1.584s] -- Detecting CXX compile features - done
[1.619s] -- Found ament_cmake: 2.5.2 (/opt/ros/jazzy/share/ament_cmake/cmake)
[1.987s] -- Found Python3: /usr/bin/python3 (found version "3.12.3") found components: Interpreter 
[2.263s] -- Found rclcpp: 28.1.5 (/opt/ros/jazzy/share/rclcpp/cmake)
[2.430s] -- Found rosidl_generator_c: 4.6.4 (/opt/ros/jazzy/share/rosidl_generator_c/cmake)
[2.484s] -- Found rosidl_generator_cpp: 4.6.4 (/opt/ros/jazzy/share/rosidl_generator_cpp/cmake)
[2.569s] -- Using all available rosidl_typesupport_c: rosidl_typesupport_fastrtps_c;rosidl_typesupport_introspection_c
[2.656s] -- Using all available rosidl_typesupport_cpp: rosidl_typesupport_fastrtps_cpp;rosidl_typesupport_introspection_cpp
[2.996s] -- Found rmw_implementation_cmake: 7.3.1 (/opt/ros/jazzy/share/rmw_implementation_cmake/cmake)
[3.017s] -- Found rmw_fastrtps_cpp: 8.4.1 (/opt/ros/jazzy/share/rmw_fastrtps_cpp/cmake)
[3.346s] -- Found OpenSSL: /usr/lib/x86_64-linux-gnu/libcrypto.so (found version "3.0.13")  
[3.383s] -- Found FastRTPS: /opt/ros/jazzy/include (Required is at least version "2.13") 
[3.426s] -- Using RMW implementation 'rmw_fastrtps_cpp' as default
[3.642s] -- Found geometry_msgs: 5.3.5 (/opt/ros/jazzy/share/geometry_msgs/cmake)
[3.714s] -- Found ament_lint_auto: 0.17.1 (/opt/ros/jazzy/share/ament_lint_auto/cmake)
[3.919s] -- Added test 'copyright' to check source files copyright and LICENSE
[3.919s] -- Added test 'flake8' to check Python code syntax and style conventions
[3.920s] -- Configured 'flake8' exclude dirs and/or files: 
[3.921s] -- Added test 'lint_cmake' to check CMake code style
[3.922s] -- Added test 'pep257' to check Python code against some of the docstring style conventions in PEP 257
[3.925s] -- Added test 'xmllint' to check XML markup files
[3.929s] -- Configuring done (3.9s)
[3.937s] -- Generating done (0.0s)
[3.941s] -- Build files have been written to: /home/admin/Documents/projects/u-tour/pathing/remote-repos/learning/fws_robot_harmonic/build/velocity_pub
[3.958s] Invoked command in '/home/admin/Documents/projects/u-tour/pathing/remote-repos/learning/fws_robot_harmonic/build/velocity_pub' returned '0': CMAKE_PREFIX_PATH=${CMAKE_PREFIX_PATH}:/opt/ros/jazzy DEBUGINFOD_URLS=https://debuginfod.ubuntu.com /usr/bin/cmake /home/admin/Documents/projects/u-tour/pathing/remote-repos/learning/fws_robot_harmonic/src/velocity_pub -DCMAKE_INSTALL_PREFIX=/home/admin/Documents/projects/u-tour/pathing/remote-repos/learning/fws_robot_harmonic/install/velocity_pub
[3.959s] Invoking command in '/home/admin/Documents/projects/u-tour/pathing/remote-repos/learning/fws_robot_harmonic/build/velocity_pub': CMAKE_PREFIX_PATH=${CMAKE_PREFIX_PATH}:/opt/ros/jazzy DEBUGINFOD_URLS=https://debuginfod.ubuntu.com /usr/bin/cmake --build /home/admin/Documents/projects/u-tour/pathing/remote-repos/learning/fws_robot_harmonic/build/velocity_pub -- -j4 -l4
[4.059s] Invoked command in '/home/admin/Documents/projects/u-tour/pathing/remote-repos/learning/fws_robot_harmonic/build/velocity_pub' returned '0': CMAKE_PREFIX_PATH=${CMAKE_PREFIX_PATH}:/opt/ros/jazzy DEBUGINFOD_URLS=https://debuginfod.ubuntu.com /usr/bin/cmake --build /home/admin/Documents/projects/u-tour/pathing/remote-repos/learning/fws_robot_harmonic/build/velocity_pub -- -j4 -l4
[4.110s] Invoking command in '/home/admin/Documents/projects/u-tour/pathing/remote-repos/learning/fws_robot_harmonic/build/velocity_pub': CMAKE_PREFIX_PATH=${CMAKE_PREFIX_PATH}:/opt/ros/jazzy DEBUGINFOD_URLS=https://debuginfod.ubuntu.com /usr/bin/cmake --install /home/admin/Documents/projects/u-tour/pathing/remote-repos/learning/fws_robot_harmonic/build/velocity_pub
[4.137s] -- Install configuration: ""
[4.139s] -- Installing: /home/admin/Documents/projects/u-tour/pathing/remote-repos/learning/fws_robot_harmonic/install/velocity_pub/share/velocity_pub//scripts
[4.140s] -- Installing: /home/admin/Documents/projects/u-tour/pathing/remote-repos/learning/fws_robot_harmonic/install/velocity_pub/share/velocity_pub//scripts/robot_control.py
[4.140s] -- Installing: /home/admin/Documents/projects/u-tour/pathing/remote-repos/learning/fws_robot_harmonic/install/velocity_pub/share/velocity_pub//launch
[4.144s] -- Installing: /home/admin/Documents/projects/u-tour/pathing/remote-repos/learning/fws_robot_harmonic/install/velocity_pub/share/velocity_pub//launch/four_ws_control.launch.py
[4.144s] -- Installing: /home/admin/Documents/projects/u-tour/pathing/remote-repos/learning/fws_robot_harmonic/install/velocity_pub/lib/velocity_pub/robot_control.py
[4.144s] -- Installing: /home/admin/Documents/projects/u-tour/pathing/remote-repos/learning/fws_robot_harmonic/install/velocity_pub/lib/velocity_pub/four_ws_control.launch.py
[4.144s] -- Installing: /home/admin/Documents/projects/u-tour/pathing/remote-repos/learning/fws_robot_harmonic/install/velocity_pub/share/ament_index/resource_index/package_run_dependencies/velocity_pub
[4.145s] -- Installing: /home/admin/Documents/projects/u-tour/pathing/remote-repos/learning/fws_robot_harmonic/install/velocity_pub/share/ament_index/resource_index/parent_prefix_path/velocity_pub
[4.151s] -- Installing: /home/admin/Documents/projects/u-tour/pathing/remote-repos/learning/fws_robot_harmonic/install/velocity_pub/share/velocity_pub/environment/ament_prefix_path.sh
[4.151s] -- Installing: /home/admin/Documents/projects/u-tour/pathing/remote-repos/learning/fws_robot_harmonic/install/velocity_pub/share/velocity_pub/environment/ament_prefix_path.dsv
[4.151s] -- Installing: /home/admin/Documents/projects/u-tour/pathing/remote-repos/learning/fws_robot_harmonic/install/velocity_pub/share/velocity_pub/environment/path.sh
[4.153s] -- Installing: /home/admin/Documents/projects/u-tour/pathing/remote-repos/learning/fws_robot_harmonic/install/velocity_pub/share/velocity_pub/environment/path.dsv
[4.153s] -- Installing: /home/admin/Documents/projects/u-tour/pathing/remote-repos/learning/fws_robot_harmonic/install/velocity_pub/share/velocity_pub/local_setup.bash
[4.153s] -- Installing: /home/admin/Documents/projects/u-tour/pathing/remote-repos/learning/fws_robot_harmonic/install/velocity_pub/share/velocity_pub/local_setup.sh
[4.153s] -- Installing: /home/admin/Documents/projects/u-tour/pathing/remote-repos/learning/fws_robot_harmonic/install/velocity_pub/share/velocity_pub/local_setup.zsh
[4.154s] -- Installing: /home/admin/Documents/projects/u-tour/pathing/remote-repos/learning/fws_robot_harmonic/install/velocity_pub/share/velocity_pub/local_setup.dsv
[4.157s] -- Installing: /home/admin/Documents/projects/u-tour/pathing/remote-repos/learning/fws_robot_harmonic/install/velocity_pub/share/velocity_pub/package.dsv
[4.157s] -- Installing: /home/admin/Documents/projects/u-tour/pathing/remote-repos/learning/fws_robot_harmonic/install/velocity_pub/share/ament_index/resource_index/packages/velocity_pub
[4.157s] -- Installing: /home/admin/Documents/projects/u-tour/pathing/remote-repos/learning/fws_robot_harmonic/install/velocity_pub/share/velocity_pub/cmake/velocity_pubConfig.cmake
[4.157s] -- Installing: /home/admin/Documents/projects/u-tour/pathing/remote-repos/learning/fws_robot_harmonic/install/velocity_pub/share/velocity_pub/cmake/velocity_pubConfig-version.cmake
[4.158s] -- Installing: /home/admin/Documents/projects/u-tour/pathing/remote-repos/learning/fws_robot_harmonic/install/velocity_pub/share/velocity_pub/package.xml
[4.159s] Invoked command in '/home/admin/Documents/projects/u-tour/pathing/remote-repos/learning/fws_robot_harmonic/build/velocity_pub' returned '0': CMAKE_PREFIX_PATH=${CMAKE_PREFIX_PATH}:/opt/ros/jazzy DEBUGINFOD_URLS=https://debuginfod.ubuntu.com /usr/bin/cmake --install /home/admin/Documents/projects/u-tour/pathing/remote-repos/learning/fws_robot_harmonic/build/velocity_pub
