[0.216s] DEBUG:colcon:Command line arguments: ['/usr/bin/colcon', 'build']
[0.216s] DEBUG:colcon:Parsed command line arguments: Namespace(log_base=None, log_level=None, verb_name='build', build_base='build', install_base='install', merge_install=False, symlink_install=False, test_result_base=None, continue_on_error=False, executor='parallel', parallel_workers=6, event_handlers=None, ignore_user_meta=False, metas=['./colcon.meta'], base_paths=['.'], packages_ignore=None, packages_ignore_regex=None, paths=None, packages_up_to=None, packages_up_to_regex=None, packages_above=None, packages_above_and_dependencies=None, packages_above_depth=None, packages_select_by_dep=None, packages_skip_by_dep=None, packages_skip_up_to=None, packages_select_build_failed=False, packages_skip_build_finished=False, packages_select_test_failures=False, packages_skip_test_passed=False, packages_select=None, packages_skip=None, packages_select_regex=None, packages_skip_regex=None, packages_start=None, packages_end=None, allow_overriding=[], cmake_args=None, cmake_target=None, cmake_target_skip_unavailable=False, cmake_clean_cache=False, cmake_clean_first=False, cmake_force_configure=False, ament_cmake_args=None, catkin_cmake_args=None, catkin_skip_building_tests=False, mixin_files=None, mixin=None, verb_parser=<colcon_mixin.mixin.mixin_argument.MixinArgumentDecorator object at 0x719d3fd82750>, verb_extension=<colcon_core.verb.build.BuildVerb object at 0x719d3fd823c0>, main=<bound method BuildVerb.main of <colcon_core.verb.build.BuildVerb object at 0x719d3fd823c0>>, mixin_verb=('build',))
[0.299s] Level 1:colcon.colcon_core.package_discovery:discover_packages(colcon_meta) check parameters
[0.299s] Level 1:colcon.colcon_core.package_discovery:discover_packages(recursive) check parameters
[0.299s] Level 1:colcon.colcon_core.package_discovery:discover_packages(ignore) check parameters
[0.299s] Level 1:colcon.colcon_core.package_discovery:discover_packages(path) check parameters
[0.299s] Level 1:colcon.colcon_core.package_discovery:discover_packages(colcon_meta) discover
[0.299s] Level 1:colcon.colcon_core.package_discovery:discover_packages(recursive) discover
[0.299s] INFO:colcon.colcon_core.package_discovery:Crawling recursively for packages in '/home/admin/Documents/projects/u-tour/pathing/remote-repos/learning/fws_robot_harmonic'
[0.300s] Level 1:colcon.colcon_core.package_identification:_identify(.) by extensions ['ignore', 'ignore_ament_install']
[0.300s] Level 1:colcon.colcon_core.package_identification:_identify(.) by extension 'ignore'
[0.300s] Level 1:colcon.colcon_core.package_identification:_identify(.) by extension 'ignore_ament_install'
[0.300s] Level 1:colcon.colcon_core.package_identification:_identify(.) by extensions ['colcon_pkg']
[0.300s] Level 1:colcon.colcon_core.package_identification:_identify(.) by extension 'colcon_pkg'
[0.301s] Level 1:colcon.colcon_core.package_identification:_identify(.) by extensions ['colcon_meta']
[0.301s] Level 1:colcon.colcon_core.package_identification:_identify(.) by extension 'colcon_meta'
[0.301s] Level 1:colcon.colcon_core.package_identification:_identify(.) by extensions ['ros']
[0.301s] Level 1:colcon.colcon_core.package_identification:_identify(.) by extension 'ros'
[0.358s] Level 1:colcon.colcon_core.package_identification:_identify(.) by extensions ['cmake', 'python']
[0.358s] Level 1:colcon.colcon_core.package_identification:_identify(.) by extension 'cmake'
[0.358s] Level 1:colcon.colcon_core.package_identification:_identify(.) by extension 'python'
[0.358s] Level 1:colcon.colcon_core.package_identification:_identify(.) by extensions ['python_setup_py']
[0.358s] Level 1:colcon.colcon_core.package_identification:_identify(.) by extension 'python_setup_py'
[0.358s] Level 1:colcon.colcon_core.package_identification:_identify(build) by extensions ['ignore', 'ignore_ament_install']
[0.359s] Level 1:colcon.colcon_core.package_identification:_identify(build) by extension 'ignore'
[0.359s] Level 1:colcon.colcon_core.package_identification:_identify(build) ignored
[0.359s] Level 1:colcon.colcon_core.package_identification:_identify(install) by extensions ['ignore', 'ignore_ament_install']
[0.359s] Level 1:colcon.colcon_core.package_identification:_identify(install) by extension 'ignore'
[0.359s] Level 1:colcon.colcon_core.package_identification:_identify(install) ignored
[0.359s] Level 1:colcon.colcon_core.package_identification:_identify(log) by extensions ['ignore', 'ignore_ament_install']
[0.359s] Level 1:colcon.colcon_core.package_identification:_identify(log) by extension 'ignore'
[0.360s] Level 1:colcon.colcon_core.package_identification:_identify(log) ignored
[0.360s] Level 1:colcon.colcon_core.package_identification:_identify(src) by extensions ['ignore', 'ignore_ament_install']
[0.360s] Level 1:colcon.colcon_core.package_identification:_identify(src) by extension 'ignore'
[0.360s] Level 1:colcon.colcon_core.package_identification:_identify(src) by extension 'ignore_ament_install'
[0.360s] Level 1:colcon.colcon_core.package_identification:_identify(src) by extensions ['colcon_pkg']
[0.360s] Level 1:colcon.colcon_core.package_identification:_identify(src) by extension 'colcon_pkg'
[0.360s] Level 1:colcon.colcon_core.package_identification:_identify(src) by extensions ['colcon_meta']
[0.360s] Level 1:colcon.colcon_core.package_identification:_identify(src) by extension 'colcon_meta'
[0.360s] Level 1:colcon.colcon_core.package_identification:_identify(src) by extensions ['ros']
[0.360s] Level 1:colcon.colcon_core.package_identification:_identify(src) by extension 'ros'
[0.361s] Level 1:colcon.colcon_core.package_identification:_identify(src) by extensions ['cmake', 'python']
[0.361s] Level 1:colcon.colcon_core.package_identification:_identify(src) by extension 'cmake'
[0.361s] Level 1:colcon.colcon_core.package_identification:_identify(src) by extension 'python'
[0.361s] Level 1:colcon.colcon_core.package_identification:_identify(src) by extensions ['python_setup_py']
[0.361s] Level 1:colcon.colcon_core.package_identification:_identify(src) by extension 'python_setup_py'
[0.361s] Level 1:colcon.colcon_core.package_identification:_identify(src/build) by extensions ['ignore', 'ignore_ament_install']
[0.361s] Level 1:colcon.colcon_core.package_identification:_identify(src/build) by extension 'ignore'
[0.361s] Level 1:colcon.colcon_core.package_identification:_identify(src/build) ignored
[0.361s] Level 1:colcon.colcon_core.package_identification:_identify(src/fws_robot_description) by extensions ['ignore', 'ignore_ament_install']
[0.362s] Level 1:colcon.colcon_core.package_identification:_identify(src/fws_robot_description) by extension 'ignore'
[0.362s] Level 1:colcon.colcon_core.package_identification:_identify(src/fws_robot_description) by extension 'ignore_ament_install'
[0.362s] Level 1:colcon.colcon_core.package_identification:_identify(src/fws_robot_description) by extensions ['colcon_pkg']
[0.362s] Level 1:colcon.colcon_core.package_identification:_identify(src/fws_robot_description) by extension 'colcon_pkg'
[0.362s] Level 1:colcon.colcon_core.package_identification:_identify(src/fws_robot_description) by extensions ['colcon_meta']
[0.362s] Level 1:colcon.colcon_core.package_identification:_identify(src/fws_robot_description) by extension 'colcon_meta'
[0.362s] Level 1:colcon.colcon_core.package_identification:_identify(src/fws_robot_description) by extensions ['ros']
[0.362s] Level 1:colcon.colcon_core.package_identification:_identify(src/fws_robot_description) by extension 'ros'
[0.367s] DEBUG:colcon.colcon_core.package_identification:Package 'src/fws_robot_description' with type 'ros.ament_cmake' and name 'fws_robot_description'
[0.367s] Level 1:colcon.colcon_core.package_identification:_identify(src/fws_robot_sim) by extensions ['ignore', 'ignore_ament_install']
[0.367s] Level 1:colcon.colcon_core.package_identification:_identify(src/fws_robot_sim) by extension 'ignore'
[0.367s] Level 1:colcon.colcon_core.package_identification:_identify(src/fws_robot_sim) by extension 'ignore_ament_install'
[0.367s] Level 1:colcon.colcon_core.package_identification:_identify(src/fws_robot_sim) by extensions ['colcon_pkg']
[0.368s] Level 1:colcon.colcon_core.package_identification:_identify(src/fws_robot_sim) by extension 'colcon_pkg'
[0.368s] Level 1:colcon.colcon_core.package_identification:_identify(src/fws_robot_sim) by extensions ['colcon_meta']
[0.368s] Level 1:colcon.colcon_core.package_identification:_identify(src/fws_robot_sim) by extension 'colcon_meta'
[0.368s] Level 1:colcon.colcon_core.package_identification:_identify(src/fws_robot_sim) by extensions ['ros']
[0.368s] Level 1:colcon.colcon_core.package_identification:_identify(src/fws_robot_sim) by extension 'ros'
[0.369s] DEBUG:colcon.colcon_core.package_identification:Package 'src/fws_robot_sim' with type 'ros.ament_cmake' and name 'fws_robot_sim'
[0.370s] Level 1:colcon.colcon_core.package_identification:_identify(src/install) by extensions ['ignore', 'ignore_ament_install']
[0.370s] Level 1:colcon.colcon_core.package_identification:_identify(src/install) by extension 'ignore'
[0.370s] Level 1:colcon.colcon_core.package_identification:_identify(src/install) ignored
[0.371s] Level 1:colcon.colcon_core.package_identification:_identify(src/log) by extensions ['ignore', 'ignore_ament_install']
[0.371s] Level 1:colcon.colcon_core.package_identification:_identify(src/log) by extension 'ignore'
[0.371s] Level 1:colcon.colcon_core.package_identification:_identify(src/log) ignored
[0.371s] Level 1:colcon.colcon_core.package_identification:_identify(src/ros2-keyboard) by extensions ['ignore', 'ignore_ament_install']
[0.371s] Level 1:colcon.colcon_core.package_identification:_identify(src/ros2-keyboard) by extension 'ignore'
[0.371s] Level 1:colcon.colcon_core.package_identification:_identify(src/ros2-keyboard) by extension 'ignore_ament_install'
[0.371s] Level 1:colcon.colcon_core.package_identification:_identify(src/ros2-keyboard) by extensions ['colcon_pkg']
[0.371s] Level 1:colcon.colcon_core.package_identification:_identify(src/ros2-keyboard) by extension 'colcon_pkg'
[0.371s] Level 1:colcon.colcon_core.package_identification:_identify(src/ros2-keyboard) by extensions ['colcon_meta']
[0.371s] Level 1:colcon.colcon_core.package_identification:_identify(src/ros2-keyboard) by extension 'colcon_meta'
[0.372s] Level 1:colcon.colcon_core.package_identification:_identify(src/ros2-keyboard) by extensions ['ros']
[0.372s] Level 1:colcon.colcon_core.package_identification:_identify(src/ros2-keyboard) by extension 'ros'
[0.372s] Level 1:colcon.colcon_core.package_identification:_identify(src/ros2-keyboard) by extensions ['cmake', 'python']
[0.372s] Level 1:colcon.colcon_core.package_identification:_identify(src/ros2-keyboard) by extension 'cmake'
[0.372s] Level 1:colcon.colcon_core.package_identification:_identify(src/ros2-keyboard) by extension 'python'
[0.372s] Level 1:colcon.colcon_core.package_identification:_identify(src/ros2-keyboard) by extensions ['python_setup_py']
[0.372s] Level 1:colcon.colcon_core.package_identification:_identify(src/ros2-keyboard) by extension 'python_setup_py'
[0.372s] Level 1:colcon.colcon_core.package_identification:_identify(src/ros2-keyboard/keyboard) by extensions ['ignore', 'ignore_ament_install']
[0.372s] Level 1:colcon.colcon_core.package_identification:_identify(src/ros2-keyboard/keyboard) by extension 'ignore'
[0.373s] Level 1:colcon.colcon_core.package_identification:_identify(src/ros2-keyboard/keyboard) by extension 'ignore_ament_install'
[0.373s] Level 1:colcon.colcon_core.package_identification:_identify(src/ros2-keyboard/keyboard) by extensions ['colcon_pkg']
[0.373s] Level 1:colcon.colcon_core.package_identification:_identify(src/ros2-keyboard/keyboard) by extension 'colcon_pkg'
[0.373s] Level 1:colcon.colcon_core.package_identification:_identify(src/ros2-keyboard/keyboard) by extensions ['colcon_meta']
[0.373s] Level 1:colcon.colcon_core.package_identification:_identify(src/ros2-keyboard/keyboard) by extension 'colcon_meta'
[0.373s] Level 1:colcon.colcon_core.package_identification:_identify(src/ros2-keyboard/keyboard) by extensions ['ros']
[0.373s] Level 1:colcon.colcon_core.package_identification:_identify(src/ros2-keyboard/keyboard) by extension 'ros'
[0.374s] DEBUG:colcon.colcon_core.package_identification:Package 'src/ros2-keyboard/keyboard' with type 'ros.ament_cmake' and name 'keyboard'
[0.374s] Level 1:colcon.colcon_core.package_identification:_identify(src/ros2-keyboard/keyboard_msgs) by extensions ['ignore', 'ignore_ament_install']
[0.375s] Level 1:colcon.colcon_core.package_identification:_identify(src/ros2-keyboard/keyboard_msgs) by extension 'ignore'
[0.375s] Level 1:colcon.colcon_core.package_identification:_identify(src/ros2-keyboard/keyboard_msgs) by extension 'ignore_ament_install'
[0.375s] Level 1:colcon.colcon_core.package_identification:_identify(src/ros2-keyboard/keyboard_msgs) by extensions ['colcon_pkg']
[0.375s] Level 1:colcon.colcon_core.package_identification:_identify(src/ros2-keyboard/keyboard_msgs) by extension 'colcon_pkg'
[0.375s] Level 1:colcon.colcon_core.package_identification:_identify(src/ros2-keyboard/keyboard_msgs) by extensions ['colcon_meta']
[0.375s] Level 1:colcon.colcon_core.package_identification:_identify(src/ros2-keyboard/keyboard_msgs) by extension 'colcon_meta'
[0.375s] Level 1:colcon.colcon_core.package_identification:_identify(src/ros2-keyboard/keyboard_msgs) by extensions ['ros']
[0.375s] Level 1:colcon.colcon_core.package_identification:_identify(src/ros2-keyboard/keyboard_msgs) by extension 'ros'
[0.376s] DEBUG:colcon.colcon_core.package_identification:Package 'src/ros2-keyboard/keyboard_msgs' with type 'ros.ament_cmake' and name 'keyboard_msgs'
[0.377s] Level 1:colcon.colcon_core.package_identification:_identify(src/velocity_pub) by extensions ['ignore', 'ignore_ament_install']
[0.377s] Level 1:colcon.colcon_core.package_identification:_identify(src/velocity_pub) by extension 'ignore'
[0.377s] Level 1:colcon.colcon_core.package_identification:_identify(src/velocity_pub) by extension 'ignore_ament_install'
[0.377s] Level 1:colcon.colcon_core.package_identification:_identify(src/velocity_pub) by extensions ['colcon_pkg']
[0.377s] Level 1:colcon.colcon_core.package_identification:_identify(src/velocity_pub) by extension 'colcon_pkg'
[0.377s] Level 1:colcon.colcon_core.package_identification:_identify(src/velocity_pub) by extensions ['colcon_meta']
[0.377s] Level 1:colcon.colcon_core.package_identification:_identify(src/velocity_pub) by extension 'colcon_meta'
[0.377s] Level 1:colcon.colcon_core.package_identification:_identify(src/velocity_pub) by extensions ['ros']
[0.377s] Level 1:colcon.colcon_core.package_identification:_identify(src/velocity_pub) by extension 'ros'
[0.378s] DEBUG:colcon.colcon_core.package_identification:Package 'src/velocity_pub' with type 'ros.ament_cmake' and name 'velocity_pub'
[0.378s] Level 1:colcon.colcon_core.package_discovery:discover_packages(recursive) using defaults
[0.378s] Level 1:colcon.colcon_core.package_discovery:discover_packages(ignore) discover
[0.378s] Level 1:colcon.colcon_core.package_discovery:discover_packages(ignore) using defaults
[0.379s] Level 1:colcon.colcon_core.package_discovery:discover_packages(path) discover
[0.379s] Level 1:colcon.colcon_core.package_discovery:discover_packages(path) using defaults
[0.411s] Level 1:colcon.colcon_core.package_discovery:discover_packages(prefix_path) check parameters
[0.411s] Level 1:colcon.colcon_core.package_discovery:discover_packages(prefix_path) discover
[0.417s] DEBUG:colcon.colcon_installed_package_information.package_discovery:Found 361 installed packages in /opt/ros/jazzy
[0.421s] Level 1:colcon.colcon_core.package_discovery:discover_packages(prefix_path) using defaults
[0.530s] Level 5:colcon.colcon_core.verb:set package 'fws_robot_description' build argument 'cmake_args' from command line to 'None'
[0.530s] Level 5:colcon.colcon_core.verb:set package 'fws_robot_description' build argument 'cmake_target' from command line to 'None'
[0.530s] Level 5:colcon.colcon_core.verb:set package 'fws_robot_description' build argument 'cmake_target_skip_unavailable' from command line to 'False'
[0.530s] Level 5:colcon.colcon_core.verb:set package 'fws_robot_description' build argument 'cmake_clean_cache' from command line to 'False'
[0.530s] Level 5:colcon.colcon_core.verb:set package 'fws_robot_description' build argument 'cmake_clean_first' from command line to 'False'
[0.530s] Level 5:colcon.colcon_core.verb:set package 'fws_robot_description' build argument 'cmake_force_configure' from command line to 'False'
[0.530s] Level 5:colcon.colcon_core.verb:set package 'fws_robot_description' build argument 'ament_cmake_args' from command line to 'None'
[0.530s] Level 5:colcon.colcon_core.verb:set package 'fws_robot_description' build argument 'catkin_cmake_args' from command line to 'None'
[0.530s] Level 5:colcon.colcon_core.verb:set package 'fws_robot_description' build argument 'catkin_skip_building_tests' from command line to 'False'
[0.531s] DEBUG:colcon.colcon_core.verb:Building package 'fws_robot_description' with the following arguments: {'ament_cmake_args': None, 'build_base': '/home/admin/Documents/projects/u-tour/pathing/remote-repos/learning/fws_robot_harmonic/build/fws_robot_description', 'catkin_cmake_args': None, 'catkin_skip_building_tests': False, 'cmake_args': None, 'cmake_clean_cache': False, 'cmake_clean_first': False, 'cmake_force_configure': False, 'cmake_target': None, 'cmake_target_skip_unavailable': False, 'install_base': '/home/admin/Documents/projects/u-tour/pathing/remote-repos/learning/fws_robot_harmonic/install/fws_robot_description', 'merge_install': False, 'path': '/home/admin/Documents/projects/u-tour/pathing/remote-repos/learning/fws_robot_harmonic/src/fws_robot_description', 'symlink_install': False, 'test_result_base': None}
[0.531s] Level 5:colcon.colcon_core.verb:set package 'fws_robot_sim' build argument 'cmake_args' from command line to 'None'
[0.531s] Level 5:colcon.colcon_core.verb:set package 'fws_robot_sim' build argument 'cmake_target' from command line to 'None'
[0.531s] Level 5:colcon.colcon_core.verb:set package 'fws_robot_sim' build argument 'cmake_target_skip_unavailable' from command line to 'False'
[0.531s] Level 5:colcon.colcon_core.verb:set package 'fws_robot_sim' build argument 'cmake_clean_cache' from command line to 'False'
[0.531s] Level 5:colcon.colcon_core.verb:set package 'fws_robot_sim' build argument 'cmake_clean_first' from command line to 'False'
[0.531s] Level 5:colcon.colcon_core.verb:set package 'fws_robot_sim' build argument 'cmake_force_configure' from command line to 'False'
[0.531s] Level 5:colcon.colcon_core.verb:set package 'fws_robot_sim' build argument 'ament_cmake_args' from command line to 'None'
[0.532s] Level 5:colcon.colcon_core.verb:set package 'fws_robot_sim' build argument 'catkin_cmake_args' from command line to 'None'
[0.532s] Level 5:colcon.colcon_core.verb:set package 'fws_robot_sim' build argument 'catkin_skip_building_tests' from command line to 'False'
[0.532s] DEBUG:colcon.colcon_core.verb:Building package 'fws_robot_sim' with the following arguments: {'ament_cmake_args': None, 'build_base': '/home/admin/Documents/projects/u-tour/pathing/remote-repos/learning/fws_robot_harmonic/build/fws_robot_sim', 'catkin_cmake_args': None, 'catkin_skip_building_tests': False, 'cmake_args': None, 'cmake_clean_cache': False, 'cmake_clean_first': False, 'cmake_force_configure': False, 'cmake_target': None, 'cmake_target_skip_unavailable': False, 'install_base': '/home/admin/Documents/projects/u-tour/pathing/remote-repos/learning/fws_robot_harmonic/install/fws_robot_sim', 'merge_install': False, 'path': '/home/admin/Documents/projects/u-tour/pathing/remote-repos/learning/fws_robot_harmonic/src/fws_robot_sim', 'symlink_install': False, 'test_result_base': None}
[0.532s] Level 5:colcon.colcon_core.verb:set package 'keyboard_msgs' build argument 'cmake_args' from command line to 'None'
[0.532s] Level 5:colcon.colcon_core.verb:set package 'keyboard_msgs' build argument 'cmake_target' from command line to 'None'
[0.532s] Level 5:colcon.colcon_core.verb:set package 'keyboard_msgs' build argument 'cmake_target_skip_unavailable' from command line to 'False'
[0.532s] Level 5:colcon.colcon_core.verb:set package 'keyboard_msgs' build argument 'cmake_clean_cache' from command line to 'False'
[0.532s] Level 5:colcon.colcon_core.verb:set package 'keyboard_msgs' build argument 'cmake_clean_first' from command line to 'False'
[0.533s] Level 5:colcon.colcon_core.verb:set package 'keyboard_msgs' build argument 'cmake_force_configure' from command line to 'False'
[0.533s] Level 5:colcon.colcon_core.verb:set package 'keyboard_msgs' build argument 'ament_cmake_args' from command line to 'None'
[0.533s] Level 5:colcon.colcon_core.verb:set package 'keyboard_msgs' build argument 'catkin_cmake_args' from command line to 'None'
[0.533s] Level 5:colcon.colcon_core.verb:set package 'keyboard_msgs' build argument 'catkin_skip_building_tests' from command line to 'False'
[0.533s] DEBUG:colcon.colcon_core.verb:Building package 'keyboard_msgs' with the following arguments: {'ament_cmake_args': None, 'build_base': '/home/admin/Documents/projects/u-tour/pathing/remote-repos/learning/fws_robot_harmonic/build/keyboard_msgs', 'catkin_cmake_args': None, 'catkin_skip_building_tests': False, 'cmake_args': None, 'cmake_clean_cache': False, 'cmake_clean_first': False, 'cmake_force_configure': False, 'cmake_target': None, 'cmake_target_skip_unavailable': False, 'install_base': '/home/admin/Documents/projects/u-tour/pathing/remote-repos/learning/fws_robot_harmonic/install/keyboard_msgs', 'merge_install': False, 'path': '/home/admin/Documents/projects/u-tour/pathing/remote-repos/learning/fws_robot_harmonic/src/ros2-keyboard/keyboard_msgs', 'symlink_install': False, 'test_result_base': None}
[0.533s] Level 5:colcon.colcon_core.verb:set package 'velocity_pub' build argument 'cmake_args' from command line to 'None'
[0.533s] Level 5:colcon.colcon_core.verb:set package 'velocity_pub' build argument 'cmake_target' from command line to 'None'
[0.533s] Level 5:colcon.colcon_core.verb:set package 'velocity_pub' build argument 'cmake_target_skip_unavailable' from command line to 'False'
[0.533s] Level 5:colcon.colcon_core.verb:set package 'velocity_pub' build argument 'cmake_clean_cache' from command line to 'False'
[0.533s] Level 5:colcon.colcon_core.verb:set package 'velocity_pub' build argument 'cmake_clean_first' from command line to 'False'
[0.534s] Level 5:colcon.colcon_core.verb:set package 'velocity_pub' build argument 'cmake_force_configure' from command line to 'False'
[0.534s] Level 5:colcon.colcon_core.verb:set package 'velocity_pub' build argument 'ament_cmake_args' from command line to 'None'
[0.534s] Level 5:colcon.colcon_core.verb:set package 'velocity_pub' build argument 'catkin_cmake_args' from command line to 'None'
[0.534s] Level 5:colcon.colcon_core.verb:set package 'velocity_pub' build argument 'catkin_skip_building_tests' from command line to 'False'
[0.534s] DEBUG:colcon.colcon_core.verb:Building package 'velocity_pub' with the following arguments: {'ament_cmake_args': None, 'build_base': '/home/admin/Documents/projects/u-tour/pathing/remote-repos/learning/fws_robot_harmonic/build/velocity_pub', 'catkin_cmake_args': None, 'catkin_skip_building_tests': False, 'cmake_args': None, 'cmake_clean_cache': False, 'cmake_clean_first': False, 'cmake_force_configure': False, 'cmake_target': None, 'cmake_target_skip_unavailable': False, 'install_base': '/home/admin/Documents/projects/u-tour/pathing/remote-repos/learning/fws_robot_harmonic/install/velocity_pub', 'merge_install': False, 'path': '/home/admin/Documents/projects/u-tour/pathing/remote-repos/learning/fws_robot_harmonic/src/velocity_pub', 'symlink_install': False, 'test_result_base': None}
[0.534s] Level 5:colcon.colcon_core.verb:set package 'keyboard' build argument 'cmake_args' from command line to 'None'
[0.534s] Level 5:colcon.colcon_core.verb:set package 'keyboard' build argument 'cmake_target' from command line to 'None'
[0.534s] Level 5:colcon.colcon_core.verb:set package 'keyboard' build argument 'cmake_target_skip_unavailable' from command line to 'False'
[0.534s] Level 5:colcon.colcon_core.verb:set package 'keyboard' build argument 'cmake_clean_cache' from command line to 'False'
[0.534s] Level 5:colcon.colcon_core.verb:set package 'keyboard' build argument 'cmake_clean_first' from command line to 'False'
[0.535s] Level 5:colcon.colcon_core.verb:set package 'keyboard' build argument 'cmake_force_configure' from command line to 'False'
[0.535s] Level 5:colcon.colcon_core.verb:set package 'keyboard' build argument 'ament_cmake_args' from command line to 'None'
[0.535s] Level 5:colcon.colcon_core.verb:set package 'keyboard' build argument 'catkin_cmake_args' from command line to 'None'
[0.535s] Level 5:colcon.colcon_core.verb:set package 'keyboard' build argument 'catkin_skip_building_tests' from command line to 'False'
[0.535s] DEBUG:colcon.colcon_core.verb:Building package 'keyboard' with the following arguments: {'ament_cmake_args': None, 'build_base': '/home/admin/Documents/projects/u-tour/pathing/remote-repos/learning/fws_robot_harmonic/build/keyboard', 'catkin_cmake_args': None, 'catkin_skip_building_tests': False, 'cmake_args': None, 'cmake_clean_cache': False, 'cmake_clean_first': False, 'cmake_force_configure': False, 'cmake_target': None, 'cmake_target_skip_unavailable': False, 'install_base': '/home/admin/Documents/projects/u-tour/pathing/remote-repos/learning/fws_robot_harmonic/install/keyboard', 'merge_install': False, 'path': '/home/admin/Documents/projects/u-tour/pathing/remote-repos/learning/fws_robot_harmonic/src/ros2-keyboard/keyboard', 'symlink_install': False, 'test_result_base': None}
[0.535s] INFO:colcon.colcon_core.executor:Executing jobs using 'parallel' executor
[0.536s] DEBUG:colcon.colcon_parallel_executor.executor.parallel:run_until_complete
[0.537s] INFO:colcon.colcon_ros.task.ament_cmake.build:Building ROS package in '/home/admin/Documents/projects/u-tour/pathing/remote-repos/learning/fws_robot_harmonic/src/ros2-keyboard/keyboard_msgs' with build type 'ament_cmake'
[0.537s] INFO:colcon.colcon_cmake.task.cmake.build:Building CMake package in '/home/admin/Documents/projects/u-tour/pathing/remote-repos/learning/fws_robot_harmonic/src/ros2-keyboard/keyboard_msgs'
[0.541s] INFO:colcon.colcon_core.plugin_system:Skipping extension 'colcon_core.shell.bat': Not used on non-Windows systems
[0.541s] INFO:colcon.colcon_core.shell:Skip shell extension 'powershell' for command environment: Not usable outside of PowerShell
[0.542s] DEBUG:colcon.colcon_core.shell:Skip shell extension 'dsv' for command environment
[0.550s] INFO:colcon.colcon_ros.task.ament_cmake.build:Building ROS package in '/home/admin/Documents/projects/u-tour/pathing/remote-repos/learning/fws_robot_harmonic/src/fws_robot_description' with build type 'ament_cmake'
[0.550s] INFO:colcon.colcon_cmake.task.cmake.build:Building CMake package in '/home/admin/Documents/projects/u-tour/pathing/remote-repos/learning/fws_robot_harmonic/src/fws_robot_description'
[0.550s] INFO:colcon.colcon_core.shell:Skip shell extension 'powershell' for command environment: Not usable outside of PowerShell
[0.551s] DEBUG:colcon.colcon_core.shell:Skip shell extension 'dsv' for command environment
[0.559s] INFO:colcon.colcon_ros.task.ament_cmake.build:Building ROS package in '/home/admin/Documents/projects/u-tour/pathing/remote-repos/learning/fws_robot_harmonic/src/fws_robot_sim' with build type 'ament_cmake'
[0.559s] INFO:colcon.colcon_cmake.task.cmake.build:Building CMake package in '/home/admin/Documents/projects/u-tour/pathing/remote-repos/learning/fws_robot_harmonic/src/fws_robot_sim'
[0.559s] INFO:colcon.colcon_core.shell:Skip shell extension 'powershell' for command environment: Not usable outside of PowerShell
[0.560s] DEBUG:colcon.colcon_core.shell:Skip shell extension 'dsv' for command environment
[0.568s] INFO:colcon.colcon_ros.task.ament_cmake.build:Building ROS package in '/home/admin/Documents/projects/u-tour/pathing/remote-repos/learning/fws_robot_harmonic/src/velocity_pub' with build type 'ament_cmake'
[0.568s] INFO:colcon.colcon_cmake.task.cmake.build:Building CMake package in '/home/admin/Documents/projects/u-tour/pathing/remote-repos/learning/fws_robot_harmonic/src/velocity_pub'
[0.568s] INFO:colcon.colcon_core.shell:Skip shell extension 'powershell' for command environment: Not usable outside of PowerShell
[0.569s] DEBUG:colcon.colcon_core.shell:Skip shell extension 'dsv' for command environment
[0.588s] DEBUG:colcon.colcon_core.event_handler.log_command:Invoking command in '/home/admin/Documents/projects/u-tour/pathing/remote-repos/learning/fws_robot_harmonic/build/keyboard_msgs': CMAKE_PREFIX_PATH=${CMAKE_PREFIX_PATH}:/opt/ros/jazzy DEBUGINFOD_URLS=https://debuginfod.ubuntu.com /usr/bin/cmake --build /home/admin/Documents/projects/u-tour/pathing/remote-repos/learning/fws_robot_harmonic/build/keyboard_msgs -- -j6 -l6
[0.593s] DEBUG:colcon.colcon_core.event_handler.log_command:Invoking command in '/home/admin/Documents/projects/u-tour/pathing/remote-repos/learning/fws_robot_harmonic/build/fws_robot_description': CMAKE_PREFIX_PATH=${CMAKE_PREFIX_PATH}:/opt/ros/jazzy DEBUGINFOD_URLS=https://debuginfod.ubuntu.com /usr/bin/cmake --build /home/admin/Documents/projects/u-tour/pathing/remote-repos/learning/fws_robot_harmonic/build/fws_robot_description -- -j6 -l6
[0.602s] DEBUG:colcon.colcon_core.event_handler.log_command:Invoking command in '/home/admin/Documents/projects/u-tour/pathing/remote-repos/learning/fws_robot_harmonic/build/fws_robot_sim': CMAKE_PREFIX_PATH=${CMAKE_PREFIX_PATH}:/opt/ros/jazzy DEBUGINFOD_URLS=https://debuginfod.ubuntu.com /usr/bin/cmake --build /home/admin/Documents/projects/u-tour/pathing/remote-repos/learning/fws_robot_harmonic/build/fws_robot_sim -- -j6 -l6
[0.607s] DEBUG:colcon.colcon_core.event_handler.log_command:Invoking command in '/home/admin/Documents/projects/u-tour/pathing/remote-repos/learning/fws_robot_harmonic/build/velocity_pub': CMAKE_PREFIX_PATH=${CMAKE_PREFIX_PATH}:/opt/ros/jazzy DEBUGINFOD_URLS=https://debuginfod.ubuntu.com /usr/bin/cmake --build /home/admin/Documents/projects/u-tour/pathing/remote-repos/learning/fws_robot_harmonic/build/velocity_pub -- -j6 -l6
[0.687s] DEBUG:colcon.colcon_core.event_handler.log_command:Invoked command in '/home/admin/Documents/projects/u-tour/pathing/remote-repos/learning/fws_robot_harmonic/build/fws_robot_sim' returned '0': CMAKE_PREFIX_PATH=${CMAKE_PREFIX_PATH}:/opt/ros/jazzy DEBUGINFOD_URLS=https://debuginfod.ubuntu.com /usr/bin/cmake --build /home/admin/Documents/projects/u-tour/pathing/remote-repos/learning/fws_robot_harmonic/build/fws_robot_sim -- -j6 -l6
[0.692s] DEBUG:colcon.colcon_core.event_handler.log_command:Invoked command in '/home/admin/Documents/projects/u-tour/pathing/remote-repos/learning/fws_robot_harmonic/build/fws_robot_description' returned '0': CMAKE_PREFIX_PATH=${CMAKE_PREFIX_PATH}:/opt/ros/jazzy DEBUGINFOD_URLS=https://debuginfod.ubuntu.com /usr/bin/cmake --build /home/admin/Documents/projects/u-tour/pathing/remote-repos/learning/fws_robot_harmonic/build/fws_robot_description -- -j6 -l6
[0.700s] DEBUG:colcon.colcon_core.event_handler.log_command:Invoked command in '/home/admin/Documents/projects/u-tour/pathing/remote-repos/learning/fws_robot_harmonic/build/velocity_pub' returned '0': CMAKE_PREFIX_PATH=${CMAKE_PREFIX_PATH}:/opt/ros/jazzy DEBUGINFOD_URLS=https://debuginfod.ubuntu.com /usr/bin/cmake --build /home/admin/Documents/projects/u-tour/pathing/remote-repos/learning/fws_robot_harmonic/build/velocity_pub -- -j6 -l6
[0.773s] DEBUG:colcon.colcon_core.event_handler.log_command:Invoking command in '/home/admin/Documents/projects/u-tour/pathing/remote-repos/learning/fws_robot_harmonic/build/fws_robot_sim': CMAKE_PREFIX_PATH=${CMAKE_PREFIX_PATH}:/opt/ros/jazzy DEBUGINFOD_URLS=https://debuginfod.ubuntu.com /usr/bin/cmake --install /home/admin/Documents/projects/u-tour/pathing/remote-repos/learning/fws_robot_harmonic/build/fws_robot_sim
[0.781s] DEBUG:colcon.colcon_core.event_handler.log_command:Invoking command in '/home/admin/Documents/projects/u-tour/pathing/remote-repos/learning/fws_robot_harmonic/build/fws_robot_description': CMAKE_PREFIX_PATH=${CMAKE_PREFIX_PATH}:/opt/ros/jazzy DEBUGINFOD_URLS=https://debuginfod.ubuntu.com /usr/bin/cmake --install /home/admin/Documents/projects/u-tour/pathing/remote-repos/learning/fws_robot_harmonic/build/fws_robot_description
[0.785s] DEBUG:colcon.colcon_core.event_handler.log_command:Invoking command in '/home/admin/Documents/projects/u-tour/pathing/remote-repos/learning/fws_robot_harmonic/build/velocity_pub': CMAKE_PREFIX_PATH=${CMAKE_PREFIX_PATH}:/opt/ros/jazzy DEBUGINFOD_URLS=https://debuginfod.ubuntu.com /usr/bin/cmake --install /home/admin/Documents/projects/u-tour/pathing/remote-repos/learning/fws_robot_harmonic/build/velocity_pub
[0.825s] Level 1:colcon.colcon_core.environment:create_environment_scripts_only(fws_robot_description)
[0.845s] Level 1:colcon.colcon_core.environment:checking '/home/admin/Documents/projects/u-tour/pathing/remote-repos/learning/fws_robot_harmonic/install/fws_robot_description' for CMake module files
[0.851s] Level 1:colcon.colcon_core.environment:checking '/home/admin/Documents/projects/u-tour/pathing/remote-repos/learning/fws_robot_harmonic/install/fws_robot_description' for CMake config files
[0.852s] Level 1:colcon.colcon_core.shell:create_environment_hook('fws_robot_description', 'cmake_prefix_path')
[0.853s] INFO:colcon.colcon_core.shell:Creating environment hook '/home/admin/Documents/projects/u-tour/pathing/remote-repos/learning/fws_robot_harmonic/install/fws_robot_description/share/fws_robot_description/hook/cmake_prefix_path.ps1'
[0.858s] INFO:colcon.colcon_core.shell:Creating environment descriptor '/home/admin/Documents/projects/u-tour/pathing/remote-repos/learning/fws_robot_harmonic/install/fws_robot_description/share/fws_robot_description/hook/cmake_prefix_path.dsv'
[0.861s] INFO:colcon.colcon_core.shell:Creating environment hook '/home/admin/Documents/projects/u-tour/pathing/remote-repos/learning/fws_robot_harmonic/install/fws_robot_description/share/fws_robot_description/hook/cmake_prefix_path.sh'
[0.867s] Level 1:colcon.colcon_core.environment:checking '/home/admin/Documents/projects/u-tour/pathing/remote-repos/learning/fws_robot_harmonic/install/fws_robot_description/bin'
[0.867s] Level 1:colcon.colcon_core.environment:checking '/home/admin/Documents/projects/u-tour/pathing/remote-repos/learning/fws_robot_harmonic/install/fws_robot_description/lib/pkgconfig/fws_robot_description.pc'
[0.868s] Level 1:colcon.colcon_core.environment:checking '/home/admin/Documents/projects/u-tour/pathing/remote-repos/learning/fws_robot_harmonic/install/fws_robot_description/lib/python3.12/site-packages'
[0.868s] Level 1:colcon.colcon_core.environment:checking '/home/admin/Documents/projects/u-tour/pathing/remote-repos/learning/fws_robot_harmonic/install/fws_robot_description/bin'
[0.870s] INFO:colcon.colcon_core.shell:Creating package script '/home/admin/Documents/projects/u-tour/pathing/remote-repos/learning/fws_robot_harmonic/install/fws_robot_description/share/fws_robot_description/package.ps1'
[0.873s] INFO:colcon.colcon_core.shell:Creating package descriptor '/home/admin/Documents/projects/u-tour/pathing/remote-repos/learning/fws_robot_harmonic/install/fws_robot_description/share/fws_robot_description/package.dsv'
[0.878s] INFO:colcon.colcon_core.shell:Creating package script '/home/admin/Documents/projects/u-tour/pathing/remote-repos/learning/fws_robot_harmonic/install/fws_robot_description/share/fws_robot_description/package.sh'
[0.880s] INFO:colcon.colcon_core.shell:Creating package script '/home/admin/Documents/projects/u-tour/pathing/remote-repos/learning/fws_robot_harmonic/install/fws_robot_description/share/fws_robot_description/package.bash'
[0.881s] INFO:colcon.colcon_core.shell:Creating package script '/home/admin/Documents/projects/u-tour/pathing/remote-repos/learning/fws_robot_harmonic/install/fws_robot_description/share/fws_robot_description/package.zsh'
[0.884s] DEBUG:colcon.colcon_core.event_handler.log_command:Invoked command in '/home/admin/Documents/projects/u-tour/pathing/remote-repos/learning/fws_robot_harmonic/build/fws_robot_description' returned '0': CMAKE_PREFIX_PATH=${CMAKE_PREFIX_PATH}:/opt/ros/jazzy DEBUGINFOD_URLS=https://debuginfod.ubuntu.com /usr/bin/cmake --install /home/admin/Documents/projects/u-tour/pathing/remote-repos/learning/fws_robot_harmonic/build/fws_robot_description
[0.890s] Level 1:colcon.colcon_core.environment:create_file_with_runtime_dependencies(/home/admin/Documents/projects/u-tour/pathing/remote-repos/learning/fws_robot_harmonic/install/fws_robot_description/share/colcon-core/packages/fws_robot_description)
[0.894s] Level 1:colcon.colcon_core.environment:create_environment_scripts_only(fws_robot_sim)
[0.895s] Level 1:colcon.colcon_core.environment:checking '/home/admin/Documents/projects/u-tour/pathing/remote-repos/learning/fws_robot_harmonic/install/fws_robot_sim' for CMake module files
[0.900s] Level 1:colcon.colcon_core.environment:checking '/home/admin/Documents/projects/u-tour/pathing/remote-repos/learning/fws_robot_harmonic/install/fws_robot_sim' for CMake config files
[0.902s] Level 1:colcon.colcon_core.shell:create_environment_hook('fws_robot_sim', 'cmake_prefix_path')
[0.902s] INFO:colcon.colcon_core.shell:Creating environment hook '/home/admin/Documents/projects/u-tour/pathing/remote-repos/learning/fws_robot_harmonic/install/fws_robot_sim/share/fws_robot_sim/hook/cmake_prefix_path.ps1'
[0.903s] INFO:colcon.colcon_core.shell:Creating environment descriptor '/home/admin/Documents/projects/u-tour/pathing/remote-repos/learning/fws_robot_harmonic/install/fws_robot_sim/share/fws_robot_sim/hook/cmake_prefix_path.dsv'
[0.904s] INFO:colcon.colcon_core.shell:Creating environment hook '/home/admin/Documents/projects/u-tour/pathing/remote-repos/learning/fws_robot_harmonic/install/fws_robot_sim/share/fws_robot_sim/hook/cmake_prefix_path.sh'
[0.905s] Level 1:colcon.colcon_core.environment:checking '/home/admin/Documents/projects/u-tour/pathing/remote-repos/learning/fws_robot_harmonic/install/fws_robot_sim/bin'
[0.905s] Level 1:colcon.colcon_core.environment:checking '/home/admin/Documents/projects/u-tour/pathing/remote-repos/learning/fws_robot_harmonic/install/fws_robot_sim/lib/pkgconfig/fws_robot_sim.pc'
[0.906s] Level 1:colcon.colcon_core.environment:checking '/home/admin/Documents/projects/u-tour/pathing/remote-repos/learning/fws_robot_harmonic/install/fws_robot_sim/lib/python3.12/site-packages'
[0.909s] Level 1:colcon.colcon_core.environment:checking '/home/admin/Documents/projects/u-tour/pathing/remote-repos/learning/fws_robot_harmonic/install/fws_robot_sim/bin'
[0.909s] DEBUG:colcon.colcon_core.event_handler.log_command:Invoked command in '/home/admin/Documents/projects/u-tour/pathing/remote-repos/learning/fws_robot_harmonic/build/fws_robot_sim' returned '0': CMAKE_PREFIX_PATH=${CMAKE_PREFIX_PATH}:/opt/ros/jazzy DEBUGINFOD_URLS=https://debuginfod.ubuntu.com /usr/bin/cmake --install /home/admin/Documents/projects/u-tour/pathing/remote-repos/learning/fws_robot_harmonic/build/fws_robot_sim
[0.910s] INFO:colcon.colcon_core.shell:Creating package script '/home/admin/Documents/projects/u-tour/pathing/remote-repos/learning/fws_robot_harmonic/install/fws_robot_sim/share/fws_robot_sim/package.ps1'
[0.911s] INFO:colcon.colcon_core.shell:Creating package descriptor '/home/admin/Documents/projects/u-tour/pathing/remote-repos/learning/fws_robot_harmonic/install/fws_robot_sim/share/fws_robot_sim/package.dsv'
[0.912s] INFO:colcon.colcon_core.shell:Creating package script '/home/admin/Documents/projects/u-tour/pathing/remote-repos/learning/fws_robot_harmonic/install/fws_robot_sim/share/fws_robot_sim/package.sh'
[0.914s] INFO:colcon.colcon_core.shell:Creating package script '/home/admin/Documents/projects/u-tour/pathing/remote-repos/learning/fws_robot_harmonic/install/fws_robot_sim/share/fws_robot_sim/package.bash'
[0.914s] INFO:colcon.colcon_core.shell:Creating package script '/home/admin/Documents/projects/u-tour/pathing/remote-repos/learning/fws_robot_harmonic/install/fws_robot_sim/share/fws_robot_sim/package.zsh'
[0.915s] Level 1:colcon.colcon_core.environment:create_file_with_runtime_dependencies(/home/admin/Documents/projects/u-tour/pathing/remote-repos/learning/fws_robot_harmonic/install/fws_robot_sim/share/colcon-core/packages/fws_robot_sim)
[0.920s] Level 1:colcon.colcon_core.environment:create_environment_scripts_only(velocity_pub)
[0.921s] DEBUG:colcon.colcon_core.event_handler.log_command:Invoked command in '/home/admin/Documents/projects/u-tour/pathing/remote-repos/learning/fws_robot_harmonic/build/velocity_pub' returned '0': CMAKE_PREFIX_PATH=${CMAKE_PREFIX_PATH}:/opt/ros/jazzy DEBUGINFOD_URLS=https://debuginfod.ubuntu.com /usr/bin/cmake --install /home/admin/Documents/projects/u-tour/pathing/remote-repos/learning/fws_robot_harmonic/build/velocity_pub
[0.922s] Level 1:colcon.colcon_core.environment:checking '/home/admin/Documents/projects/u-tour/pathing/remote-repos/learning/fws_robot_harmonic/install/velocity_pub' for CMake module files
[0.924s] Level 1:colcon.colcon_core.environment:checking '/home/admin/Documents/projects/u-tour/pathing/remote-repos/learning/fws_robot_harmonic/install/velocity_pub' for CMake config files
[0.924s] Level 1:colcon.colcon_core.shell:create_environment_hook('velocity_pub', 'cmake_prefix_path')
[0.925s] INFO:colcon.colcon_core.shell:Creating environment hook '/home/admin/Documents/projects/u-tour/pathing/remote-repos/learning/fws_robot_harmonic/install/velocity_pub/share/velocity_pub/hook/cmake_prefix_path.ps1'
[0.926s] INFO:colcon.colcon_core.shell:Creating environment descriptor '/home/admin/Documents/projects/u-tour/pathing/remote-repos/learning/fws_robot_harmonic/install/velocity_pub/share/velocity_pub/hook/cmake_prefix_path.dsv'
[0.927s] INFO:colcon.colcon_core.shell:Creating environment hook '/home/admin/Documents/projects/u-tour/pathing/remote-repos/learning/fws_robot_harmonic/install/velocity_pub/share/velocity_pub/hook/cmake_prefix_path.sh'
[0.928s] Level 1:colcon.colcon_core.environment:checking '/home/admin/Documents/projects/u-tour/pathing/remote-repos/learning/fws_robot_harmonic/install/velocity_pub/lib'
[0.928s] Level 1:colcon.colcon_core.environment:checking '/home/admin/Documents/projects/u-tour/pathing/remote-repos/learning/fws_robot_harmonic/install/velocity_pub/bin'
[0.928s] Level 1:colcon.colcon_core.environment:checking '/home/admin/Documents/projects/u-tour/pathing/remote-repos/learning/fws_robot_harmonic/install/velocity_pub/lib/pkgconfig/velocity_pub.pc'
[0.929s] Level 1:colcon.colcon_core.environment:checking '/home/admin/Documents/projects/u-tour/pathing/remote-repos/learning/fws_robot_harmonic/install/velocity_pub/lib/python3.12/site-packages'
[0.931s] Level 1:colcon.colcon_core.environment:checking '/home/admin/Documents/projects/u-tour/pathing/remote-repos/learning/fws_robot_harmonic/install/velocity_pub/bin'
[0.932s] INFO:colcon.colcon_core.shell:Creating package script '/home/admin/Documents/projects/u-tour/pathing/remote-repos/learning/fws_robot_harmonic/install/velocity_pub/share/velocity_pub/package.ps1'
[0.933s] INFO:colcon.colcon_core.shell:Creating package descriptor '/home/admin/Documents/projects/u-tour/pathing/remote-repos/learning/fws_robot_harmonic/install/velocity_pub/share/velocity_pub/package.dsv'
[0.933s] INFO:colcon.colcon_core.shell:Creating package script '/home/admin/Documents/projects/u-tour/pathing/remote-repos/learning/fws_robot_harmonic/install/velocity_pub/share/velocity_pub/package.sh'
[0.934s] INFO:colcon.colcon_core.shell:Creating package script '/home/admin/Documents/projects/u-tour/pathing/remote-repos/learning/fws_robot_harmonic/install/velocity_pub/share/velocity_pub/package.bash'
[0.935s] INFO:colcon.colcon_core.shell:Creating package script '/home/admin/Documents/projects/u-tour/pathing/remote-repos/learning/fws_robot_harmonic/install/velocity_pub/share/velocity_pub/package.zsh'
[0.936s] Level 1:colcon.colcon_core.environment:create_file_with_runtime_dependencies(/home/admin/Documents/projects/u-tour/pathing/remote-repos/learning/fws_robot_harmonic/install/velocity_pub/share/colcon-core/packages/velocity_pub)
[0.987s] Level 1:colcon.colcon_core.environment:create_environment_scripts_only(fws_robot_description)
[0.987s] Level 1:colcon.colcon_core.environment:checking '/home/admin/Documents/projects/u-tour/pathing/remote-repos/learning/fws_robot_harmonic/install/fws_robot_description' for CMake module files
[0.990s] Level 1:colcon.colcon_core.environment:checking '/home/admin/Documents/projects/u-tour/pathing/remote-repos/learning/fws_robot_harmonic/install/fws_robot_description' for CMake config files
[0.991s] Level 1:colcon.colcon_core.shell:create_environment_hook('fws_robot_description', 'cmake_prefix_path')
[0.991s] INFO:colcon.colcon_core.shell:Creating environment hook '/home/admin/Documents/projects/u-tour/pathing/remote-repos/learning/fws_robot_harmonic/install/fws_robot_description/share/fws_robot_description/hook/cmake_prefix_path.ps1'
[0.992s] INFO:colcon.colcon_core.shell:Creating environment descriptor '/home/admin/Documents/projects/u-tour/pathing/remote-repos/learning/fws_robot_harmonic/install/fws_robot_description/share/fws_robot_description/hook/cmake_prefix_path.dsv'
[0.993s] INFO:colcon.colcon_core.shell:Creating environment hook '/home/admin/Documents/projects/u-tour/pathing/remote-repos/learning/fws_robot_harmonic/install/fws_robot_description/share/fws_robot_description/hook/cmake_prefix_path.sh'
[0.994s] Level 1:colcon.colcon_core.environment:checking '/home/admin/Documents/projects/u-tour/pathing/remote-repos/learning/fws_robot_harmonic/install/fws_robot_description/bin'
[0.994s] Level 1:colcon.colcon_core.environment:checking '/home/admin/Documents/projects/u-tour/pathing/remote-repos/learning/fws_robot_harmonic/install/fws_robot_description/lib/pkgconfig/fws_robot_description.pc'
[0.995s] Level 1:colcon.colcon_core.environment:checking '/home/admin/Documents/projects/u-tour/pathing/remote-repos/learning/fws_robot_harmonic/install/fws_robot_description/lib/python3.12/site-packages'
[0.995s] Level 1:colcon.colcon_core.environment:checking '/home/admin/Documents/projects/u-tour/pathing/remote-repos/learning/fws_robot_harmonic/install/fws_robot_description/bin'
[0.996s] INFO:colcon.colcon_core.shell:Creating package script '/home/admin/Documents/projects/u-tour/pathing/remote-repos/learning/fws_robot_harmonic/install/fws_robot_description/share/fws_robot_description/package.ps1'
[0.997s] INFO:colcon.colcon_core.shell:Creating package descriptor '/home/admin/Documents/projects/u-tour/pathing/remote-repos/learning/fws_robot_harmonic/install/fws_robot_description/share/fws_robot_description/package.dsv'
[0.998s] INFO:colcon.colcon_core.shell:Creating package script '/home/admin/Documents/projects/u-tour/pathing/remote-repos/learning/fws_robot_harmonic/install/fws_robot_description/share/fws_robot_description/package.sh'
[0.999s] INFO:colcon.colcon_core.shell:Creating package script '/home/admin/Documents/projects/u-tour/pathing/remote-repos/learning/fws_robot_harmonic/install/fws_robot_description/share/fws_robot_description/package.bash'
[1.000s] INFO:colcon.colcon_core.shell:Creating package script '/home/admin/Documents/projects/u-tour/pathing/remote-repos/learning/fws_robot_harmonic/install/fws_robot_description/share/fws_robot_description/package.zsh'
[1.001s] Level 1:colcon.colcon_core.environment:create_file_with_runtime_dependencies(/home/admin/Documents/projects/u-tour/pathing/remote-repos/learning/fws_robot_harmonic/install/fws_robot_description/share/colcon-core/packages/fws_robot_description)
[1.015s] Level 1:colcon.colcon_core.environment:create_environment_scripts_only(fws_robot_sim)
[1.016s] Level 1:colcon.colcon_core.environment:checking '/home/admin/Documents/projects/u-tour/pathing/remote-repos/learning/fws_robot_harmonic/install/fws_robot_sim' for CMake module files
[1.020s] Level 1:colcon.colcon_core.environment:checking '/home/admin/Documents/projects/u-tour/pathing/remote-repos/learning/fws_robot_harmonic/install/fws_robot_sim' for CMake config files
[1.021s] Level 1:colcon.colcon_core.shell:create_environment_hook('fws_robot_sim', 'cmake_prefix_path')
[1.022s] INFO:colcon.colcon_core.shell:Creating environment hook '/home/admin/Documents/projects/u-tour/pathing/remote-repos/learning/fws_robot_harmonic/install/fws_robot_sim/share/fws_robot_sim/hook/cmake_prefix_path.ps1'
[1.023s] INFO:colcon.colcon_core.shell:Creating environment descriptor '/home/admin/Documents/projects/u-tour/pathing/remote-repos/learning/fws_robot_harmonic/install/fws_robot_sim/share/fws_robot_sim/hook/cmake_prefix_path.dsv'
[1.023s] INFO:colcon.colcon_core.shell:Creating environment hook '/home/admin/Documents/projects/u-tour/pathing/remote-repos/learning/fws_robot_harmonic/install/fws_robot_sim/share/fws_robot_sim/hook/cmake_prefix_path.sh'
[1.025s] Level 1:colcon.colcon_core.environment:checking '/home/admin/Documents/projects/u-tour/pathing/remote-repos/learning/fws_robot_harmonic/install/fws_robot_sim/bin'
[1.025s] Level 1:colcon.colcon_core.environment:checking '/home/admin/Documents/projects/u-tour/pathing/remote-repos/learning/fws_robot_harmonic/install/fws_robot_sim/lib/pkgconfig/fws_robot_sim.pc'
[1.026s] Level 1:colcon.colcon_core.environment:checking '/home/admin/Documents/projects/u-tour/pathing/remote-repos/learning/fws_robot_harmonic/install/fws_robot_sim/lib/python3.12/site-packages'
[1.026s] Level 1:colcon.colcon_core.environment:checking '/home/admin/Documents/projects/u-tour/pathing/remote-repos/learning/fws_robot_harmonic/install/fws_robot_sim/bin'
[1.027s] INFO:colcon.colcon_core.shell:Creating package script '/home/admin/Documents/projects/u-tour/pathing/remote-repos/learning/fws_robot_harmonic/install/fws_robot_sim/share/fws_robot_sim/package.ps1'
[1.028s] INFO:colcon.colcon_core.shell:Creating package descriptor '/home/admin/Documents/projects/u-tour/pathing/remote-repos/learning/fws_robot_harmonic/install/fws_robot_sim/share/fws_robot_sim/package.dsv'
[1.029s] INFO:colcon.colcon_core.shell:Creating package script '/home/admin/Documents/projects/u-tour/pathing/remote-repos/learning/fws_robot_harmonic/install/fws_robot_sim/share/fws_robot_sim/package.sh'
[1.030s] INFO:colcon.colcon_core.shell:Creating package script '/home/admin/Documents/projects/u-tour/pathing/remote-repos/learning/fws_robot_harmonic/install/fws_robot_sim/share/fws_robot_sim/package.bash'
[1.031s] INFO:colcon.colcon_core.shell:Creating package script '/home/admin/Documents/projects/u-tour/pathing/remote-repos/learning/fws_robot_harmonic/install/fws_robot_sim/share/fws_robot_sim/package.zsh'
[1.032s] Level 1:colcon.colcon_core.environment:create_file_with_runtime_dependencies(/home/admin/Documents/projects/u-tour/pathing/remote-repos/learning/fws_robot_harmonic/install/fws_robot_sim/share/colcon-core/packages/fws_robot_sim)
[1.033s] Level 1:colcon.colcon_core.environment:create_environment_scripts_only(velocity_pub)
[1.034s] Level 1:colcon.colcon_core.environment:checking '/home/admin/Documents/projects/u-tour/pathing/remote-repos/learning/fws_robot_harmonic/install/velocity_pub' for CMake module files
[1.035s] Level 1:colcon.colcon_core.environment:checking '/home/admin/Documents/projects/u-tour/pathing/remote-repos/learning/fws_robot_harmonic/install/velocity_pub' for CMake config files
[1.037s] Level 1:colcon.colcon_core.shell:create_environment_hook('velocity_pub', 'cmake_prefix_path')
[1.038s] INFO:colcon.colcon_core.shell:Creating environment hook '/home/admin/Documents/projects/u-tour/pathing/remote-repos/learning/fws_robot_harmonic/install/velocity_pub/share/velocity_pub/hook/cmake_prefix_path.ps1'
[1.039s] INFO:colcon.colcon_core.shell:Creating environment descriptor '/home/admin/Documents/projects/u-tour/pathing/remote-repos/learning/fws_robot_harmonic/install/velocity_pub/share/velocity_pub/hook/cmake_prefix_path.dsv'
[1.039s] INFO:colcon.colcon_core.shell:Creating environment hook '/home/admin/Documents/projects/u-tour/pathing/remote-repos/learning/fws_robot_harmonic/install/velocity_pub/share/velocity_pub/hook/cmake_prefix_path.sh'
[1.041s] Level 1:colcon.colcon_core.environment:checking '/home/admin/Documents/projects/u-tour/pathing/remote-repos/learning/fws_robot_harmonic/install/velocity_pub/lib'
[1.041s] Level 1:colcon.colcon_core.environment:checking '/home/admin/Documents/projects/u-tour/pathing/remote-repos/learning/fws_robot_harmonic/install/velocity_pub/bin'
[1.041s] Level 1:colcon.colcon_core.environment:checking '/home/admin/Documents/projects/u-tour/pathing/remote-repos/learning/fws_robot_harmonic/install/velocity_pub/lib/pkgconfig/velocity_pub.pc'
[1.041s] Level 1:colcon.colcon_core.environment:checking '/home/admin/Documents/projects/u-tour/pathing/remote-repos/learning/fws_robot_harmonic/install/velocity_pub/lib/python3.12/site-packages'
[1.044s] Level 1:colcon.colcon_core.environment:checking '/home/admin/Documents/projects/u-tour/pathing/remote-repos/learning/fws_robot_harmonic/install/velocity_pub/bin'
[1.044s] INFO:colcon.colcon_core.shell:Creating package script '/home/admin/Documents/projects/u-tour/pathing/remote-repos/learning/fws_robot_harmonic/install/velocity_pub/share/velocity_pub/package.ps1'
[1.045s] INFO:colcon.colcon_core.shell:Creating package descriptor '/home/admin/Documents/projects/u-tour/pathing/remote-repos/learning/fws_robot_harmonic/install/velocity_pub/share/velocity_pub/package.dsv'
[1.046s] INFO:colcon.colcon_core.shell:Creating package script '/home/admin/Documents/projects/u-tour/pathing/remote-repos/learning/fws_robot_harmonic/install/velocity_pub/share/velocity_pub/package.sh'
[1.047s] INFO:colcon.colcon_core.shell:Creating package script '/home/admin/Documents/projects/u-tour/pathing/remote-repos/learning/fws_robot_harmonic/install/velocity_pub/share/velocity_pub/package.bash'
[1.048s] INFO:colcon.colcon_core.shell:Creating package script '/home/admin/Documents/projects/u-tour/pathing/remote-repos/learning/fws_robot_harmonic/install/velocity_pub/share/velocity_pub/package.zsh'
[1.049s] Level 1:colcon.colcon_core.environment:create_file_with_runtime_dependencies(/home/admin/Documents/projects/u-tour/pathing/remote-repos/learning/fws_robot_harmonic/install/velocity_pub/share/colcon-core/packages/velocity_pub)
[1.639s] DEBUG:colcon.colcon_core.event_handler.log_command:Invoked command in '/home/admin/Documents/projects/u-tour/pathing/remote-repos/learning/fws_robot_harmonic/build/keyboard_msgs' returned '0': CMAKE_PREFIX_PATH=${CMAKE_PREFIX_PATH}:/opt/ros/jazzy DEBUGINFOD_URLS=https://debuginfod.ubuntu.com /usr/bin/cmake --build /home/admin/Documents/projects/u-tour/pathing/remote-repos/learning/fws_robot_harmonic/build/keyboard_msgs -- -j6 -l6
[1.778s] DEBUG:colcon.colcon_core.event_handler.log_command:Invoking command in '/home/admin/Documents/projects/u-tour/pathing/remote-repos/learning/fws_robot_harmonic/build/keyboard_msgs': CMAKE_PREFIX_PATH=${CMAKE_PREFIX_PATH}:/opt/ros/jazzy DEBUGINFOD_URLS=https://debuginfod.ubuntu.com /usr/bin/cmake --install /home/admin/Documents/projects/u-tour/pathing/remote-repos/learning/fws_robot_harmonic/build/keyboard_msgs
[1.905s] Level 1:colcon.colcon_core.environment:create_environment_scripts_only(keyboard_msgs)
[1.906s] Level 1:colcon.colcon_core.environment:checking '/home/admin/Documents/projects/u-tour/pathing/remote-repos/learning/fws_robot_harmonic/install/keyboard_msgs' for CMake module files
[1.908s] DEBUG:colcon.colcon_core.event_handler.log_command:Invoked command in '/home/admin/Documents/projects/u-tour/pathing/remote-repos/learning/fws_robot_harmonic/build/keyboard_msgs' returned '0': CMAKE_PREFIX_PATH=${CMAKE_PREFIX_PATH}:/opt/ros/jazzy DEBUGINFOD_URLS=https://debuginfod.ubuntu.com /usr/bin/cmake --install /home/admin/Documents/projects/u-tour/pathing/remote-repos/learning/fws_robot_harmonic/build/keyboard_msgs
[1.909s] Level 1:colcon.colcon_core.environment:checking '/home/admin/Documents/projects/u-tour/pathing/remote-repos/learning/fws_robot_harmonic/install/keyboard_msgs' for CMake config files
[1.910s] Level 1:colcon.colcon_core.shell:create_environment_hook('keyboard_msgs', 'cmake_prefix_path')
[1.911s] INFO:colcon.colcon_core.shell:Creating environment hook '/home/admin/Documents/projects/u-tour/pathing/remote-repos/learning/fws_robot_harmonic/install/keyboard_msgs/share/keyboard_msgs/hook/cmake_prefix_path.ps1'
[1.911s] INFO:colcon.colcon_core.shell:Creating environment descriptor '/home/admin/Documents/projects/u-tour/pathing/remote-repos/learning/fws_robot_harmonic/install/keyboard_msgs/share/keyboard_msgs/hook/cmake_prefix_path.dsv'
[1.912s] INFO:colcon.colcon_core.shell:Creating environment hook '/home/admin/Documents/projects/u-tour/pathing/remote-repos/learning/fws_robot_harmonic/install/keyboard_msgs/share/keyboard_msgs/hook/cmake_prefix_path.sh'
[1.913s] Level 1:colcon.colcon_core.environment:checking '/home/admin/Documents/projects/u-tour/pathing/remote-repos/learning/fws_robot_harmonic/install/keyboard_msgs/lib'
[1.913s] Level 1:colcon.colcon_core.shell:create_environment_hook('keyboard_msgs', 'ld_library_path_lib')
[1.914s] INFO:colcon.colcon_core.shell:Creating environment hook '/home/admin/Documents/projects/u-tour/pathing/remote-repos/learning/fws_robot_harmonic/install/keyboard_msgs/share/keyboard_msgs/hook/ld_library_path_lib.ps1'
[1.914s] INFO:colcon.colcon_core.shell:Creating environment descriptor '/home/admin/Documents/projects/u-tour/pathing/remote-repos/learning/fws_robot_harmonic/install/keyboard_msgs/share/keyboard_msgs/hook/ld_library_path_lib.dsv'
[1.915s] INFO:colcon.colcon_core.shell:Creating environment hook '/home/admin/Documents/projects/u-tour/pathing/remote-repos/learning/fws_robot_harmonic/install/keyboard_msgs/share/keyboard_msgs/hook/ld_library_path_lib.sh'
[1.916s] Level 1:colcon.colcon_core.environment:checking '/home/admin/Documents/projects/u-tour/pathing/remote-repos/learning/fws_robot_harmonic/install/keyboard_msgs/bin'
[1.916s] Level 1:colcon.colcon_core.environment:checking '/home/admin/Documents/projects/u-tour/pathing/remote-repos/learning/fws_robot_harmonic/install/keyboard_msgs/lib/pkgconfig/keyboard_msgs.pc'
[1.916s] Level 1:colcon.colcon_core.environment:checking '/home/admin/Documents/projects/u-tour/pathing/remote-repos/learning/fws_robot_harmonic/install/keyboard_msgs/lib/python3.12/site-packages'
[1.916s] Level 1:colcon.colcon_core.shell:create_environment_hook('keyboard_msgs', 'pythonpath')
[1.917s] INFO:colcon.colcon_core.shell:Creating environment hook '/home/admin/Documents/projects/u-tour/pathing/remote-repos/learning/fws_robot_harmonic/install/keyboard_msgs/share/keyboard_msgs/hook/pythonpath.ps1'
[1.917s] INFO:colcon.colcon_core.shell:Creating environment descriptor '/home/admin/Documents/projects/u-tour/pathing/remote-repos/learning/fws_robot_harmonic/install/keyboard_msgs/share/keyboard_msgs/hook/pythonpath.dsv'
[1.918s] INFO:colcon.colcon_core.shell:Creating environment hook '/home/admin/Documents/projects/u-tour/pathing/remote-repos/learning/fws_robot_harmonic/install/keyboard_msgs/share/keyboard_msgs/hook/pythonpath.sh'
[1.919s] Level 1:colcon.colcon_core.environment:checking '/home/admin/Documents/projects/u-tour/pathing/remote-repos/learning/fws_robot_harmonic/install/keyboard_msgs/bin'
[1.920s] INFO:colcon.colcon_core.shell:Creating package script '/home/admin/Documents/projects/u-tour/pathing/remote-repos/learning/fws_robot_harmonic/install/keyboard_msgs/share/keyboard_msgs/package.ps1'
[1.921s] INFO:colcon.colcon_core.shell:Creating package descriptor '/home/admin/Documents/projects/u-tour/pathing/remote-repos/learning/fws_robot_harmonic/install/keyboard_msgs/share/keyboard_msgs/package.dsv'
[1.921s] INFO:colcon.colcon_core.shell:Creating package script '/home/admin/Documents/projects/u-tour/pathing/remote-repos/learning/fws_robot_harmonic/install/keyboard_msgs/share/keyboard_msgs/package.sh'
[1.922s] INFO:colcon.colcon_core.shell:Creating package script '/home/admin/Documents/projects/u-tour/pathing/remote-repos/learning/fws_robot_harmonic/install/keyboard_msgs/share/keyboard_msgs/package.bash'
[1.923s] INFO:colcon.colcon_core.shell:Creating package script '/home/admin/Documents/projects/u-tour/pathing/remote-repos/learning/fws_robot_harmonic/install/keyboard_msgs/share/keyboard_msgs/package.zsh'
[1.924s] Level 1:colcon.colcon_core.environment:create_file_with_runtime_dependencies(/home/admin/Documents/projects/u-tour/pathing/remote-repos/learning/fws_robot_harmonic/install/keyboard_msgs/share/colcon-core/packages/keyboard_msgs)
[2.051s] Level 1:colcon.colcon_core.environment:create_environment_scripts_only(keyboard_msgs)
[2.052s] Level 1:colcon.colcon_core.environment:checking '/home/admin/Documents/projects/u-tour/pathing/remote-repos/learning/fws_robot_harmonic/install/keyboard_msgs' for CMake module files
[2.053s] Level 1:colcon.colcon_core.environment:checking '/home/admin/Documents/projects/u-tour/pathing/remote-repos/learning/fws_robot_harmonic/install/keyboard_msgs' for CMake config files
[2.055s] Level 1:colcon.colcon_core.shell:create_environment_hook('keyboard_msgs', 'cmake_prefix_path')
[2.055s] INFO:colcon.colcon_core.shell:Creating environment hook '/home/admin/Documents/projects/u-tour/pathing/remote-repos/learning/fws_robot_harmonic/install/keyboard_msgs/share/keyboard_msgs/hook/cmake_prefix_path.ps1'
[2.056s] INFO:colcon.colcon_core.shell:Creating environment descriptor '/home/admin/Documents/projects/u-tour/pathing/remote-repos/learning/fws_robot_harmonic/install/keyboard_msgs/share/keyboard_msgs/hook/cmake_prefix_path.dsv'
[2.056s] INFO:colcon.colcon_core.shell:Creating environment hook '/home/admin/Documents/projects/u-tour/pathing/remote-repos/learning/fws_robot_harmonic/install/keyboard_msgs/share/keyboard_msgs/hook/cmake_prefix_path.sh'
[2.057s] Level 1:colcon.colcon_core.environment:checking '/home/admin/Documents/projects/u-tour/pathing/remote-repos/learning/fws_robot_harmonic/install/keyboard_msgs/lib'
[2.058s] Level 1:colcon.colcon_core.shell:create_environment_hook('keyboard_msgs', 'ld_library_path_lib')
[2.058s] INFO:colcon.colcon_core.shell:Creating environment hook '/home/admin/Documents/projects/u-tour/pathing/remote-repos/learning/fws_robot_harmonic/install/keyboard_msgs/share/keyboard_msgs/hook/ld_library_path_lib.ps1'
[2.059s] INFO:colcon.colcon_core.shell:Creating environment descriptor '/home/admin/Documents/projects/u-tour/pathing/remote-repos/learning/fws_robot_harmonic/install/keyboard_msgs/share/keyboard_msgs/hook/ld_library_path_lib.dsv'
[2.060s] INFO:colcon.colcon_core.shell:Creating environment hook '/home/admin/Documents/projects/u-tour/pathing/remote-repos/learning/fws_robot_harmonic/install/keyboard_msgs/share/keyboard_msgs/hook/ld_library_path_lib.sh'
[2.061s] Level 1:colcon.colcon_core.environment:checking '/home/admin/Documents/projects/u-tour/pathing/remote-repos/learning/fws_robot_harmonic/install/keyboard_msgs/bin'
[2.061s] Level 1:colcon.colcon_core.environment:checking '/home/admin/Documents/projects/u-tour/pathing/remote-repos/learning/fws_robot_harmonic/install/keyboard_msgs/lib/pkgconfig/keyboard_msgs.pc'
[2.061s] Level 1:colcon.colcon_core.environment:checking '/home/admin/Documents/projects/u-tour/pathing/remote-repos/learning/fws_robot_harmonic/install/keyboard_msgs/lib/python3.12/site-packages'
[2.062s] Level 1:colcon.colcon_core.shell:create_environment_hook('keyboard_msgs', 'pythonpath')
[2.062s] INFO:colcon.colcon_core.shell:Creating environment hook '/home/admin/Documents/projects/u-tour/pathing/remote-repos/learning/fws_robot_harmonic/install/keyboard_msgs/share/keyboard_msgs/hook/pythonpath.ps1'
[2.063s] INFO:colcon.colcon_core.shell:Creating environment descriptor '/home/admin/Documents/projects/u-tour/pathing/remote-repos/learning/fws_robot_harmonic/install/keyboard_msgs/share/keyboard_msgs/hook/pythonpath.dsv'
[2.064s] INFO:colcon.colcon_core.shell:Creating environment hook '/home/admin/Documents/projects/u-tour/pathing/remote-repos/learning/fws_robot_harmonic/install/keyboard_msgs/share/keyboard_msgs/hook/pythonpath.sh'
[2.065s] Level 1:colcon.colcon_core.environment:checking '/home/admin/Documents/projects/u-tour/pathing/remote-repos/learning/fws_robot_harmonic/install/keyboard_msgs/bin'
[2.066s] INFO:colcon.colcon_core.shell:Creating package script '/home/admin/Documents/projects/u-tour/pathing/remote-repos/learning/fws_robot_harmonic/install/keyboard_msgs/share/keyboard_msgs/package.ps1'
[2.067s] INFO:colcon.colcon_core.shell:Creating package descriptor '/home/admin/Documents/projects/u-tour/pathing/remote-repos/learning/fws_robot_harmonic/install/keyboard_msgs/share/keyboard_msgs/package.dsv'
[2.068s] INFO:colcon.colcon_core.shell:Creating package script '/home/admin/Documents/projects/u-tour/pathing/remote-repos/learning/fws_robot_harmonic/install/keyboard_msgs/share/keyboard_msgs/package.sh'
[2.069s] INFO:colcon.colcon_core.shell:Creating package script '/home/admin/Documents/projects/u-tour/pathing/remote-repos/learning/fws_robot_harmonic/install/keyboard_msgs/share/keyboard_msgs/package.bash'
[2.070s] INFO:colcon.colcon_core.shell:Creating package script '/home/admin/Documents/projects/u-tour/pathing/remote-repos/learning/fws_robot_harmonic/install/keyboard_msgs/share/keyboard_msgs/package.zsh'
[2.071s] Level 1:colcon.colcon_core.environment:create_file_with_runtime_dependencies(/home/admin/Documents/projects/u-tour/pathing/remote-repos/learning/fws_robot_harmonic/install/keyboard_msgs/share/colcon-core/packages/keyboard_msgs)
[2.071s] INFO:colcon.colcon_ros.task.ament_cmake.build:Building ROS package in '/home/admin/Documents/projects/u-tour/pathing/remote-repos/learning/fws_robot_harmonic/src/ros2-keyboard/keyboard' with build type 'ament_cmake'
[2.072s] INFO:colcon.colcon_cmake.task.cmake.build:Building CMake package in '/home/admin/Documents/projects/u-tour/pathing/remote-repos/learning/fws_robot_harmonic/src/ros2-keyboard/keyboard'
[2.072s] INFO:colcon.colcon_core.shell:Skip shell extension 'powershell' for command environment: Not usable outside of PowerShell
[2.072s] DEBUG:colcon.colcon_core.shell:Skip shell extension 'dsv' for command environment
[2.095s] DEBUG:colcon.colcon_core.event_handler.log_command:Invoking command in '/home/admin/Documents/projects/u-tour/pathing/remote-repos/learning/fws_robot_harmonic/build/keyboard': AMENT_PREFIX_PATH=/home/admin/Documents/projects/u-tour/pathing/remote-repos/learning/fws_robot_harmonic/install/keyboard_msgs:${AMENT_PREFIX_PATH} CMAKE_PREFIX_PATH=/home/admin/Documents/projects/u-tour/pathing/remote-repos/learning/fws_robot_harmonic/install/keyboard_msgs:/opt/ros/jazzy/opt/gz_sim_vendor:/opt/ros/jazzy/opt/gz_sensors_vendor:/opt/ros/jazzy/opt/gz_physics_vendor:/opt/ros/jazzy/opt/sdformat_vendor:/opt/ros/jazzy/opt/gz_gui_vendor:/opt/ros/jazzy/opt/gz_transport_vendor:/opt/ros/jazzy/opt/gz_rendering_vendor:/opt/ros/jazzy/opt/gz_plugin_vendor:/opt/ros/jazzy/opt/gz_fuel_tools_vendor:/opt/ros/jazzy/opt/gz_msgs_vendor:/opt/ros/jazzy/opt/gz_common_vendor:/opt/ros/jazzy/opt/gz_math_vendor:/opt/ros/jazzy/opt/gz_utils_vendor:/opt/ros/jazzy/opt/gz_tools_vendor:/opt/ros/jazzy/opt/gz_ogre_next_vendor:/opt/ros/jazzy/opt/gz_dartsim_vendor:/opt/ros/jazzy/opt/gz_cmake_vendor:/opt/ros/jazzy DEBUGINFOD_URLS=https://debuginfod.ubuntu.com LD_LIBRARY_PATH=/home/admin/Documents/projects/u-tour/pathing/remote-repos/learning/fws_robot_harmonic/install/keyboard_msgs/lib:${LD_LIBRARY_PATH} PYTHONPATH=/home/admin/Documents/projects/u-tour/pathing/remote-repos/learning/fws_robot_harmonic/install/keyboard_msgs/lib/python3.12/site-packages:${PYTHONPATH} /usr/bin/cmake --build /home/admin/Documents/projects/u-tour/pathing/remote-repos/learning/fws_robot_harmonic/build/keyboard -- -j6 -l6
[2.241s] DEBUG:colcon.colcon_core.event_handler.log_command:Invoked command in '/home/admin/Documents/projects/u-tour/pathing/remote-repos/learning/fws_robot_harmonic/build/keyboard' returned '0': AMENT_PREFIX_PATH=/home/admin/Documents/projects/u-tour/pathing/remote-repos/learning/fws_robot_harmonic/install/keyboard_msgs:${AMENT_PREFIX_PATH} CMAKE_PREFIX_PATH=/home/admin/Documents/projects/u-tour/pathing/remote-repos/learning/fws_robot_harmonic/install/keyboard_msgs:/opt/ros/jazzy/opt/gz_sim_vendor:/opt/ros/jazzy/opt/gz_sensors_vendor:/opt/ros/jazzy/opt/gz_physics_vendor:/opt/ros/jazzy/opt/sdformat_vendor:/opt/ros/jazzy/opt/gz_gui_vendor:/opt/ros/jazzy/opt/gz_transport_vendor:/opt/ros/jazzy/opt/gz_rendering_vendor:/opt/ros/jazzy/opt/gz_plugin_vendor:/opt/ros/jazzy/opt/gz_fuel_tools_vendor:/opt/ros/jazzy/opt/gz_msgs_vendor:/opt/ros/jazzy/opt/gz_common_vendor:/opt/ros/jazzy/opt/gz_math_vendor:/opt/ros/jazzy/opt/gz_utils_vendor:/opt/ros/jazzy/opt/gz_tools_vendor:/opt/ros/jazzy/opt/gz_ogre_next_vendor:/opt/ros/jazzy/opt/gz_dartsim_vendor:/opt/ros/jazzy/opt/gz_cmake_vendor:/opt/ros/jazzy DEBUGINFOD_URLS=https://debuginfod.ubuntu.com LD_LIBRARY_PATH=/home/admin/Documents/projects/u-tour/pathing/remote-repos/learning/fws_robot_harmonic/install/keyboard_msgs/lib:${LD_LIBRARY_PATH} PYTHONPATH=/home/admin/Documents/projects/u-tour/pathing/remote-repos/learning/fws_robot_harmonic/install/keyboard_msgs/lib/python3.12/site-packages:${PYTHONPATH} /usr/bin/cmake --build /home/admin/Documents/projects/u-tour/pathing/remote-repos/learning/fws_robot_harmonic/build/keyboard -- -j6 -l6
[2.297s] DEBUG:colcon.colcon_core.event_handler.log_command:Invoking command in '/home/admin/Documents/projects/u-tour/pathing/remote-repos/learning/fws_robot_harmonic/build/keyboard': AMENT_PREFIX_PATH=/home/admin/Documents/projects/u-tour/pathing/remote-repos/learning/fws_robot_harmonic/install/keyboard_msgs:${AMENT_PREFIX_PATH} CMAKE_PREFIX_PATH=/home/admin/Documents/projects/u-tour/pathing/remote-repos/learning/fws_robot_harmonic/install/keyboard_msgs:/opt/ros/jazzy/opt/gz_sim_vendor:/opt/ros/jazzy/opt/gz_sensors_vendor:/opt/ros/jazzy/opt/gz_physics_vendor:/opt/ros/jazzy/opt/sdformat_vendor:/opt/ros/jazzy/opt/gz_gui_vendor:/opt/ros/jazzy/opt/gz_transport_vendor:/opt/ros/jazzy/opt/gz_rendering_vendor:/opt/ros/jazzy/opt/gz_plugin_vendor:/opt/ros/jazzy/opt/gz_fuel_tools_vendor:/opt/ros/jazzy/opt/gz_msgs_vendor:/opt/ros/jazzy/opt/gz_common_vendor:/opt/ros/jazzy/opt/gz_math_vendor:/opt/ros/jazzy/opt/gz_utils_vendor:/opt/ros/jazzy/opt/gz_tools_vendor:/opt/ros/jazzy/opt/gz_ogre_next_vendor:/opt/ros/jazzy/opt/gz_dartsim_vendor:/opt/ros/jazzy/opt/gz_cmake_vendor:/opt/ros/jazzy DEBUGINFOD_URLS=https://debuginfod.ubuntu.com LD_LIBRARY_PATH=/home/admin/Documents/projects/u-tour/pathing/remote-repos/learning/fws_robot_harmonic/install/keyboard_msgs/lib:${LD_LIBRARY_PATH} PYTHONPATH=/home/admin/Documents/projects/u-tour/pathing/remote-repos/learning/fws_robot_harmonic/install/keyboard_msgs/lib/python3.12/site-packages:${PYTHONPATH} /usr/bin/cmake --install /home/admin/Documents/projects/u-tour/pathing/remote-repos/learning/fws_robot_harmonic/build/keyboard
[2.321s] Level 1:colcon.colcon_core.environment:create_environment_scripts_only(keyboard)
[2.322s] Level 1:colcon.colcon_core.environment:checking '/home/admin/Documents/projects/u-tour/pathing/remote-repos/learning/fws_robot_harmonic/install/keyboard' for CMake module files
[2.326s] Level 1:colcon.colcon_core.environment:checking '/home/admin/Documents/projects/u-tour/pathing/remote-repos/learning/fws_robot_harmonic/install/keyboard' for CMake config files
[2.327s] DEBUG:colcon.colcon_core.event_handler.log_command:Invoked command in '/home/admin/Documents/projects/u-tour/pathing/remote-repos/learning/fws_robot_harmonic/build/keyboard' returned '0': AMENT_PREFIX_PATH=/home/admin/Documents/projects/u-tour/pathing/remote-repos/learning/fws_robot_harmonic/install/keyboard_msgs:${AMENT_PREFIX_PATH} CMAKE_PREFIX_PATH=/home/admin/Documents/projects/u-tour/pathing/remote-repos/learning/fws_robot_harmonic/install/keyboard_msgs:/opt/ros/jazzy/opt/gz_sim_vendor:/opt/ros/jazzy/opt/gz_sensors_vendor:/opt/ros/jazzy/opt/gz_physics_vendor:/opt/ros/jazzy/opt/sdformat_vendor:/opt/ros/jazzy/opt/gz_gui_vendor:/opt/ros/jazzy/opt/gz_transport_vendor:/opt/ros/jazzy/opt/gz_rendering_vendor:/opt/ros/jazzy/opt/gz_plugin_vendor:/opt/ros/jazzy/opt/gz_fuel_tools_vendor:/opt/ros/jazzy/opt/gz_msgs_vendor:/opt/ros/jazzy/opt/gz_common_vendor:/opt/ros/jazzy/opt/gz_math_vendor:/opt/ros/jazzy/opt/gz_utils_vendor:/opt/ros/jazzy/opt/gz_tools_vendor:/opt/ros/jazzy/opt/gz_ogre_next_vendor:/opt/ros/jazzy/opt/gz_dartsim_vendor:/opt/ros/jazzy/opt/gz_cmake_vendor:/opt/ros/jazzy DEBUGINFOD_URLS=https://debuginfod.ubuntu.com LD_LIBRARY_PATH=/home/admin/Documents/projects/u-tour/pathing/remote-repos/learning/fws_robot_harmonic/install/keyboard_msgs/lib:${LD_LIBRARY_PATH} PYTHONPATH=/home/admin/Documents/projects/u-tour/pathing/remote-repos/learning/fws_robot_harmonic/install/keyboard_msgs/lib/python3.12/site-packages:${PYTHONPATH} /usr/bin/cmake --install /home/admin/Documents/projects/u-tour/pathing/remote-repos/learning/fws_robot_harmonic/build/keyboard
[2.327s] Level 1:colcon.colcon_core.shell:create_environment_hook('keyboard', 'cmake_prefix_path')
[2.327s] INFO:colcon.colcon_core.shell:Creating environment hook '/home/admin/Documents/projects/u-tour/pathing/remote-repos/learning/fws_robot_harmonic/install/keyboard/share/keyboard/hook/cmake_prefix_path.ps1'
[2.328s] INFO:colcon.colcon_core.shell:Creating environment descriptor '/home/admin/Documents/projects/u-tour/pathing/remote-repos/learning/fws_robot_harmonic/install/keyboard/share/keyboard/hook/cmake_prefix_path.dsv'
[2.329s] INFO:colcon.colcon_core.shell:Creating environment hook '/home/admin/Documents/projects/u-tour/pathing/remote-repos/learning/fws_robot_harmonic/install/keyboard/share/keyboard/hook/cmake_prefix_path.sh'
[2.330s] Level 1:colcon.colcon_core.environment:checking '/home/admin/Documents/projects/u-tour/pathing/remote-repos/learning/fws_robot_harmonic/install/keyboard/lib'
[2.330s] Level 1:colcon.colcon_core.environment:checking '/home/admin/Documents/projects/u-tour/pathing/remote-repos/learning/fws_robot_harmonic/install/keyboard/bin'
[2.331s] Level 1:colcon.colcon_core.environment:checking '/home/admin/Documents/projects/u-tour/pathing/remote-repos/learning/fws_robot_harmonic/install/keyboard/lib/pkgconfig/keyboard.pc'
[2.331s] Level 1:colcon.colcon_core.environment:checking '/home/admin/Documents/projects/u-tour/pathing/remote-repos/learning/fws_robot_harmonic/install/keyboard/lib/python3.12/site-packages'
[2.331s] Level 1:colcon.colcon_core.environment:checking '/home/admin/Documents/projects/u-tour/pathing/remote-repos/learning/fws_robot_harmonic/install/keyboard/bin'
[2.332s] INFO:colcon.colcon_core.shell:Creating package script '/home/admin/Documents/projects/u-tour/pathing/remote-repos/learning/fws_robot_harmonic/install/keyboard/share/keyboard/package.ps1'
[2.333s] INFO:colcon.colcon_core.shell:Creating package descriptor '/home/admin/Documents/projects/u-tour/pathing/remote-repos/learning/fws_robot_harmonic/install/keyboard/share/keyboard/package.dsv'
[2.334s] INFO:colcon.colcon_core.shell:Creating package script '/home/admin/Documents/projects/u-tour/pathing/remote-repos/learning/fws_robot_harmonic/install/keyboard/share/keyboard/package.sh'
[2.334s] INFO:colcon.colcon_core.shell:Creating package script '/home/admin/Documents/projects/u-tour/pathing/remote-repos/learning/fws_robot_harmonic/install/keyboard/share/keyboard/package.bash'
[2.335s] INFO:colcon.colcon_core.shell:Creating package script '/home/admin/Documents/projects/u-tour/pathing/remote-repos/learning/fws_robot_harmonic/install/keyboard/share/keyboard/package.zsh'
[2.336s] Level 1:colcon.colcon_core.environment:create_file_with_runtime_dependencies(/home/admin/Documents/projects/u-tour/pathing/remote-repos/learning/fws_robot_harmonic/install/keyboard/share/colcon-core/packages/keyboard)
[2.389s] Level 1:colcon.colcon_core.environment:create_environment_scripts_only(keyboard)
[2.389s] Level 1:colcon.colcon_core.environment:checking '/home/admin/Documents/projects/u-tour/pathing/remote-repos/learning/fws_robot_harmonic/install/keyboard' for CMake module files
[2.391s] Level 1:colcon.colcon_core.environment:checking '/home/admin/Documents/projects/u-tour/pathing/remote-repos/learning/fws_robot_harmonic/install/keyboard' for CMake config files
[2.391s] Level 1:colcon.colcon_core.shell:create_environment_hook('keyboard', 'cmake_prefix_path')
[2.391s] INFO:colcon.colcon_core.shell:Creating environment hook '/home/admin/Documents/projects/u-tour/pathing/remote-repos/learning/fws_robot_harmonic/install/keyboard/share/keyboard/hook/cmake_prefix_path.ps1'
[2.392s] INFO:colcon.colcon_core.shell:Creating environment descriptor '/home/admin/Documents/projects/u-tour/pathing/remote-repos/learning/fws_robot_harmonic/install/keyboard/share/keyboard/hook/cmake_prefix_path.dsv'
[2.393s] INFO:colcon.colcon_core.shell:Creating environment hook '/home/admin/Documents/projects/u-tour/pathing/remote-repos/learning/fws_robot_harmonic/install/keyboard/share/keyboard/hook/cmake_prefix_path.sh'
[2.394s] Level 1:colcon.colcon_core.environment:checking '/home/admin/Documents/projects/u-tour/pathing/remote-repos/learning/fws_robot_harmonic/install/keyboard/lib'
[2.394s] Level 1:colcon.colcon_core.environment:checking '/home/admin/Documents/projects/u-tour/pathing/remote-repos/learning/fws_robot_harmonic/install/keyboard/bin'
[2.394s] Level 1:colcon.colcon_core.environment:checking '/home/admin/Documents/projects/u-tour/pathing/remote-repos/learning/fws_robot_harmonic/install/keyboard/lib/pkgconfig/keyboard.pc'
[2.395s] Level 1:colcon.colcon_core.environment:checking '/home/admin/Documents/projects/u-tour/pathing/remote-repos/learning/fws_robot_harmonic/install/keyboard/lib/python3.12/site-packages'
[2.395s] Level 1:colcon.colcon_core.environment:checking '/home/admin/Documents/projects/u-tour/pathing/remote-repos/learning/fws_robot_harmonic/install/keyboard/bin'
[2.395s] INFO:colcon.colcon_core.shell:Creating package script '/home/admin/Documents/projects/u-tour/pathing/remote-repos/learning/fws_robot_harmonic/install/keyboard/share/keyboard/package.ps1'
[2.396s] INFO:colcon.colcon_core.shell:Creating package descriptor '/home/admin/Documents/projects/u-tour/pathing/remote-repos/learning/fws_robot_harmonic/install/keyboard/share/keyboard/package.dsv'
[2.397s] INFO:colcon.colcon_core.shell:Creating package script '/home/admin/Documents/projects/u-tour/pathing/remote-repos/learning/fws_robot_harmonic/install/keyboard/share/keyboard/package.sh'
[2.398s] INFO:colcon.colcon_core.shell:Creating package script '/home/admin/Documents/projects/u-tour/pathing/remote-repos/learning/fws_robot_harmonic/install/keyboard/share/keyboard/package.bash'
[2.399s] INFO:colcon.colcon_core.shell:Creating package script '/home/admin/Documents/projects/u-tour/pathing/remote-repos/learning/fws_robot_harmonic/install/keyboard/share/keyboard/package.zsh'
[2.399s] Level 1:colcon.colcon_core.environment:create_file_with_runtime_dependencies(/home/admin/Documents/projects/u-tour/pathing/remote-repos/learning/fws_robot_harmonic/install/keyboard/share/colcon-core/packages/keyboard)
[2.400s] DEBUG:colcon.colcon_parallel_executor.executor.parallel:closing loop
[2.400s] DEBUG:colcon.colcon_parallel_executor.executor.parallel:loop closed
[2.401s] DEBUG:colcon.colcon_parallel_executor.executor.parallel:run_until_complete finished with '0'
[2.401s] DEBUG:colcon.colcon_core.event_reactor:joining thread
[2.415s] INFO:colcon.colcon_core.plugin_system:Skipping extension 'colcon_notification.desktop_notification.terminal_notifier': Not used on non-Darwin systems
[2.415s] INFO:colcon.colcon_core.plugin_system:Skipping extension 'colcon_notification.desktop_notification.win32': Not used on non-Windows systems
[2.415s] INFO:colcon.colcon_notification.desktop_notification:Sending desktop notification using 'notify2'
[2.440s] DEBUG:colcon.colcon_core.event_reactor:joined thread
[2.440s] INFO:colcon.colcon_core.shell:Creating prefix script '/home/admin/Documents/projects/u-tour/pathing/remote-repos/learning/fws_robot_harmonic/install/local_setup.ps1'
[2.442s] INFO:colcon.colcon_core.shell:Creating prefix util module '/home/admin/Documents/projects/u-tour/pathing/remote-repos/learning/fws_robot_harmonic/install/_local_setup_util_ps1.py'
[2.445s] INFO:colcon.colcon_core.shell:Creating prefix chain script '/home/admin/Documents/projects/u-tour/pathing/remote-repos/learning/fws_robot_harmonic/install/setup.ps1'
[2.446s] INFO:colcon.colcon_core.shell:Creating prefix script '/home/admin/Documents/projects/u-tour/pathing/remote-repos/learning/fws_robot_harmonic/install/local_setup.sh'
[2.447s] INFO:colcon.colcon_core.shell:Creating prefix util module '/home/admin/Documents/projects/u-tour/pathing/remote-repos/learning/fws_robot_harmonic/install/_local_setup_util_sh.py'
[2.448s] INFO:colcon.colcon_core.shell:Creating prefix chain script '/home/admin/Documents/projects/u-tour/pathing/remote-repos/learning/fws_robot_harmonic/install/setup.sh'
[2.450s] INFO:colcon.colcon_core.shell:Creating prefix script '/home/admin/Documents/projects/u-tour/pathing/remote-repos/learning/fws_robot_harmonic/install/local_setup.bash'
[2.451s] INFO:colcon.colcon_core.shell:Creating prefix chain script '/home/admin/Documents/projects/u-tour/pathing/remote-repos/learning/fws_robot_harmonic/install/setup.bash'
[2.453s] INFO:colcon.colcon_core.shell:Creating prefix script '/home/admin/Documents/projects/u-tour/pathing/remote-repos/learning/fws_robot_harmonic/install/local_setup.zsh'
[2.454s] INFO:colcon.colcon_core.shell:Creating prefix chain script '/home/admin/Documents/projects/u-tour/pathing/remote-repos/learning/fws_robot_harmonic/install/setup.zsh'
