[0.361s] DEBUG:colcon:Command line arguments: ['/usr/bin/colcon', 'build']
[0.362s] DEBUG:colcon:Parsed command line arguments: Namespace(log_base=None, log_level=None, verb_name='build', build_base='build', install_base='install', merge_install=False, symlink_install=False, test_result_base=None, continue_on_error=False, executor='parallel', parallel_workers=6, event_handlers=None, ignore_user_meta=False, metas=['./colcon.meta'], base_paths=['.'], packages_ignore=None, packages_ignore_regex=None, paths=None, packages_up_to=None, packages_up_to_regex=None, packages_above=None, packages_above_and_dependencies=None, packages_above_depth=None, packages_select_by_dep=None, packages_skip_by_dep=None, packages_skip_up_to=None, packages_select_build_failed=False, packages_skip_build_finished=False, packages_select_test_failures=False, packages_skip_test_passed=False, packages_select=None, packages_skip=None, packages_select_regex=None, packages_skip_regex=None, packages_start=None, packages_end=None, allow_overriding=[], cmake_args=None, cmake_target=None, cmake_target_skip_unavailable=False, cmake_clean_cache=False, cmake_clean_first=False, cmake_force_configure=False, ament_cmake_args=None, catkin_cmake_args=None, catkin_skip_building_tests=False, mixin_files=None, mixin=None, verb_parser=<colcon_mixin.mixin.mixin_argument.MixinArgumentDecorator object at 0x76b92873a900>, verb_extension=<colcon_core.verb.build.BuildVerb object at 0x76b92873a5a0>, main=<bound method BuildVerb.main of <colcon_core.verb.build.BuildVerb object at 0x76b92873a5a0>>, mixin_verb=('build',))
[0.456s] Level 1:colcon.colcon_core.package_discovery:discover_packages(colcon_meta) check parameters
[0.456s] Level 1:colcon.colcon_core.package_discovery:discover_packages(recursive) check parameters
[0.456s] Level 1:colcon.colcon_core.package_discovery:discover_packages(ignore) check parameters
[0.456s] Level 1:colcon.colcon_core.package_discovery:discover_packages(path) check parameters
[0.456s] Level 1:colcon.colcon_core.package_discovery:discover_packages(colcon_meta) discover
[0.456s] Level 1:colcon.colcon_core.package_discovery:discover_packages(recursive) discover
[0.456s] INFO:colcon.colcon_core.package_discovery:Crawling recursively for packages in '/home/admin/Documents/projects/u-tour/pathing/remote-repos/learning/fws_robot_harmonic'
[0.456s] Level 1:colcon.colcon_core.package_identification:_identify(.) by extensions ['ignore', 'ignore_ament_install']
[0.456s] Level 1:colcon.colcon_core.package_identification:_identify(.) by extension 'ignore'
[0.457s] Level 1:colcon.colcon_core.package_identification:_identify(.) by extension 'ignore_ament_install'
[0.457s] Level 1:colcon.colcon_core.package_identification:_identify(.) by extensions ['colcon_pkg']
[0.457s] Level 1:colcon.colcon_core.package_identification:_identify(.) by extension 'colcon_pkg'
[0.457s] Level 1:colcon.colcon_core.package_identification:_identify(.) by extensions ['colcon_meta']
[0.457s] Level 1:colcon.colcon_core.package_identification:_identify(.) by extension 'colcon_meta'
[0.457s] Level 1:colcon.colcon_core.package_identification:_identify(.) by extensions ['ros']
[0.457s] Level 1:colcon.colcon_core.package_identification:_identify(.) by extension 'ros'
[0.499s] Level 1:colcon.colcon_core.package_identification:_identify(.) by extensions ['cmake', 'python']
[0.499s] Level 1:colcon.colcon_core.package_identification:_identify(.) by extension 'cmake'
[0.499s] Level 1:colcon.colcon_core.package_identification:_identify(.) by extension 'python'
[0.499s] Level 1:colcon.colcon_core.package_identification:_identify(.) by extensions ['python_setup_py']
[0.499s] Level 1:colcon.colcon_core.package_identification:_identify(.) by extension 'python_setup_py'
[0.500s] Level 1:colcon.colcon_core.package_identification:_identify(build) by extensions ['ignore', 'ignore_ament_install']
[0.500s] Level 1:colcon.colcon_core.package_identification:_identify(build) by extension 'ignore'
[0.500s] Level 1:colcon.colcon_core.package_identification:_identify(build) ignored
[0.500s] Level 1:colcon.colcon_core.package_identification:_identify(install) by extensions ['ignore', 'ignore_ament_install']
[0.500s] Level 1:colcon.colcon_core.package_identification:_identify(install) by extension 'ignore'
[0.500s] Level 1:colcon.colcon_core.package_identification:_identify(install) ignored
[0.500s] Level 1:colcon.colcon_core.package_identification:_identify(log) by extensions ['ignore', 'ignore_ament_install']
[0.500s] Level 1:colcon.colcon_core.package_identification:_identify(log) by extension 'ignore'
[0.500s] Level 1:colcon.colcon_core.package_identification:_identify(log) ignored
[0.500s] Level 1:colcon.colcon_core.package_identification:_identify(src) by extensions ['ignore', 'ignore_ament_install']
[0.501s] Level 1:colcon.colcon_core.package_identification:_identify(src) by extension 'ignore'
[0.501s] Level 1:colcon.colcon_core.package_identification:_identify(src) by extension 'ignore_ament_install'
[0.501s] Level 1:colcon.colcon_core.package_identification:_identify(src) by extensions ['colcon_pkg']
[0.501s] Level 1:colcon.colcon_core.package_identification:_identify(src) by extension 'colcon_pkg'
[0.501s] Level 1:colcon.colcon_core.package_identification:_identify(src) by extensions ['colcon_meta']
[0.501s] Level 1:colcon.colcon_core.package_identification:_identify(src) by extension 'colcon_meta'
[0.501s] Level 1:colcon.colcon_core.package_identification:_identify(src) by extensions ['ros']
[0.501s] Level 1:colcon.colcon_core.package_identification:_identify(src) by extension 'ros'
[0.501s] Level 1:colcon.colcon_core.package_identification:_identify(src) by extensions ['cmake', 'python']
[0.501s] Level 1:colcon.colcon_core.package_identification:_identify(src) by extension 'cmake'
[0.501s] Level 1:colcon.colcon_core.package_identification:_identify(src) by extension 'python'
[0.501s] Level 1:colcon.colcon_core.package_identification:_identify(src) by extensions ['python_setup_py']
[0.501s] Level 1:colcon.colcon_core.package_identification:_identify(src) by extension 'python_setup_py'
[0.501s] Level 1:colcon.colcon_core.package_identification:_identify(src/build) by extensions ['ignore', 'ignore_ament_install']
[0.502s] Level 1:colcon.colcon_core.package_identification:_identify(src/build) by extension 'ignore'
[0.502s] Level 1:colcon.colcon_core.package_identification:_identify(src/build) ignored
[0.502s] Level 1:colcon.colcon_core.package_identification:_identify(src/fws_robot_description) by extensions ['ignore', 'ignore_ament_install']
[0.502s] Level 1:colcon.colcon_core.package_identification:_identify(src/fws_robot_description) by extension 'ignore'
[0.502s] Level 1:colcon.colcon_core.package_identification:_identify(src/fws_robot_description) by extension 'ignore_ament_install'
[0.502s] Level 1:colcon.colcon_core.package_identification:_identify(src/fws_robot_description) by extensions ['colcon_pkg']
[0.502s] Level 1:colcon.colcon_core.package_identification:_identify(src/fws_robot_description) by extension 'colcon_pkg'
[0.502s] Level 1:colcon.colcon_core.package_identification:_identify(src/fws_robot_description) by extensions ['colcon_meta']
[0.502s] Level 1:colcon.colcon_core.package_identification:_identify(src/fws_robot_description) by extension 'colcon_meta'
[0.502s] Level 1:colcon.colcon_core.package_identification:_identify(src/fws_robot_description) by extensions ['ros']
[0.502s] Level 1:colcon.colcon_core.package_identification:_identify(src/fws_robot_description) by extension 'ros'
[0.506s] DEBUG:colcon.colcon_core.package_identification:Package 'src/fws_robot_description' with type 'ros.ament_cmake' and name 'fws_robot_description'
[0.506s] Level 1:colcon.colcon_core.package_identification:_identify(src/fws_robot_sim) by extensions ['ignore', 'ignore_ament_install']
[0.507s] Level 1:colcon.colcon_core.package_identification:_identify(src/fws_robot_sim) by extension 'ignore'
[0.507s] Level 1:colcon.colcon_core.package_identification:_identify(src/fws_robot_sim) by extension 'ignore_ament_install'
[0.507s] Level 1:colcon.colcon_core.package_identification:_identify(src/fws_robot_sim) by extensions ['colcon_pkg']
[0.507s] Level 1:colcon.colcon_core.package_identification:_identify(src/fws_robot_sim) by extension 'colcon_pkg'
[0.507s] Level 1:colcon.colcon_core.package_identification:_identify(src/fws_robot_sim) by extensions ['colcon_meta']
[0.507s] Level 1:colcon.colcon_core.package_identification:_identify(src/fws_robot_sim) by extension 'colcon_meta'
[0.507s] Level 1:colcon.colcon_core.package_identification:_identify(src/fws_robot_sim) by extensions ['ros']
[0.507s] Level 1:colcon.colcon_core.package_identification:_identify(src/fws_robot_sim) by extension 'ros'
[0.508s] DEBUG:colcon.colcon_core.package_identification:Package 'src/fws_robot_sim' with type 'ros.ament_cmake' and name 'fws_robot_sim'
[0.508s] Level 1:colcon.colcon_core.package_identification:_identify(src/install) by extensions ['ignore', 'ignore_ament_install']
[0.508s] Level 1:colcon.colcon_core.package_identification:_identify(src/install) by extension 'ignore'
[0.508s] Level 1:colcon.colcon_core.package_identification:_identify(src/install) ignored
[0.508s] Level 1:colcon.colcon_core.package_identification:_identify(src/log) by extensions ['ignore', 'ignore_ament_install']
[0.509s] Level 1:colcon.colcon_core.package_identification:_identify(src/log) by extension 'ignore'
[0.509s] Level 1:colcon.colcon_core.package_identification:_identify(src/log) ignored
[0.509s] Level 1:colcon.colcon_core.package_identification:_identify(src/ros2-keyboard) by extensions ['ignore', 'ignore_ament_install']
[0.509s] Level 1:colcon.colcon_core.package_identification:_identify(src/ros2-keyboard) by extension 'ignore'
[0.509s] Level 1:colcon.colcon_core.package_identification:_identify(src/ros2-keyboard) by extension 'ignore_ament_install'
[0.509s] Level 1:colcon.colcon_core.package_identification:_identify(src/ros2-keyboard) by extensions ['colcon_pkg']
[0.509s] Level 1:colcon.colcon_core.package_identification:_identify(src/ros2-keyboard) by extension 'colcon_pkg'
[0.509s] Level 1:colcon.colcon_core.package_identification:_identify(src/ros2-keyboard) by extensions ['colcon_meta']
[0.509s] Level 1:colcon.colcon_core.package_identification:_identify(src/ros2-keyboard) by extension 'colcon_meta'
[0.509s] Level 1:colcon.colcon_core.package_identification:_identify(src/ros2-keyboard) by extensions ['ros']
[0.509s] Level 1:colcon.colcon_core.package_identification:_identify(src/ros2-keyboard) by extension 'ros'
[0.509s] Level 1:colcon.colcon_core.package_identification:_identify(src/ros2-keyboard) by extensions ['cmake', 'python']
[0.509s] Level 1:colcon.colcon_core.package_identification:_identify(src/ros2-keyboard) by extension 'cmake'
[0.509s] Level 1:colcon.colcon_core.package_identification:_identify(src/ros2-keyboard) by extension 'python'
[0.510s] Level 1:colcon.colcon_core.package_identification:_identify(src/ros2-keyboard) by extensions ['python_setup_py']
[0.510s] Level 1:colcon.colcon_core.package_identification:_identify(src/ros2-keyboard) by extension 'python_setup_py'
[0.510s] Level 1:colcon.colcon_core.package_identification:_identify(src/ros2-keyboard/keyboard) by extensions ['ignore', 'ignore_ament_install']
[0.510s] Level 1:colcon.colcon_core.package_identification:_identify(src/ros2-keyboard/keyboard) by extension 'ignore'
[0.510s] Level 1:colcon.colcon_core.package_identification:_identify(src/ros2-keyboard/keyboard) by extension 'ignore_ament_install'
[0.510s] Level 1:colcon.colcon_core.package_identification:_identify(src/ros2-keyboard/keyboard) by extensions ['colcon_pkg']
[0.510s] Level 1:colcon.colcon_core.package_identification:_identify(src/ros2-keyboard/keyboard) by extension 'colcon_pkg'
[0.510s] Level 1:colcon.colcon_core.package_identification:_identify(src/ros2-keyboard/keyboard) by extensions ['colcon_meta']
[0.510s] Level 1:colcon.colcon_core.package_identification:_identify(src/ros2-keyboard/keyboard) by extension 'colcon_meta'
[0.510s] Level 1:colcon.colcon_core.package_identification:_identify(src/ros2-keyboard/keyboard) by extensions ['ros']
[0.510s] Level 1:colcon.colcon_core.package_identification:_identify(src/ros2-keyboard/keyboard) by extension 'ros'
[0.511s] DEBUG:colcon.colcon_core.package_identification:Package 'src/ros2-keyboard/keyboard' with type 'ros.ament_cmake' and name 'keyboard'
[0.511s] Level 1:colcon.colcon_core.package_identification:_identify(src/ros2-keyboard/keyboard_msgs) by extensions ['ignore', 'ignore_ament_install']
[0.511s] Level 1:colcon.colcon_core.package_identification:_identify(src/ros2-keyboard/keyboard_msgs) by extension 'ignore'
[0.512s] Level 1:colcon.colcon_core.package_identification:_identify(src/ros2-keyboard/keyboard_msgs) by extension 'ignore_ament_install'
[0.512s] Level 1:colcon.colcon_core.package_identification:_identify(src/ros2-keyboard/keyboard_msgs) by extensions ['colcon_pkg']
[0.512s] Level 1:colcon.colcon_core.package_identification:_identify(src/ros2-keyboard/keyboard_msgs) by extension 'colcon_pkg'
[0.512s] Level 1:colcon.colcon_core.package_identification:_identify(src/ros2-keyboard/keyboard_msgs) by extensions ['colcon_meta']
[0.512s] Level 1:colcon.colcon_core.package_identification:_identify(src/ros2-keyboard/keyboard_msgs) by extension 'colcon_meta'
[0.512s] Level 1:colcon.colcon_core.package_identification:_identify(src/ros2-keyboard/keyboard_msgs) by extensions ['ros']
[0.512s] Level 1:colcon.colcon_core.package_identification:_identify(src/ros2-keyboard/keyboard_msgs) by extension 'ros'
[0.513s] DEBUG:colcon.colcon_core.package_identification:Package 'src/ros2-keyboard/keyboard_msgs' with type 'ros.ament_cmake' and name 'keyboard_msgs'
[0.513s] Level 1:colcon.colcon_core.package_identification:_identify(src/velocity_pub) by extensions ['ignore', 'ignore_ament_install']
[0.513s] Level 1:colcon.colcon_core.package_identification:_identify(src/velocity_pub) by extension 'ignore'
[0.513s] Level 1:colcon.colcon_core.package_identification:_identify(src/velocity_pub) by extension 'ignore_ament_install'
[0.513s] Level 1:colcon.colcon_core.package_identification:_identify(src/velocity_pub) by extensions ['colcon_pkg']
[0.513s] Level 1:colcon.colcon_core.package_identification:_identify(src/velocity_pub) by extension 'colcon_pkg'
[0.513s] Level 1:colcon.colcon_core.package_identification:_identify(src/velocity_pub) by extensions ['colcon_meta']
[0.513s] Level 1:colcon.colcon_core.package_identification:_identify(src/velocity_pub) by extension 'colcon_meta'
[0.513s] Level 1:colcon.colcon_core.package_identification:_identify(src/velocity_pub) by extensions ['ros']
[0.513s] Level 1:colcon.colcon_core.package_identification:_identify(src/velocity_pub) by extension 'ros'
[0.514s] DEBUG:colcon.colcon_core.package_identification:Package 'src/velocity_pub' with type 'ros.ament_cmake' and name 'velocity_pub'
[0.514s] Level 1:colcon.colcon_core.package_discovery:discover_packages(recursive) using defaults
[0.514s] Level 1:colcon.colcon_core.package_discovery:discover_packages(ignore) discover
[0.514s] Level 1:colcon.colcon_core.package_discovery:discover_packages(ignore) using defaults
[0.514s] Level 1:colcon.colcon_core.package_discovery:discover_packages(path) discover
[0.514s] Level 1:colcon.colcon_core.package_discovery:discover_packages(path) using defaults
[0.550s] Level 1:colcon.colcon_core.package_discovery:discover_packages(prefix_path) check parameters
[0.550s] Level 1:colcon.colcon_core.package_discovery:discover_packages(prefix_path) discover
[0.557s] DEBUG:colcon.colcon_installed_package_information.package_discovery:Found 361 installed packages in /opt/ros/jazzy
[0.560s] Level 1:colcon.colcon_core.package_discovery:discover_packages(prefix_path) using defaults
[0.644s] Level 5:colcon.colcon_core.verb:set package 'fws_robot_description' build argument 'cmake_args' from command line to 'None'
[0.644s] Level 5:colcon.colcon_core.verb:set package 'fws_robot_description' build argument 'cmake_target' from command line to 'None'
[0.644s] Level 5:colcon.colcon_core.verb:set package 'fws_robot_description' build argument 'cmake_target_skip_unavailable' from command line to 'False'
[0.644s] Level 5:colcon.colcon_core.verb:set package 'fws_robot_description' build argument 'cmake_clean_cache' from command line to 'False'
[0.644s] Level 5:colcon.colcon_core.verb:set package 'fws_robot_description' build argument 'cmake_clean_first' from command line to 'False'
[0.644s] Level 5:colcon.colcon_core.verb:set package 'fws_robot_description' build argument 'cmake_force_configure' from command line to 'False'
[0.644s] Level 5:colcon.colcon_core.verb:set package 'fws_robot_description' build argument 'ament_cmake_args' from command line to 'None'
[0.644s] Level 5:colcon.colcon_core.verb:set package 'fws_robot_description' build argument 'catkin_cmake_args' from command line to 'None'
[0.644s] Level 5:colcon.colcon_core.verb:set package 'fws_robot_description' build argument 'catkin_skip_building_tests' from command line to 'False'
[0.644s] DEBUG:colcon.colcon_core.verb:Building package 'fws_robot_description' with the following arguments: {'ament_cmake_args': None, 'build_base': '/home/admin/Documents/projects/u-tour/pathing/remote-repos/learning/fws_robot_harmonic/build/fws_robot_description', 'catkin_cmake_args': None, 'catkin_skip_building_tests': False, 'cmake_args': None, 'cmake_clean_cache': False, 'cmake_clean_first': False, 'cmake_force_configure': False, 'cmake_target': None, 'cmake_target_skip_unavailable': False, 'install_base': '/home/admin/Documents/projects/u-tour/pathing/remote-repos/learning/fws_robot_harmonic/install/fws_robot_description', 'merge_install': False, 'path': '/home/admin/Documents/projects/u-tour/pathing/remote-repos/learning/fws_robot_harmonic/src/fws_robot_description', 'symlink_install': False, 'test_result_base': None}
[0.645s] Level 5:colcon.colcon_core.verb:set package 'fws_robot_sim' build argument 'cmake_args' from command line to 'None'
[0.645s] Level 5:colcon.colcon_core.verb:set package 'fws_robot_sim' build argument 'cmake_target' from command line to 'None'
[0.645s] Level 5:colcon.colcon_core.verb:set package 'fws_robot_sim' build argument 'cmake_target_skip_unavailable' from command line to 'False'
[0.645s] Level 5:colcon.colcon_core.verb:set package 'fws_robot_sim' build argument 'cmake_clean_cache' from command line to 'False'
[0.645s] Level 5:colcon.colcon_core.verb:set package 'fws_robot_sim' build argument 'cmake_clean_first' from command line to 'False'
[0.645s] Level 5:colcon.colcon_core.verb:set package 'fws_robot_sim' build argument 'cmake_force_configure' from command line to 'False'
[0.645s] Level 5:colcon.colcon_core.verb:set package 'fws_robot_sim' build argument 'ament_cmake_args' from command line to 'None'
[0.645s] Level 5:colcon.colcon_core.verb:set package 'fws_robot_sim' build argument 'catkin_cmake_args' from command line to 'None'
[0.645s] Level 5:colcon.colcon_core.verb:set package 'fws_robot_sim' build argument 'catkin_skip_building_tests' from command line to 'False'
[0.645s] DEBUG:colcon.colcon_core.verb:Building package 'fws_robot_sim' with the following arguments: {'ament_cmake_args': None, 'build_base': '/home/admin/Documents/projects/u-tour/pathing/remote-repos/learning/fws_robot_harmonic/build/fws_robot_sim', 'catkin_cmake_args': None, 'catkin_skip_building_tests': False, 'cmake_args': None, 'cmake_clean_cache': False, 'cmake_clean_first': False, 'cmake_force_configure': False, 'cmake_target': None, 'cmake_target_skip_unavailable': False, 'install_base': '/home/admin/Documents/projects/u-tour/pathing/remote-repos/learning/fws_robot_harmonic/install/fws_robot_sim', 'merge_install': False, 'path': '/home/admin/Documents/projects/u-tour/pathing/remote-repos/learning/fws_robot_harmonic/src/fws_robot_sim', 'symlink_install': False, 'test_result_base': None}
[0.645s] Level 5:colcon.colcon_core.verb:set package 'keyboard_msgs' build argument 'cmake_args' from command line to 'None'
[0.645s] Level 5:colcon.colcon_core.verb:set package 'keyboard_msgs' build argument 'cmake_target' from command line to 'None'
[0.645s] Level 5:colcon.colcon_core.verb:set package 'keyboard_msgs' build argument 'cmake_target_skip_unavailable' from command line to 'False'
[0.645s] Level 5:colcon.colcon_core.verb:set package 'keyboard_msgs' build argument 'cmake_clean_cache' from command line to 'False'
[0.645s] Level 5:colcon.colcon_core.verb:set package 'keyboard_msgs' build argument 'cmake_clean_first' from command line to 'False'
[0.646s] Level 5:colcon.colcon_core.verb:set package 'keyboard_msgs' build argument 'cmake_force_configure' from command line to 'False'
[0.646s] Level 5:colcon.colcon_core.verb:set package 'keyboard_msgs' build argument 'ament_cmake_args' from command line to 'None'
[0.646s] Level 5:colcon.colcon_core.verb:set package 'keyboard_msgs' build argument 'catkin_cmake_args' from command line to 'None'
[0.646s] Level 5:colcon.colcon_core.verb:set package 'keyboard_msgs' build argument 'catkin_skip_building_tests' from command line to 'False'
[0.646s] DEBUG:colcon.colcon_core.verb:Building package 'keyboard_msgs' with the following arguments: {'ament_cmake_args': None, 'build_base': '/home/admin/Documents/projects/u-tour/pathing/remote-repos/learning/fws_robot_harmonic/build/keyboard_msgs', 'catkin_cmake_args': None, 'catkin_skip_building_tests': False, 'cmake_args': None, 'cmake_clean_cache': False, 'cmake_clean_first': False, 'cmake_force_configure': False, 'cmake_target': None, 'cmake_target_skip_unavailable': False, 'install_base': '/home/admin/Documents/projects/u-tour/pathing/remote-repos/learning/fws_robot_harmonic/install/keyboard_msgs', 'merge_install': False, 'path': '/home/admin/Documents/projects/u-tour/pathing/remote-repos/learning/fws_robot_harmonic/src/ros2-keyboard/keyboard_msgs', 'symlink_install': False, 'test_result_base': None}
[0.646s] Level 5:colcon.colcon_core.verb:set package 'velocity_pub' build argument 'cmake_args' from command line to 'None'
[0.646s] Level 5:colcon.colcon_core.verb:set package 'velocity_pub' build argument 'cmake_target' from command line to 'None'
[0.646s] Level 5:colcon.colcon_core.verb:set package 'velocity_pub' build argument 'cmake_target_skip_unavailable' from command line to 'False'
[0.646s] Level 5:colcon.colcon_core.verb:set package 'velocity_pub' build argument 'cmake_clean_cache' from command line to 'False'
[0.646s] Level 5:colcon.colcon_core.verb:set package 'velocity_pub' build argument 'cmake_clean_first' from command line to 'False'
[0.646s] Level 5:colcon.colcon_core.verb:set package 'velocity_pub' build argument 'cmake_force_configure' from command line to 'False'
[0.646s] Level 5:colcon.colcon_core.verb:set package 'velocity_pub' build argument 'ament_cmake_args' from command line to 'None'
[0.646s] Level 5:colcon.colcon_core.verb:set package 'velocity_pub' build argument 'catkin_cmake_args' from command line to 'None'
[0.646s] Level 5:colcon.colcon_core.verb:set package 'velocity_pub' build argument 'catkin_skip_building_tests' from command line to 'False'
[0.646s] DEBUG:colcon.colcon_core.verb:Building package 'velocity_pub' with the following arguments: {'ament_cmake_args': None, 'build_base': '/home/admin/Documents/projects/u-tour/pathing/remote-repos/learning/fws_robot_harmonic/build/velocity_pub', 'catkin_cmake_args': None, 'catkin_skip_building_tests': False, 'cmake_args': None, 'cmake_clean_cache': False, 'cmake_clean_first': False, 'cmake_force_configure': False, 'cmake_target': None, 'cmake_target_skip_unavailable': False, 'install_base': '/home/admin/Documents/projects/u-tour/pathing/remote-repos/learning/fws_robot_harmonic/install/velocity_pub', 'merge_install': False, 'path': '/home/admin/Documents/projects/u-tour/pathing/remote-repos/learning/fws_robot_harmonic/src/velocity_pub', 'symlink_install': False, 'test_result_base': None}
[0.647s] Level 5:colcon.colcon_core.verb:set package 'keyboard' build argument 'cmake_args' from command line to 'None'
[0.647s] Level 5:colcon.colcon_core.verb:set package 'keyboard' build argument 'cmake_target' from command line to 'None'
[0.647s] Level 5:colcon.colcon_core.verb:set package 'keyboard' build argument 'cmake_target_skip_unavailable' from command line to 'False'
[0.647s] Level 5:colcon.colcon_core.verb:set package 'keyboard' build argument 'cmake_clean_cache' from command line to 'False'
[0.647s] Level 5:colcon.colcon_core.verb:set package 'keyboard' build argument 'cmake_clean_first' from command line to 'False'
[0.647s] Level 5:colcon.colcon_core.verb:set package 'keyboard' build argument 'cmake_force_configure' from command line to 'False'
[0.647s] Level 5:colcon.colcon_core.verb:set package 'keyboard' build argument 'ament_cmake_args' from command line to 'None'
[0.647s] Level 5:colcon.colcon_core.verb:set package 'keyboard' build argument 'catkin_cmake_args' from command line to 'None'
[0.647s] Level 5:colcon.colcon_core.verb:set package 'keyboard' build argument 'catkin_skip_building_tests' from command line to 'False'
[0.647s] DEBUG:colcon.colcon_core.verb:Building package 'keyboard' with the following arguments: {'ament_cmake_args': None, 'build_base': '/home/admin/Documents/projects/u-tour/pathing/remote-repos/learning/fws_robot_harmonic/build/keyboard', 'catkin_cmake_args': None, 'catkin_skip_building_tests': False, 'cmake_args': None, 'cmake_clean_cache': False, 'cmake_clean_first': False, 'cmake_force_configure': False, 'cmake_target': None, 'cmake_target_skip_unavailable': False, 'install_base': '/home/admin/Documents/projects/u-tour/pathing/remote-repos/learning/fws_robot_harmonic/install/keyboard', 'merge_install': False, 'path': '/home/admin/Documents/projects/u-tour/pathing/remote-repos/learning/fws_robot_harmonic/src/ros2-keyboard/keyboard', 'symlink_install': False, 'test_result_base': None}
[0.647s] INFO:colcon.colcon_core.executor:Executing jobs using 'parallel' executor
[0.649s] DEBUG:colcon.colcon_parallel_executor.executor.parallel:run_until_complete
[0.649s] INFO:colcon.colcon_ros.task.ament_cmake.build:Building ROS package in '/home/admin/Documents/projects/u-tour/pathing/remote-repos/learning/fws_robot_harmonic/src/ros2-keyboard/keyboard_msgs' with build type 'ament_cmake'
[0.650s] INFO:colcon.colcon_cmake.task.cmake.build:Building CMake package in '/home/admin/Documents/projects/u-tour/pathing/remote-repos/learning/fws_robot_harmonic/src/ros2-keyboard/keyboard_msgs'
[0.657s] INFO:colcon.colcon_core.plugin_system:Skipping extension 'colcon_core.shell.bat': Not used on non-Windows systems
[0.657s] INFO:colcon.colcon_core.shell:Skip shell extension 'powershell' for command environment: Not usable outside of PowerShell
[0.658s] DEBUG:colcon.colcon_core.shell:Skip shell extension 'dsv' for command environment
[0.664s] INFO:colcon.colcon_ros.task.ament_cmake.build:Building ROS package in '/home/admin/Documents/projects/u-tour/pathing/remote-repos/learning/fws_robot_harmonic/src/fws_robot_description' with build type 'ament_cmake'
[0.664s] INFO:colcon.colcon_cmake.task.cmake.build:Building CMake package in '/home/admin/Documents/projects/u-tour/pathing/remote-repos/learning/fws_robot_harmonic/src/fws_robot_description'
[0.665s] INFO:colcon.colcon_core.shell:Skip shell extension 'powershell' for command environment: Not usable outside of PowerShell
[0.665s] DEBUG:colcon.colcon_core.shell:Skip shell extension 'dsv' for command environment
[0.670s] INFO:colcon.colcon_ros.task.ament_cmake.build:Building ROS package in '/home/admin/Documents/projects/u-tour/pathing/remote-repos/learning/fws_robot_harmonic/src/fws_robot_sim' with build type 'ament_cmake'
[0.671s] INFO:colcon.colcon_cmake.task.cmake.build:Building CMake package in '/home/admin/Documents/projects/u-tour/pathing/remote-repos/learning/fws_robot_harmonic/src/fws_robot_sim'
[0.671s] INFO:colcon.colcon_core.shell:Skip shell extension 'powershell' for command environment: Not usable outside of PowerShell
[0.671s] DEBUG:colcon.colcon_core.shell:Skip shell extension 'dsv' for command environment
[0.677s] INFO:colcon.colcon_ros.task.ament_cmake.build:Building ROS package in '/home/admin/Documents/projects/u-tour/pathing/remote-repos/learning/fws_robot_harmonic/src/velocity_pub' with build type 'ament_cmake'
[0.677s] INFO:colcon.colcon_cmake.task.cmake.build:Building CMake package in '/home/admin/Documents/projects/u-tour/pathing/remote-repos/learning/fws_robot_harmonic/src/velocity_pub'
[0.678s] INFO:colcon.colcon_core.shell:Skip shell extension 'powershell' for command environment: Not usable outside of PowerShell
[0.678s] DEBUG:colcon.colcon_core.shell:Skip shell extension 'dsv' for command environment
[0.690s] DEBUG:colcon.colcon_core.event_handler.log_command:Invoking command in '/home/admin/Documents/projects/u-tour/pathing/remote-repos/learning/fws_robot_harmonic/build/keyboard_msgs': CMAKE_PREFIX_PATH=${CMAKE_PREFIX_PATH}:/opt/ros/jazzy DEBUGINFOD_URLS=https://debuginfod.ubuntu.com /usr/bin/cmake --build /home/admin/Documents/projects/u-tour/pathing/remote-repos/learning/fws_robot_harmonic/build/keyboard_msgs -- -j6 -l6
[0.698s] DEBUG:colcon.colcon_core.event_handler.log_command:Invoking command in '/home/admin/Documents/projects/u-tour/pathing/remote-repos/learning/fws_robot_harmonic/build/fws_robot_description': CMAKE_PREFIX_PATH=${CMAKE_PREFIX_PATH}:/opt/ros/jazzy DEBUGINFOD_URLS=https://debuginfod.ubuntu.com /usr/bin/cmake --build /home/admin/Documents/projects/u-tour/pathing/remote-repos/learning/fws_robot_harmonic/build/fws_robot_description -- -j6 -l6
[0.702s] DEBUG:colcon.colcon_core.event_handler.log_command:Invoking command in '/home/admin/Documents/projects/u-tour/pathing/remote-repos/learning/fws_robot_harmonic/build/fws_robot_sim': CMAKE_PREFIX_PATH=${CMAKE_PREFIX_PATH}:/opt/ros/jazzy DEBUGINFOD_URLS=https://debuginfod.ubuntu.com /usr/bin/cmake --build /home/admin/Documents/projects/u-tour/pathing/remote-repos/learning/fws_robot_harmonic/build/fws_robot_sim -- -j6 -l6
[0.709s] DEBUG:colcon.colcon_core.event_handler.log_command:Invoking command in '/home/admin/Documents/projects/u-tour/pathing/remote-repos/learning/fws_robot_harmonic/build/velocity_pub': CMAKE_PREFIX_PATH=${CMAKE_PREFIX_PATH}:/opt/ros/jazzy DEBUGINFOD_URLS=https://debuginfod.ubuntu.com /usr/bin/cmake --build /home/admin/Documents/projects/u-tour/pathing/remote-repos/learning/fws_robot_harmonic/build/velocity_pub -- -j6 -l6
[0.814s] DEBUG:colcon.colcon_core.event_handler.log_command:Invoked command in '/home/admin/Documents/projects/u-tour/pathing/remote-repos/learning/fws_robot_harmonic/build/fws_robot_sim' returned '0': CMAKE_PREFIX_PATH=${CMAKE_PREFIX_PATH}:/opt/ros/jazzy DEBUGINFOD_URLS=https://debuginfod.ubuntu.com /usr/bin/cmake --build /home/admin/Documents/projects/u-tour/pathing/remote-repos/learning/fws_robot_harmonic/build/fws_robot_sim -- -j6 -l6
[0.816s] DEBUG:colcon.colcon_core.event_handler.log_command:Invoked command in '/home/admin/Documents/projects/u-tour/pathing/remote-repos/learning/fws_robot_harmonic/build/velocity_pub' returned '0': CMAKE_PREFIX_PATH=${CMAKE_PREFIX_PATH}:/opt/ros/jazzy DEBUGINFOD_URLS=https://debuginfod.ubuntu.com /usr/bin/cmake --build /home/admin/Documents/projects/u-tour/pathing/remote-repos/learning/fws_robot_harmonic/build/velocity_pub -- -j6 -l6
[0.818s] DEBUG:colcon.colcon_core.event_handler.log_command:Invoked command in '/home/admin/Documents/projects/u-tour/pathing/remote-repos/learning/fws_robot_harmonic/build/fws_robot_description' returned '0': CMAKE_PREFIX_PATH=${CMAKE_PREFIX_PATH}:/opt/ros/jazzy DEBUGINFOD_URLS=https://debuginfod.ubuntu.com /usr/bin/cmake --build /home/admin/Documents/projects/u-tour/pathing/remote-repos/learning/fws_robot_harmonic/build/fws_robot_description -- -j6 -l6
[0.870s] DEBUG:colcon.colcon_core.event_handler.log_command:Invoking command in '/home/admin/Documents/projects/u-tour/pathing/remote-repos/learning/fws_robot_harmonic/build/velocity_pub': CMAKE_PREFIX_PATH=${CMAKE_PREFIX_PATH}:/opt/ros/jazzy DEBUGINFOD_URLS=https://debuginfod.ubuntu.com /usr/bin/cmake --install /home/admin/Documents/projects/u-tour/pathing/remote-repos/learning/fws_robot_harmonic/build/velocity_pub
[0.872s] DEBUG:colcon.colcon_core.event_handler.log_command:Invoking command in '/home/admin/Documents/projects/u-tour/pathing/remote-repos/learning/fws_robot_harmonic/build/fws_robot_sim': CMAKE_PREFIX_PATH=${CMAKE_PREFIX_PATH}:/opt/ros/jazzy DEBUGINFOD_URLS=https://debuginfod.ubuntu.com /usr/bin/cmake --install /home/admin/Documents/projects/u-tour/pathing/remote-repos/learning/fws_robot_harmonic/build/fws_robot_sim
[0.874s] DEBUG:colcon.colcon_core.event_handler.log_command:Invoking command in '/home/admin/Documents/projects/u-tour/pathing/remote-repos/learning/fws_robot_harmonic/build/fws_robot_description': CMAKE_PREFIX_PATH=${CMAKE_PREFIX_PATH}:/opt/ros/jazzy DEBUGINFOD_URLS=https://debuginfod.ubuntu.com /usr/bin/cmake --install /home/admin/Documents/projects/u-tour/pathing/remote-repos/learning/fws_robot_harmonic/build/fws_robot_description
[0.895s] Level 1:colcon.colcon_core.environment:create_environment_scripts_only(velocity_pub)
[0.907s] DEBUG:colcon.colcon_core.event_handler.log_command:Invoked command in '/home/admin/Documents/projects/u-tour/pathing/remote-repos/learning/fws_robot_harmonic/build/velocity_pub' returned '0': CMAKE_PREFIX_PATH=${CMAKE_PREFIX_PATH}:/opt/ros/jazzy DEBUGINFOD_URLS=https://debuginfod.ubuntu.com /usr/bin/cmake --install /home/admin/Documents/projects/u-tour/pathing/remote-repos/learning/fws_robot_harmonic/build/velocity_pub
[0.912s] Level 1:colcon.colcon_core.environment:checking '/home/admin/Documents/projects/u-tour/pathing/remote-repos/learning/fws_robot_harmonic/install/velocity_pub' for CMake module files
[0.916s] Level 1:colcon.colcon_core.environment:checking '/home/admin/Documents/projects/u-tour/pathing/remote-repos/learning/fws_robot_harmonic/install/velocity_pub' for CMake config files
[0.916s] Level 1:colcon.colcon_core.shell:create_environment_hook('velocity_pub', 'cmake_prefix_path')
[0.917s] INFO:colcon.colcon_core.shell:Creating environment hook '/home/admin/Documents/projects/u-tour/pathing/remote-repos/learning/fws_robot_harmonic/install/velocity_pub/share/velocity_pub/hook/cmake_prefix_path.ps1'
[0.918s] INFO:colcon.colcon_core.shell:Creating environment descriptor '/home/admin/Documents/projects/u-tour/pathing/remote-repos/learning/fws_robot_harmonic/install/velocity_pub/share/velocity_pub/hook/cmake_prefix_path.dsv'
[0.919s] INFO:colcon.colcon_core.shell:Creating environment hook '/home/admin/Documents/projects/u-tour/pathing/remote-repos/learning/fws_robot_harmonic/install/velocity_pub/share/velocity_pub/hook/cmake_prefix_path.sh'
[0.921s] Level 1:colcon.colcon_core.environment:checking '/home/admin/Documents/projects/u-tour/pathing/remote-repos/learning/fws_robot_harmonic/install/velocity_pub/lib'
[0.921s] Level 1:colcon.colcon_core.environment:checking '/home/admin/Documents/projects/u-tour/pathing/remote-repos/learning/fws_robot_harmonic/install/velocity_pub/bin'
[0.921s] Level 1:colcon.colcon_core.environment:checking '/home/admin/Documents/projects/u-tour/pathing/remote-repos/learning/fws_robot_harmonic/install/velocity_pub/lib/pkgconfig/velocity_pub.pc'
[0.922s] Level 1:colcon.colcon_core.environment:checking '/home/admin/Documents/projects/u-tour/pathing/remote-repos/learning/fws_robot_harmonic/install/velocity_pub/lib/python3.12/site-packages'
[0.922s] Level 1:colcon.colcon_core.environment:checking '/home/admin/Documents/projects/u-tour/pathing/remote-repos/learning/fws_robot_harmonic/install/velocity_pub/bin'
[0.923s] INFO:colcon.colcon_core.shell:Creating package script '/home/admin/Documents/projects/u-tour/pathing/remote-repos/learning/fws_robot_harmonic/install/velocity_pub/share/velocity_pub/package.ps1'
[0.924s] INFO:colcon.colcon_core.shell:Creating package descriptor '/home/admin/Documents/projects/u-tour/pathing/remote-repos/learning/fws_robot_harmonic/install/velocity_pub/share/velocity_pub/package.dsv'
[0.926s] INFO:colcon.colcon_core.shell:Creating package script '/home/admin/Documents/projects/u-tour/pathing/remote-repos/learning/fws_robot_harmonic/install/velocity_pub/share/velocity_pub/package.sh'
[0.928s] INFO:colcon.colcon_core.shell:Creating package script '/home/admin/Documents/projects/u-tour/pathing/remote-repos/learning/fws_robot_harmonic/install/velocity_pub/share/velocity_pub/package.bash'
[0.932s] INFO:colcon.colcon_core.shell:Creating package script '/home/admin/Documents/projects/u-tour/pathing/remote-repos/learning/fws_robot_harmonic/install/velocity_pub/share/velocity_pub/package.zsh'
[0.934s] Level 1:colcon.colcon_core.environment:create_file_with_runtime_dependencies(/home/admin/Documents/projects/u-tour/pathing/remote-repos/learning/fws_robot_harmonic/install/velocity_pub/share/colcon-core/packages/velocity_pub)
[0.937s] Level 1:colcon.colcon_core.environment:create_environment_scripts_only(fws_robot_sim)
[0.937s] Level 1:colcon.colcon_core.environment:checking '/home/admin/Documents/projects/u-tour/pathing/remote-repos/learning/fws_robot_harmonic/install/fws_robot_sim' for CMake module files
[0.938s] DEBUG:colcon.colcon_core.event_handler.log_command:Invoked command in '/home/admin/Documents/projects/u-tour/pathing/remote-repos/learning/fws_robot_harmonic/build/fws_robot_sim' returned '0': CMAKE_PREFIX_PATH=${CMAKE_PREFIX_PATH}:/opt/ros/jazzy DEBUGINFOD_URLS=https://debuginfod.ubuntu.com /usr/bin/cmake --install /home/admin/Documents/projects/u-tour/pathing/remote-repos/learning/fws_robot_harmonic/build/fws_robot_sim
[0.939s] Level 1:colcon.colcon_core.environment:checking '/home/admin/Documents/projects/u-tour/pathing/remote-repos/learning/fws_robot_harmonic/install/fws_robot_sim' for CMake config files
[0.939s] Level 1:colcon.colcon_core.shell:create_environment_hook('fws_robot_sim', 'cmake_prefix_path')
[0.939s] INFO:colcon.colcon_core.shell:Creating environment hook '/home/admin/Documents/projects/u-tour/pathing/remote-repos/learning/fws_robot_harmonic/install/fws_robot_sim/share/fws_robot_sim/hook/cmake_prefix_path.ps1'
[0.940s] INFO:colcon.colcon_core.shell:Creating environment descriptor '/home/admin/Documents/projects/u-tour/pathing/remote-repos/learning/fws_robot_harmonic/install/fws_robot_sim/share/fws_robot_sim/hook/cmake_prefix_path.dsv'
[0.941s] INFO:colcon.colcon_core.shell:Creating environment hook '/home/admin/Documents/projects/u-tour/pathing/remote-repos/learning/fws_robot_harmonic/install/fws_robot_sim/share/fws_robot_sim/hook/cmake_prefix_path.sh'
[0.942s] Level 1:colcon.colcon_core.environment:checking '/home/admin/Documents/projects/u-tour/pathing/remote-repos/learning/fws_robot_harmonic/install/fws_robot_sim/bin'
[0.942s] Level 1:colcon.colcon_core.environment:checking '/home/admin/Documents/projects/u-tour/pathing/remote-repos/learning/fws_robot_harmonic/install/fws_robot_sim/lib/pkgconfig/fws_robot_sim.pc'
[0.942s] Level 1:colcon.colcon_core.environment:checking '/home/admin/Documents/projects/u-tour/pathing/remote-repos/learning/fws_robot_harmonic/install/fws_robot_sim/lib/python3.12/site-packages'
[0.943s] Level 1:colcon.colcon_core.environment:checking '/home/admin/Documents/projects/u-tour/pathing/remote-repos/learning/fws_robot_harmonic/install/fws_robot_sim/bin'
[0.943s] INFO:colcon.colcon_core.shell:Creating package script '/home/admin/Documents/projects/u-tour/pathing/remote-repos/learning/fws_robot_harmonic/install/fws_robot_sim/share/fws_robot_sim/package.ps1'
[0.944s] INFO:colcon.colcon_core.shell:Creating package descriptor '/home/admin/Documents/projects/u-tour/pathing/remote-repos/learning/fws_robot_harmonic/install/fws_robot_sim/share/fws_robot_sim/package.dsv'
[0.944s] INFO:colcon.colcon_core.shell:Creating package script '/home/admin/Documents/projects/u-tour/pathing/remote-repos/learning/fws_robot_harmonic/install/fws_robot_sim/share/fws_robot_sim/package.sh'
[0.945s] INFO:colcon.colcon_core.shell:Creating package script '/home/admin/Documents/projects/u-tour/pathing/remote-repos/learning/fws_robot_harmonic/install/fws_robot_sim/share/fws_robot_sim/package.bash'
[0.946s] INFO:colcon.colcon_core.shell:Creating package script '/home/admin/Documents/projects/u-tour/pathing/remote-repos/learning/fws_robot_harmonic/install/fws_robot_sim/share/fws_robot_sim/package.zsh'
[0.946s] Level 1:colcon.colcon_core.environment:create_file_with_runtime_dependencies(/home/admin/Documents/projects/u-tour/pathing/remote-repos/learning/fws_robot_harmonic/install/fws_robot_sim/share/colcon-core/packages/fws_robot_sim)
[0.951s] Level 1:colcon.colcon_core.environment:create_environment_scripts_only(fws_robot_description)
[0.951s] Level 1:colcon.colcon_core.environment:checking '/home/admin/Documents/projects/u-tour/pathing/remote-repos/learning/fws_robot_harmonic/install/fws_robot_description' for CMake module files
[0.952s] Level 1:colcon.colcon_core.environment:checking '/home/admin/Documents/projects/u-tour/pathing/remote-repos/learning/fws_robot_harmonic/install/fws_robot_description' for CMake config files
[0.952s] Level 1:colcon.colcon_core.shell:create_environment_hook('fws_robot_description', 'cmake_prefix_path')
[0.953s] INFO:colcon.colcon_core.shell:Creating environment hook '/home/admin/Documents/projects/u-tour/pathing/remote-repos/learning/fws_robot_harmonic/install/fws_robot_description/share/fws_robot_description/hook/cmake_prefix_path.ps1'
[0.953s] INFO:colcon.colcon_core.shell:Creating environment descriptor '/home/admin/Documents/projects/u-tour/pathing/remote-repos/learning/fws_robot_harmonic/install/fws_robot_description/share/fws_robot_description/hook/cmake_prefix_path.dsv'
[0.954s] INFO:colcon.colcon_core.shell:Creating environment hook '/home/admin/Documents/projects/u-tour/pathing/remote-repos/learning/fws_robot_harmonic/install/fws_robot_description/share/fws_robot_description/hook/cmake_prefix_path.sh'
[0.955s] DEBUG:colcon.colcon_core.event_handler.log_command:Invoked command in '/home/admin/Documents/projects/u-tour/pathing/remote-repos/learning/fws_robot_harmonic/build/fws_robot_description' returned '0': CMAKE_PREFIX_PATH=${CMAKE_PREFIX_PATH}:/opt/ros/jazzy DEBUGINFOD_URLS=https://debuginfod.ubuntu.com /usr/bin/cmake --install /home/admin/Documents/projects/u-tour/pathing/remote-repos/learning/fws_robot_harmonic/build/fws_robot_description
[0.956s] Level 1:colcon.colcon_core.environment:checking '/home/admin/Documents/projects/u-tour/pathing/remote-repos/learning/fws_robot_harmonic/install/fws_robot_description/bin'
[0.956s] Level 1:colcon.colcon_core.environment:checking '/home/admin/Documents/projects/u-tour/pathing/remote-repos/learning/fws_robot_harmonic/install/fws_robot_description/lib/pkgconfig/fws_robot_description.pc'
[0.956s] Level 1:colcon.colcon_core.environment:checking '/home/admin/Documents/projects/u-tour/pathing/remote-repos/learning/fws_robot_harmonic/install/fws_robot_description/lib/python3.12/site-packages'
[0.957s] Level 1:colcon.colcon_core.environment:checking '/home/admin/Documents/projects/u-tour/pathing/remote-repos/learning/fws_robot_harmonic/install/fws_robot_description/bin'
[0.957s] INFO:colcon.colcon_core.shell:Creating package script '/home/admin/Documents/projects/u-tour/pathing/remote-repos/learning/fws_robot_harmonic/install/fws_robot_description/share/fws_robot_description/package.ps1'
[0.958s] INFO:colcon.colcon_core.shell:Creating package descriptor '/home/admin/Documents/projects/u-tour/pathing/remote-repos/learning/fws_robot_harmonic/install/fws_robot_description/share/fws_robot_description/package.dsv'
[0.959s] INFO:colcon.colcon_core.shell:Creating package script '/home/admin/Documents/projects/u-tour/pathing/remote-repos/learning/fws_robot_harmonic/install/fws_robot_description/share/fws_robot_description/package.sh'
[0.959s] INFO:colcon.colcon_core.shell:Creating package script '/home/admin/Documents/projects/u-tour/pathing/remote-repos/learning/fws_robot_harmonic/install/fws_robot_description/share/fws_robot_description/package.bash'
[0.960s] INFO:colcon.colcon_core.shell:Creating package script '/home/admin/Documents/projects/u-tour/pathing/remote-repos/learning/fws_robot_harmonic/install/fws_robot_description/share/fws_robot_description/package.zsh'
[0.960s] Level 1:colcon.colcon_core.environment:create_file_with_runtime_dependencies(/home/admin/Documents/projects/u-tour/pathing/remote-repos/learning/fws_robot_harmonic/install/fws_robot_description/share/colcon-core/packages/fws_robot_description)
[0.974s] Level 1:colcon.colcon_core.environment:create_environment_scripts_only(velocity_pub)
[0.974s] Level 1:colcon.colcon_core.environment:checking '/home/admin/Documents/projects/u-tour/pathing/remote-repos/learning/fws_robot_harmonic/install/velocity_pub' for CMake module files
[0.975s] Level 1:colcon.colcon_core.environment:checking '/home/admin/Documents/projects/u-tour/pathing/remote-repos/learning/fws_robot_harmonic/install/velocity_pub' for CMake config files
[0.975s] Level 1:colcon.colcon_core.shell:create_environment_hook('velocity_pub', 'cmake_prefix_path')
[0.976s] INFO:colcon.colcon_core.shell:Creating environment hook '/home/admin/Documents/projects/u-tour/pathing/remote-repos/learning/fws_robot_harmonic/install/velocity_pub/share/velocity_pub/hook/cmake_prefix_path.ps1'
[0.976s] INFO:colcon.colcon_core.shell:Creating environment descriptor '/home/admin/Documents/projects/u-tour/pathing/remote-repos/learning/fws_robot_harmonic/install/velocity_pub/share/velocity_pub/hook/cmake_prefix_path.dsv'
[0.977s] INFO:colcon.colcon_core.shell:Creating environment hook '/home/admin/Documents/projects/u-tour/pathing/remote-repos/learning/fws_robot_harmonic/install/velocity_pub/share/velocity_pub/hook/cmake_prefix_path.sh'
[0.978s] Level 1:colcon.colcon_core.environment:checking '/home/admin/Documents/projects/u-tour/pathing/remote-repos/learning/fws_robot_harmonic/install/velocity_pub/lib'
[0.978s] Level 1:colcon.colcon_core.environment:checking '/home/admin/Documents/projects/u-tour/pathing/remote-repos/learning/fws_robot_harmonic/install/velocity_pub/bin'
[0.978s] Level 1:colcon.colcon_core.environment:checking '/home/admin/Documents/projects/u-tour/pathing/remote-repos/learning/fws_robot_harmonic/install/velocity_pub/lib/pkgconfig/velocity_pub.pc'
[0.978s] Level 1:colcon.colcon_core.environment:checking '/home/admin/Documents/projects/u-tour/pathing/remote-repos/learning/fws_robot_harmonic/install/velocity_pub/lib/python3.12/site-packages'
[0.979s] Level 1:colcon.colcon_core.environment:checking '/home/admin/Documents/projects/u-tour/pathing/remote-repos/learning/fws_robot_harmonic/install/velocity_pub/bin'
[0.979s] INFO:colcon.colcon_core.shell:Creating package script '/home/admin/Documents/projects/u-tour/pathing/remote-repos/learning/fws_robot_harmonic/install/velocity_pub/share/velocity_pub/package.ps1'
[0.980s] INFO:colcon.colcon_core.shell:Creating package descriptor '/home/admin/Documents/projects/u-tour/pathing/remote-repos/learning/fws_robot_harmonic/install/velocity_pub/share/velocity_pub/package.dsv'
[0.981s] INFO:colcon.colcon_core.shell:Creating package script '/home/admin/Documents/projects/u-tour/pathing/remote-repos/learning/fws_robot_harmonic/install/velocity_pub/share/velocity_pub/package.sh'
[0.981s] INFO:colcon.colcon_core.shell:Creating package script '/home/admin/Documents/projects/u-tour/pathing/remote-repos/learning/fws_robot_harmonic/install/velocity_pub/share/velocity_pub/package.bash'
[0.982s] INFO:colcon.colcon_core.shell:Creating package script '/home/admin/Documents/projects/u-tour/pathing/remote-repos/learning/fws_robot_harmonic/install/velocity_pub/share/velocity_pub/package.zsh'
[0.982s] Level 1:colcon.colcon_core.environment:create_file_with_runtime_dependencies(/home/admin/Documents/projects/u-tour/pathing/remote-repos/learning/fws_robot_harmonic/install/velocity_pub/share/colcon-core/packages/velocity_pub)
[0.988s] Level 1:colcon.colcon_core.environment:create_environment_scripts_only(fws_robot_sim)
[0.989s] Level 1:colcon.colcon_core.environment:checking '/home/admin/Documents/projects/u-tour/pathing/remote-repos/learning/fws_robot_harmonic/install/fws_robot_sim' for CMake module files
[0.990s] Level 1:colcon.colcon_core.environment:checking '/home/admin/Documents/projects/u-tour/pathing/remote-repos/learning/fws_robot_harmonic/install/fws_robot_sim' for CMake config files
[0.990s] Level 1:colcon.colcon_core.shell:create_environment_hook('fws_robot_sim', 'cmake_prefix_path')
[0.991s] INFO:colcon.colcon_core.shell:Creating environment hook '/home/admin/Documents/projects/u-tour/pathing/remote-repos/learning/fws_robot_harmonic/install/fws_robot_sim/share/fws_robot_sim/hook/cmake_prefix_path.ps1'
[0.992s] INFO:colcon.colcon_core.shell:Creating environment descriptor '/home/admin/Documents/projects/u-tour/pathing/remote-repos/learning/fws_robot_harmonic/install/fws_robot_sim/share/fws_robot_sim/hook/cmake_prefix_path.dsv'
[0.992s] INFO:colcon.colcon_core.shell:Creating environment hook '/home/admin/Documents/projects/u-tour/pathing/remote-repos/learning/fws_robot_harmonic/install/fws_robot_sim/share/fws_robot_sim/hook/cmake_prefix_path.sh'
[0.993s] Level 1:colcon.colcon_core.environment:checking '/home/admin/Documents/projects/u-tour/pathing/remote-repos/learning/fws_robot_harmonic/install/fws_robot_sim/bin'
[0.993s] Level 1:colcon.colcon_core.environment:checking '/home/admin/Documents/projects/u-tour/pathing/remote-repos/learning/fws_robot_harmonic/install/fws_robot_sim/lib/pkgconfig/fws_robot_sim.pc'
[0.994s] Level 1:colcon.colcon_core.environment:checking '/home/admin/Documents/projects/u-tour/pathing/remote-repos/learning/fws_robot_harmonic/install/fws_robot_sim/lib/python3.12/site-packages'
[0.994s] Level 1:colcon.colcon_core.environment:checking '/home/admin/Documents/projects/u-tour/pathing/remote-repos/learning/fws_robot_harmonic/install/fws_robot_sim/bin'
[0.995s] INFO:colcon.colcon_core.shell:Creating package script '/home/admin/Documents/projects/u-tour/pathing/remote-repos/learning/fws_robot_harmonic/install/fws_robot_sim/share/fws_robot_sim/package.ps1'
[0.995s] INFO:colcon.colcon_core.shell:Creating package descriptor '/home/admin/Documents/projects/u-tour/pathing/remote-repos/learning/fws_robot_harmonic/install/fws_robot_sim/share/fws_robot_sim/package.dsv'
[0.996s] INFO:colcon.colcon_core.shell:Creating package script '/home/admin/Documents/projects/u-tour/pathing/remote-repos/learning/fws_robot_harmonic/install/fws_robot_sim/share/fws_robot_sim/package.sh'
[0.997s] INFO:colcon.colcon_core.shell:Creating package script '/home/admin/Documents/projects/u-tour/pathing/remote-repos/learning/fws_robot_harmonic/install/fws_robot_sim/share/fws_robot_sim/package.bash'
[0.998s] INFO:colcon.colcon_core.shell:Creating package script '/home/admin/Documents/projects/u-tour/pathing/remote-repos/learning/fws_robot_harmonic/install/fws_robot_sim/share/fws_robot_sim/package.zsh'
[0.998s] Level 1:colcon.colcon_core.environment:create_file_with_runtime_dependencies(/home/admin/Documents/projects/u-tour/pathing/remote-repos/learning/fws_robot_harmonic/install/fws_robot_sim/share/colcon-core/packages/fws_robot_sim)
[1.000s] Level 1:colcon.colcon_core.environment:create_environment_scripts_only(fws_robot_description)
[1.000s] Level 1:colcon.colcon_core.environment:checking '/home/admin/Documents/projects/u-tour/pathing/remote-repos/learning/fws_robot_harmonic/install/fws_robot_description' for CMake module files
[1.001s] Level 1:colcon.colcon_core.environment:checking '/home/admin/Documents/projects/u-tour/pathing/remote-repos/learning/fws_robot_harmonic/install/fws_robot_description' for CMake config files
[1.001s] Level 1:colcon.colcon_core.shell:create_environment_hook('fws_robot_description', 'cmake_prefix_path')
[1.002s] INFO:colcon.colcon_core.shell:Creating environment hook '/home/admin/Documents/projects/u-tour/pathing/remote-repos/learning/fws_robot_harmonic/install/fws_robot_description/share/fws_robot_description/hook/cmake_prefix_path.ps1'
[1.002s] INFO:colcon.colcon_core.shell:Creating environment descriptor '/home/admin/Documents/projects/u-tour/pathing/remote-repos/learning/fws_robot_harmonic/install/fws_robot_description/share/fws_robot_description/hook/cmake_prefix_path.dsv'
[1.003s] INFO:colcon.colcon_core.shell:Creating environment hook '/home/admin/Documents/projects/u-tour/pathing/remote-repos/learning/fws_robot_harmonic/install/fws_robot_description/share/fws_robot_description/hook/cmake_prefix_path.sh'
[1.003s] Level 1:colcon.colcon_core.environment:checking '/home/admin/Documents/projects/u-tour/pathing/remote-repos/learning/fws_robot_harmonic/install/fws_robot_description/bin'
[1.004s] Level 1:colcon.colcon_core.environment:checking '/home/admin/Documents/projects/u-tour/pathing/remote-repos/learning/fws_robot_harmonic/install/fws_robot_description/lib/pkgconfig/fws_robot_description.pc'
[1.004s] Level 1:colcon.colcon_core.environment:checking '/home/admin/Documents/projects/u-tour/pathing/remote-repos/learning/fws_robot_harmonic/install/fws_robot_description/lib/python3.12/site-packages'
[1.004s] Level 1:colcon.colcon_core.environment:checking '/home/admin/Documents/projects/u-tour/pathing/remote-repos/learning/fws_robot_harmonic/install/fws_robot_description/bin'
[1.005s] INFO:colcon.colcon_core.shell:Creating package script '/home/admin/Documents/projects/u-tour/pathing/remote-repos/learning/fws_robot_harmonic/install/fws_robot_description/share/fws_robot_description/package.ps1'
[1.005s] INFO:colcon.colcon_core.shell:Creating package descriptor '/home/admin/Documents/projects/u-tour/pathing/remote-repos/learning/fws_robot_harmonic/install/fws_robot_description/share/fws_robot_description/package.dsv'
[1.006s] INFO:colcon.colcon_core.shell:Creating package script '/home/admin/Documents/projects/u-tour/pathing/remote-repos/learning/fws_robot_harmonic/install/fws_robot_description/share/fws_robot_description/package.sh'
[1.006s] INFO:colcon.colcon_core.shell:Creating package script '/home/admin/Documents/projects/u-tour/pathing/remote-repos/learning/fws_robot_harmonic/install/fws_robot_description/share/fws_robot_description/package.bash'
[1.007s] INFO:colcon.colcon_core.shell:Creating package script '/home/admin/Documents/projects/u-tour/pathing/remote-repos/learning/fws_robot_harmonic/install/fws_robot_description/share/fws_robot_description/package.zsh'
[1.007s] Level 1:colcon.colcon_core.environment:create_file_with_runtime_dependencies(/home/admin/Documents/projects/u-tour/pathing/remote-repos/learning/fws_robot_harmonic/install/fws_robot_description/share/colcon-core/packages/fws_robot_description)
[1.432s] DEBUG:colcon.colcon_core.event_handler.log_command:Invoked command in '/home/admin/Documents/projects/u-tour/pathing/remote-repos/learning/fws_robot_harmonic/build/keyboard_msgs' returned '0': CMAKE_PREFIX_PATH=${CMAKE_PREFIX_PATH}:/opt/ros/jazzy DEBUGINFOD_URLS=https://debuginfod.ubuntu.com /usr/bin/cmake --build /home/admin/Documents/projects/u-tour/pathing/remote-repos/learning/fws_robot_harmonic/build/keyboard_msgs -- -j6 -l6
[1.538s] DEBUG:colcon.colcon_core.event_handler.log_command:Invoking command in '/home/admin/Documents/projects/u-tour/pathing/remote-repos/learning/fws_robot_harmonic/build/keyboard_msgs': CMAKE_PREFIX_PATH=${CMAKE_PREFIX_PATH}:/opt/ros/jazzy DEBUGINFOD_URLS=https://debuginfod.ubuntu.com /usr/bin/cmake --install /home/admin/Documents/projects/u-tour/pathing/remote-repos/learning/fws_robot_harmonic/build/keyboard_msgs
[1.630s] Level 1:colcon.colcon_core.environment:create_environment_scripts_only(keyboard_msgs)
[1.631s] Level 1:colcon.colcon_core.environment:checking '/home/admin/Documents/projects/u-tour/pathing/remote-repos/learning/fws_robot_harmonic/install/keyboard_msgs' for CMake module files
[1.631s] DEBUG:colcon.colcon_core.event_handler.log_command:Invoked command in '/home/admin/Documents/projects/u-tour/pathing/remote-repos/learning/fws_robot_harmonic/build/keyboard_msgs' returned '0': CMAKE_PREFIX_PATH=${CMAKE_PREFIX_PATH}:/opt/ros/jazzy DEBUGINFOD_URLS=https://debuginfod.ubuntu.com /usr/bin/cmake --install /home/admin/Documents/projects/u-tour/pathing/remote-repos/learning/fws_robot_harmonic/build/keyboard_msgs
[1.632s] Level 1:colcon.colcon_core.environment:checking '/home/admin/Documents/projects/u-tour/pathing/remote-repos/learning/fws_robot_harmonic/install/keyboard_msgs' for CMake config files
[1.633s] Level 1:colcon.colcon_core.shell:create_environment_hook('keyboard_msgs', 'cmake_prefix_path')
[1.633s] INFO:colcon.colcon_core.shell:Creating environment hook '/home/admin/Documents/projects/u-tour/pathing/remote-repos/learning/fws_robot_harmonic/install/keyboard_msgs/share/keyboard_msgs/hook/cmake_prefix_path.ps1'
[1.634s] INFO:colcon.colcon_core.shell:Creating environment descriptor '/home/admin/Documents/projects/u-tour/pathing/remote-repos/learning/fws_robot_harmonic/install/keyboard_msgs/share/keyboard_msgs/hook/cmake_prefix_path.dsv'
[1.635s] INFO:colcon.colcon_core.shell:Creating environment hook '/home/admin/Documents/projects/u-tour/pathing/remote-repos/learning/fws_robot_harmonic/install/keyboard_msgs/share/keyboard_msgs/hook/cmake_prefix_path.sh'
[1.635s] Level 1:colcon.colcon_core.environment:checking '/home/admin/Documents/projects/u-tour/pathing/remote-repos/learning/fws_robot_harmonic/install/keyboard_msgs/lib'
[1.636s] Level 1:colcon.colcon_core.shell:create_environment_hook('keyboard_msgs', 'ld_library_path_lib')
[1.636s] INFO:colcon.colcon_core.shell:Creating environment hook '/home/admin/Documents/projects/u-tour/pathing/remote-repos/learning/fws_robot_harmonic/install/keyboard_msgs/share/keyboard_msgs/hook/ld_library_path_lib.ps1'
[1.636s] INFO:colcon.colcon_core.shell:Creating environment descriptor '/home/admin/Documents/projects/u-tour/pathing/remote-repos/learning/fws_robot_harmonic/install/keyboard_msgs/share/keyboard_msgs/hook/ld_library_path_lib.dsv'
[1.637s] INFO:colcon.colcon_core.shell:Creating environment hook '/home/admin/Documents/projects/u-tour/pathing/remote-repos/learning/fws_robot_harmonic/install/keyboard_msgs/share/keyboard_msgs/hook/ld_library_path_lib.sh'
[1.637s] Level 1:colcon.colcon_core.environment:checking '/home/admin/Documents/projects/u-tour/pathing/remote-repos/learning/fws_robot_harmonic/install/keyboard_msgs/bin'
[1.637s] Level 1:colcon.colcon_core.environment:checking '/home/admin/Documents/projects/u-tour/pathing/remote-repos/learning/fws_robot_harmonic/install/keyboard_msgs/lib/pkgconfig/keyboard_msgs.pc'
[1.638s] Level 1:colcon.colcon_core.environment:checking '/home/admin/Documents/projects/u-tour/pathing/remote-repos/learning/fws_robot_harmonic/install/keyboard_msgs/lib/python3.12/site-packages'
[1.638s] Level 1:colcon.colcon_core.shell:create_environment_hook('keyboard_msgs', 'pythonpath')
[1.638s] INFO:colcon.colcon_core.shell:Creating environment hook '/home/admin/Documents/projects/u-tour/pathing/remote-repos/learning/fws_robot_harmonic/install/keyboard_msgs/share/keyboard_msgs/hook/pythonpath.ps1'
[1.639s] INFO:colcon.colcon_core.shell:Creating environment descriptor '/home/admin/Documents/projects/u-tour/pathing/remote-repos/learning/fws_robot_harmonic/install/keyboard_msgs/share/keyboard_msgs/hook/pythonpath.dsv'
[1.639s] INFO:colcon.colcon_core.shell:Creating environment hook '/home/admin/Documents/projects/u-tour/pathing/remote-repos/learning/fws_robot_harmonic/install/keyboard_msgs/share/keyboard_msgs/hook/pythonpath.sh'
[1.640s] Level 1:colcon.colcon_core.environment:checking '/home/admin/Documents/projects/u-tour/pathing/remote-repos/learning/fws_robot_harmonic/install/keyboard_msgs/bin'
[1.641s] INFO:colcon.colcon_core.shell:Creating package script '/home/admin/Documents/projects/u-tour/pathing/remote-repos/learning/fws_robot_harmonic/install/keyboard_msgs/share/keyboard_msgs/package.ps1'
[1.641s] INFO:colcon.colcon_core.shell:Creating package descriptor '/home/admin/Documents/projects/u-tour/pathing/remote-repos/learning/fws_robot_harmonic/install/keyboard_msgs/share/keyboard_msgs/package.dsv'
[1.642s] INFO:colcon.colcon_core.shell:Creating package script '/home/admin/Documents/projects/u-tour/pathing/remote-repos/learning/fws_robot_harmonic/install/keyboard_msgs/share/keyboard_msgs/package.sh'
[1.642s] INFO:colcon.colcon_core.shell:Creating package script '/home/admin/Documents/projects/u-tour/pathing/remote-repos/learning/fws_robot_harmonic/install/keyboard_msgs/share/keyboard_msgs/package.bash'
[1.643s] INFO:colcon.colcon_core.shell:Creating package script '/home/admin/Documents/projects/u-tour/pathing/remote-repos/learning/fws_robot_harmonic/install/keyboard_msgs/share/keyboard_msgs/package.zsh'
[1.643s] Level 1:colcon.colcon_core.environment:create_file_with_runtime_dependencies(/home/admin/Documents/projects/u-tour/pathing/remote-repos/learning/fws_robot_harmonic/install/keyboard_msgs/share/colcon-core/packages/keyboard_msgs)
[1.747s] Level 1:colcon.colcon_core.environment:create_environment_scripts_only(keyboard_msgs)
[1.748s] Level 1:colcon.colcon_core.environment:checking '/home/admin/Documents/projects/u-tour/pathing/remote-repos/learning/fws_robot_harmonic/install/keyboard_msgs' for CMake module files
[1.749s] Level 1:colcon.colcon_core.environment:checking '/home/admin/Documents/projects/u-tour/pathing/remote-repos/learning/fws_robot_harmonic/install/keyboard_msgs' for CMake config files
[1.750s] Level 1:colcon.colcon_core.shell:create_environment_hook('keyboard_msgs', 'cmake_prefix_path')
[1.750s] INFO:colcon.colcon_core.shell:Creating environment hook '/home/admin/Documents/projects/u-tour/pathing/remote-repos/learning/fws_robot_harmonic/install/keyboard_msgs/share/keyboard_msgs/hook/cmake_prefix_path.ps1'
[1.751s] INFO:colcon.colcon_core.shell:Creating environment descriptor '/home/admin/Documents/projects/u-tour/pathing/remote-repos/learning/fws_robot_harmonic/install/keyboard_msgs/share/keyboard_msgs/hook/cmake_prefix_path.dsv'
[1.751s] INFO:colcon.colcon_core.shell:Creating environment hook '/home/admin/Documents/projects/u-tour/pathing/remote-repos/learning/fws_robot_harmonic/install/keyboard_msgs/share/keyboard_msgs/hook/cmake_prefix_path.sh'
[1.752s] Level 1:colcon.colcon_core.environment:checking '/home/admin/Documents/projects/u-tour/pathing/remote-repos/learning/fws_robot_harmonic/install/keyboard_msgs/lib'
[1.752s] Level 1:colcon.colcon_core.shell:create_environment_hook('keyboard_msgs', 'ld_library_path_lib')
[1.752s] INFO:colcon.colcon_core.shell:Creating environment hook '/home/admin/Documents/projects/u-tour/pathing/remote-repos/learning/fws_robot_harmonic/install/keyboard_msgs/share/keyboard_msgs/hook/ld_library_path_lib.ps1'
[1.753s] INFO:colcon.colcon_core.shell:Creating environment descriptor '/home/admin/Documents/projects/u-tour/pathing/remote-repos/learning/fws_robot_harmonic/install/keyboard_msgs/share/keyboard_msgs/hook/ld_library_path_lib.dsv'
[1.753s] INFO:colcon.colcon_core.shell:Creating environment hook '/home/admin/Documents/projects/u-tour/pathing/remote-repos/learning/fws_robot_harmonic/install/keyboard_msgs/share/keyboard_msgs/hook/ld_library_path_lib.sh'
[1.754s] Level 1:colcon.colcon_core.environment:checking '/home/admin/Documents/projects/u-tour/pathing/remote-repos/learning/fws_robot_harmonic/install/keyboard_msgs/bin'
[1.754s] Level 1:colcon.colcon_core.environment:checking '/home/admin/Documents/projects/u-tour/pathing/remote-repos/learning/fws_robot_harmonic/install/keyboard_msgs/lib/pkgconfig/keyboard_msgs.pc'
[1.754s] Level 1:colcon.colcon_core.environment:checking '/home/admin/Documents/projects/u-tour/pathing/remote-repos/learning/fws_robot_harmonic/install/keyboard_msgs/lib/python3.12/site-packages'
[1.755s] Level 1:colcon.colcon_core.shell:create_environment_hook('keyboard_msgs', 'pythonpath')
[1.755s] INFO:colcon.colcon_core.shell:Creating environment hook '/home/admin/Documents/projects/u-tour/pathing/remote-repos/learning/fws_robot_harmonic/install/keyboard_msgs/share/keyboard_msgs/hook/pythonpath.ps1'
[1.755s] INFO:colcon.colcon_core.shell:Creating environment descriptor '/home/admin/Documents/projects/u-tour/pathing/remote-repos/learning/fws_robot_harmonic/install/keyboard_msgs/share/keyboard_msgs/hook/pythonpath.dsv'
[1.756s] INFO:colcon.colcon_core.shell:Creating environment hook '/home/admin/Documents/projects/u-tour/pathing/remote-repos/learning/fws_robot_harmonic/install/keyboard_msgs/share/keyboard_msgs/hook/pythonpath.sh'
[1.757s] Level 1:colcon.colcon_core.environment:checking '/home/admin/Documents/projects/u-tour/pathing/remote-repos/learning/fws_robot_harmonic/install/keyboard_msgs/bin'
[1.757s] INFO:colcon.colcon_core.shell:Creating package script '/home/admin/Documents/projects/u-tour/pathing/remote-repos/learning/fws_robot_harmonic/install/keyboard_msgs/share/keyboard_msgs/package.ps1'
[1.758s] INFO:colcon.colcon_core.shell:Creating package descriptor '/home/admin/Documents/projects/u-tour/pathing/remote-repos/learning/fws_robot_harmonic/install/keyboard_msgs/share/keyboard_msgs/package.dsv'
[1.759s] INFO:colcon.colcon_core.shell:Creating package script '/home/admin/Documents/projects/u-tour/pathing/remote-repos/learning/fws_robot_harmonic/install/keyboard_msgs/share/keyboard_msgs/package.sh'
[1.759s] INFO:colcon.colcon_core.shell:Creating package script '/home/admin/Documents/projects/u-tour/pathing/remote-repos/learning/fws_robot_harmonic/install/keyboard_msgs/share/keyboard_msgs/package.bash'
[1.760s] INFO:colcon.colcon_core.shell:Creating package script '/home/admin/Documents/projects/u-tour/pathing/remote-repos/learning/fws_robot_harmonic/install/keyboard_msgs/share/keyboard_msgs/package.zsh'
[1.761s] Level 1:colcon.colcon_core.environment:create_file_with_runtime_dependencies(/home/admin/Documents/projects/u-tour/pathing/remote-repos/learning/fws_robot_harmonic/install/keyboard_msgs/share/colcon-core/packages/keyboard_msgs)
[1.761s] INFO:colcon.colcon_ros.task.ament_cmake.build:Building ROS package in '/home/admin/Documents/projects/u-tour/pathing/remote-repos/learning/fws_robot_harmonic/src/ros2-keyboard/keyboard' with build type 'ament_cmake'
[1.761s] INFO:colcon.colcon_cmake.task.cmake.build:Building CMake package in '/home/admin/Documents/projects/u-tour/pathing/remote-repos/learning/fws_robot_harmonic/src/ros2-keyboard/keyboard'
[1.762s] INFO:colcon.colcon_core.shell:Skip shell extension 'powershell' for command environment: Not usable outside of PowerShell
[1.762s] DEBUG:colcon.colcon_core.shell:Skip shell extension 'dsv' for command environment
[1.780s] DEBUG:colcon.colcon_core.event_handler.log_command:Invoking command in '/home/admin/Documents/projects/u-tour/pathing/remote-repos/learning/fws_robot_harmonic/build/keyboard': AMENT_PREFIX_PATH=/home/admin/Documents/projects/u-tour/pathing/remote-repos/learning/fws_robot_harmonic/install/keyboard_msgs:${AMENT_PREFIX_PATH} CMAKE_PREFIX_PATH=/home/admin/Documents/projects/u-tour/pathing/remote-repos/learning/fws_robot_harmonic/install/keyboard_msgs:/opt/ros/jazzy/opt/gz_sim_vendor:/opt/ros/jazzy/opt/gz_sensors_vendor:/opt/ros/jazzy/opt/gz_physics_vendor:/opt/ros/jazzy/opt/sdformat_vendor:/opt/ros/jazzy/opt/gz_gui_vendor:/opt/ros/jazzy/opt/gz_transport_vendor:/opt/ros/jazzy/opt/gz_rendering_vendor:/opt/ros/jazzy/opt/gz_plugin_vendor:/opt/ros/jazzy/opt/gz_fuel_tools_vendor:/opt/ros/jazzy/opt/gz_msgs_vendor:/opt/ros/jazzy/opt/gz_common_vendor:/opt/ros/jazzy/opt/gz_math_vendor:/opt/ros/jazzy/opt/gz_utils_vendor:/opt/ros/jazzy/opt/gz_tools_vendor:/opt/ros/jazzy/opt/gz_ogre_next_vendor:/opt/ros/jazzy/opt/gz_dartsim_vendor:/opt/ros/jazzy/opt/gz_cmake_vendor:/opt/ros/jazzy DEBUGINFOD_URLS=https://debuginfod.ubuntu.com LD_LIBRARY_PATH=/home/admin/Documents/projects/u-tour/pathing/remote-repos/learning/fws_robot_harmonic/install/keyboard_msgs/lib:${LD_LIBRARY_PATH} PYTHONPATH=/home/admin/Documents/projects/u-tour/pathing/remote-repos/learning/fws_robot_harmonic/install/keyboard_msgs/lib/python3.12/site-packages:${PYTHONPATH} /usr/bin/cmake --build /home/admin/Documents/projects/u-tour/pathing/remote-repos/learning/fws_robot_harmonic/build/keyboard -- -j6 -l6
[1.921s] DEBUG:colcon.colcon_core.event_handler.log_command:Invoked command in '/home/admin/Documents/projects/u-tour/pathing/remote-repos/learning/fws_robot_harmonic/build/keyboard' returned '0': AMENT_PREFIX_PATH=/home/admin/Documents/projects/u-tour/pathing/remote-repos/learning/fws_robot_harmonic/install/keyboard_msgs:${AMENT_PREFIX_PATH} CMAKE_PREFIX_PATH=/home/admin/Documents/projects/u-tour/pathing/remote-repos/learning/fws_robot_harmonic/install/keyboard_msgs:/opt/ros/jazzy/opt/gz_sim_vendor:/opt/ros/jazzy/opt/gz_sensors_vendor:/opt/ros/jazzy/opt/gz_physics_vendor:/opt/ros/jazzy/opt/sdformat_vendor:/opt/ros/jazzy/opt/gz_gui_vendor:/opt/ros/jazzy/opt/gz_transport_vendor:/opt/ros/jazzy/opt/gz_rendering_vendor:/opt/ros/jazzy/opt/gz_plugin_vendor:/opt/ros/jazzy/opt/gz_fuel_tools_vendor:/opt/ros/jazzy/opt/gz_msgs_vendor:/opt/ros/jazzy/opt/gz_common_vendor:/opt/ros/jazzy/opt/gz_math_vendor:/opt/ros/jazzy/opt/gz_utils_vendor:/opt/ros/jazzy/opt/gz_tools_vendor:/opt/ros/jazzy/opt/gz_ogre_next_vendor:/opt/ros/jazzy/opt/gz_dartsim_vendor:/opt/ros/jazzy/opt/gz_cmake_vendor:/opt/ros/jazzy DEBUGINFOD_URLS=https://debuginfod.ubuntu.com LD_LIBRARY_PATH=/home/admin/Documents/projects/u-tour/pathing/remote-repos/learning/fws_robot_harmonic/install/keyboard_msgs/lib:${LD_LIBRARY_PATH} PYTHONPATH=/home/admin/Documents/projects/u-tour/pathing/remote-repos/learning/fws_robot_harmonic/install/keyboard_msgs/lib/python3.12/site-packages:${PYTHONPATH} /usr/bin/cmake --build /home/admin/Documents/projects/u-tour/pathing/remote-repos/learning/fws_robot_harmonic/build/keyboard -- -j6 -l6
[1.963s] DEBUG:colcon.colcon_core.event_handler.log_command:Invoking command in '/home/admin/Documents/projects/u-tour/pathing/remote-repos/learning/fws_robot_harmonic/build/keyboard': AMENT_PREFIX_PATH=/home/admin/Documents/projects/u-tour/pathing/remote-repos/learning/fws_robot_harmonic/install/keyboard_msgs:${AMENT_PREFIX_PATH} CMAKE_PREFIX_PATH=/home/admin/Documents/projects/u-tour/pathing/remote-repos/learning/fws_robot_harmonic/install/keyboard_msgs:/opt/ros/jazzy/opt/gz_sim_vendor:/opt/ros/jazzy/opt/gz_sensors_vendor:/opt/ros/jazzy/opt/gz_physics_vendor:/opt/ros/jazzy/opt/sdformat_vendor:/opt/ros/jazzy/opt/gz_gui_vendor:/opt/ros/jazzy/opt/gz_transport_vendor:/opt/ros/jazzy/opt/gz_rendering_vendor:/opt/ros/jazzy/opt/gz_plugin_vendor:/opt/ros/jazzy/opt/gz_fuel_tools_vendor:/opt/ros/jazzy/opt/gz_msgs_vendor:/opt/ros/jazzy/opt/gz_common_vendor:/opt/ros/jazzy/opt/gz_math_vendor:/opt/ros/jazzy/opt/gz_utils_vendor:/opt/ros/jazzy/opt/gz_tools_vendor:/opt/ros/jazzy/opt/gz_ogre_next_vendor:/opt/ros/jazzy/opt/gz_dartsim_vendor:/opt/ros/jazzy/opt/gz_cmake_vendor:/opt/ros/jazzy DEBUGINFOD_URLS=https://debuginfod.ubuntu.com LD_LIBRARY_PATH=/home/admin/Documents/projects/u-tour/pathing/remote-repos/learning/fws_robot_harmonic/install/keyboard_msgs/lib:${LD_LIBRARY_PATH} PYTHONPATH=/home/admin/Documents/projects/u-tour/pathing/remote-repos/learning/fws_robot_harmonic/install/keyboard_msgs/lib/python3.12/site-packages:${PYTHONPATH} /usr/bin/cmake --install /home/admin/Documents/projects/u-tour/pathing/remote-repos/learning/fws_robot_harmonic/build/keyboard
[1.982s] Level 1:colcon.colcon_core.environment:create_environment_scripts_only(keyboard)
[1.982s] Level 1:colcon.colcon_core.environment:checking '/home/admin/Documents/projects/u-tour/pathing/remote-repos/learning/fws_robot_harmonic/install/keyboard' for CMake module files
[1.983s] DEBUG:colcon.colcon_core.event_handler.log_command:Invoked command in '/home/admin/Documents/projects/u-tour/pathing/remote-repos/learning/fws_robot_harmonic/build/keyboard' returned '0': AMENT_PREFIX_PATH=/home/admin/Documents/projects/u-tour/pathing/remote-repos/learning/fws_robot_harmonic/install/keyboard_msgs:${AMENT_PREFIX_PATH} CMAKE_PREFIX_PATH=/home/admin/Documents/projects/u-tour/pathing/remote-repos/learning/fws_robot_harmonic/install/keyboard_msgs:/opt/ros/jazzy/opt/gz_sim_vendor:/opt/ros/jazzy/opt/gz_sensors_vendor:/opt/ros/jazzy/opt/gz_physics_vendor:/opt/ros/jazzy/opt/sdformat_vendor:/opt/ros/jazzy/opt/gz_gui_vendor:/opt/ros/jazzy/opt/gz_transport_vendor:/opt/ros/jazzy/opt/gz_rendering_vendor:/opt/ros/jazzy/opt/gz_plugin_vendor:/opt/ros/jazzy/opt/gz_fuel_tools_vendor:/opt/ros/jazzy/opt/gz_msgs_vendor:/opt/ros/jazzy/opt/gz_common_vendor:/opt/ros/jazzy/opt/gz_math_vendor:/opt/ros/jazzy/opt/gz_utils_vendor:/opt/ros/jazzy/opt/gz_tools_vendor:/opt/ros/jazzy/opt/gz_ogre_next_vendor:/opt/ros/jazzy/opt/gz_dartsim_vendor:/opt/ros/jazzy/opt/gz_cmake_vendor:/opt/ros/jazzy DEBUGINFOD_URLS=https://debuginfod.ubuntu.com LD_LIBRARY_PATH=/home/admin/Documents/projects/u-tour/pathing/remote-repos/learning/fws_robot_harmonic/install/keyboard_msgs/lib:${LD_LIBRARY_PATH} PYTHONPATH=/home/admin/Documents/projects/u-tour/pathing/remote-repos/learning/fws_robot_harmonic/install/keyboard_msgs/lib/python3.12/site-packages:${PYTHONPATH} /usr/bin/cmake --install /home/admin/Documents/projects/u-tour/pathing/remote-repos/learning/fws_robot_harmonic/build/keyboard
[1.983s] Level 1:colcon.colcon_core.environment:checking '/home/admin/Documents/projects/u-tour/pathing/remote-repos/learning/fws_robot_harmonic/install/keyboard' for CMake config files
[1.984s] Level 1:colcon.colcon_core.shell:create_environment_hook('keyboard', 'cmake_prefix_path')
[1.984s] INFO:colcon.colcon_core.shell:Creating environment hook '/home/admin/Documents/projects/u-tour/pathing/remote-repos/learning/fws_robot_harmonic/install/keyboard/share/keyboard/hook/cmake_prefix_path.ps1'
[1.985s] INFO:colcon.colcon_core.shell:Creating environment descriptor '/home/admin/Documents/projects/u-tour/pathing/remote-repos/learning/fws_robot_harmonic/install/keyboard/share/keyboard/hook/cmake_prefix_path.dsv'
[1.985s] INFO:colcon.colcon_core.shell:Creating environment hook '/home/admin/Documents/projects/u-tour/pathing/remote-repos/learning/fws_robot_harmonic/install/keyboard/share/keyboard/hook/cmake_prefix_path.sh'
[1.986s] Level 1:colcon.colcon_core.environment:checking '/home/admin/Documents/projects/u-tour/pathing/remote-repos/learning/fws_robot_harmonic/install/keyboard/lib'
[1.986s] Level 1:colcon.colcon_core.environment:checking '/home/admin/Documents/projects/u-tour/pathing/remote-repos/learning/fws_robot_harmonic/install/keyboard/bin'
[1.986s] Level 1:colcon.colcon_core.environment:checking '/home/admin/Documents/projects/u-tour/pathing/remote-repos/learning/fws_robot_harmonic/install/keyboard/lib/pkgconfig/keyboard.pc'
[1.987s] Level 1:colcon.colcon_core.environment:checking '/home/admin/Documents/projects/u-tour/pathing/remote-repos/learning/fws_robot_harmonic/install/keyboard/lib/python3.12/site-packages'
[1.987s] Level 1:colcon.colcon_core.environment:checking '/home/admin/Documents/projects/u-tour/pathing/remote-repos/learning/fws_robot_harmonic/install/keyboard/bin'
[1.987s] INFO:colcon.colcon_core.shell:Creating package script '/home/admin/Documents/projects/u-tour/pathing/remote-repos/learning/fws_robot_harmonic/install/keyboard/share/keyboard/package.ps1'
[1.988s] INFO:colcon.colcon_core.shell:Creating package descriptor '/home/admin/Documents/projects/u-tour/pathing/remote-repos/learning/fws_robot_harmonic/install/keyboard/share/keyboard/package.dsv'
[1.988s] INFO:colcon.colcon_core.shell:Creating package script '/home/admin/Documents/projects/u-tour/pathing/remote-repos/learning/fws_robot_harmonic/install/keyboard/share/keyboard/package.sh'
[1.989s] INFO:colcon.colcon_core.shell:Creating package script '/home/admin/Documents/projects/u-tour/pathing/remote-repos/learning/fws_robot_harmonic/install/keyboard/share/keyboard/package.bash'
[1.989s] INFO:colcon.colcon_core.shell:Creating package script '/home/admin/Documents/projects/u-tour/pathing/remote-repos/learning/fws_robot_harmonic/install/keyboard/share/keyboard/package.zsh'
[1.990s] Level 1:colcon.colcon_core.environment:create_file_with_runtime_dependencies(/home/admin/Documents/projects/u-tour/pathing/remote-repos/learning/fws_robot_harmonic/install/keyboard/share/colcon-core/packages/keyboard)
[2.030s] Level 1:colcon.colcon_core.environment:create_environment_scripts_only(keyboard)
[2.031s] Level 1:colcon.colcon_core.environment:checking '/home/admin/Documents/projects/u-tour/pathing/remote-repos/learning/fws_robot_harmonic/install/keyboard' for CMake module files
[2.031s] Level 1:colcon.colcon_core.environment:checking '/home/admin/Documents/projects/u-tour/pathing/remote-repos/learning/fws_robot_harmonic/install/keyboard' for CMake config files
[2.032s] Level 1:colcon.colcon_core.shell:create_environment_hook('keyboard', 'cmake_prefix_path')
[2.032s] INFO:colcon.colcon_core.shell:Creating environment hook '/home/admin/Documents/projects/u-tour/pathing/remote-repos/learning/fws_robot_harmonic/install/keyboard/share/keyboard/hook/cmake_prefix_path.ps1'
[2.033s] INFO:colcon.colcon_core.shell:Creating environment descriptor '/home/admin/Documents/projects/u-tour/pathing/remote-repos/learning/fws_robot_harmonic/install/keyboard/share/keyboard/hook/cmake_prefix_path.dsv'
[2.033s] INFO:colcon.colcon_core.shell:Creating environment hook '/home/admin/Documents/projects/u-tour/pathing/remote-repos/learning/fws_robot_harmonic/install/keyboard/share/keyboard/hook/cmake_prefix_path.sh'
[2.034s] Level 1:colcon.colcon_core.environment:checking '/home/admin/Documents/projects/u-tour/pathing/remote-repos/learning/fws_robot_harmonic/install/keyboard/lib'
[2.034s] Level 1:colcon.colcon_core.environment:checking '/home/admin/Documents/projects/u-tour/pathing/remote-repos/learning/fws_robot_harmonic/install/keyboard/bin'
[2.034s] Level 1:colcon.colcon_core.environment:checking '/home/admin/Documents/projects/u-tour/pathing/remote-repos/learning/fws_robot_harmonic/install/keyboard/lib/pkgconfig/keyboard.pc'
[2.035s] Level 1:colcon.colcon_core.environment:checking '/home/admin/Documents/projects/u-tour/pathing/remote-repos/learning/fws_robot_harmonic/install/keyboard/lib/python3.12/site-packages'
[2.035s] Level 1:colcon.colcon_core.environment:checking '/home/admin/Documents/projects/u-tour/pathing/remote-repos/learning/fws_robot_harmonic/install/keyboard/bin'
[2.035s] INFO:colcon.colcon_core.shell:Creating package script '/home/admin/Documents/projects/u-tour/pathing/remote-repos/learning/fws_robot_harmonic/install/keyboard/share/keyboard/package.ps1'
[2.036s] INFO:colcon.colcon_core.shell:Creating package descriptor '/home/admin/Documents/projects/u-tour/pathing/remote-repos/learning/fws_robot_harmonic/install/keyboard/share/keyboard/package.dsv'
[2.036s] INFO:colcon.colcon_core.shell:Creating package script '/home/admin/Documents/projects/u-tour/pathing/remote-repos/learning/fws_robot_harmonic/install/keyboard/share/keyboard/package.sh'
[2.037s] INFO:colcon.colcon_core.shell:Creating package script '/home/admin/Documents/projects/u-tour/pathing/remote-repos/learning/fws_robot_harmonic/install/keyboard/share/keyboard/package.bash'
[2.037s] INFO:colcon.colcon_core.shell:Creating package script '/home/admin/Documents/projects/u-tour/pathing/remote-repos/learning/fws_robot_harmonic/install/keyboard/share/keyboard/package.zsh'
[2.038s] Level 1:colcon.colcon_core.environment:create_file_with_runtime_dependencies(/home/admin/Documents/projects/u-tour/pathing/remote-repos/learning/fws_robot_harmonic/install/keyboard/share/colcon-core/packages/keyboard)
[2.038s] DEBUG:colcon.colcon_parallel_executor.executor.parallel:closing loop
[2.039s] DEBUG:colcon.colcon_parallel_executor.executor.parallel:loop closed
[2.039s] DEBUG:colcon.colcon_parallel_executor.executor.parallel:run_until_complete finished with '0'
[2.039s] DEBUG:colcon.colcon_core.event_reactor:joining thread
[2.056s] INFO:colcon.colcon_core.plugin_system:Skipping extension 'colcon_notification.desktop_notification.terminal_notifier': Not used on non-Darwin systems
[2.056s] INFO:colcon.colcon_core.plugin_system:Skipping extension 'colcon_notification.desktop_notification.win32': Not used on non-Windows systems
[2.056s] INFO:colcon.colcon_notification.desktop_notification:Sending desktop notification using 'notify2'
[2.087s] DEBUG:colcon.colcon_core.event_reactor:joined thread
[2.088s] INFO:colcon.colcon_core.shell:Creating prefix script '/home/admin/Documents/projects/u-tour/pathing/remote-repos/learning/fws_robot_harmonic/install/local_setup.ps1'
[2.089s] INFO:colcon.colcon_core.shell:Creating prefix util module '/home/admin/Documents/projects/u-tour/pathing/remote-repos/learning/fws_robot_harmonic/install/_local_setup_util_ps1.py'
[2.091s] INFO:colcon.colcon_core.shell:Creating prefix chain script '/home/admin/Documents/projects/u-tour/pathing/remote-repos/learning/fws_robot_harmonic/install/setup.ps1'
[2.093s] INFO:colcon.colcon_core.shell:Creating prefix script '/home/admin/Documents/projects/u-tour/pathing/remote-repos/learning/fws_robot_harmonic/install/local_setup.sh'
[2.094s] INFO:colcon.colcon_core.shell:Creating prefix util module '/home/admin/Documents/projects/u-tour/pathing/remote-repos/learning/fws_robot_harmonic/install/_local_setup_util_sh.py'
[2.095s] INFO:colcon.colcon_core.shell:Creating prefix chain script '/home/admin/Documents/projects/u-tour/pathing/remote-repos/learning/fws_robot_harmonic/install/setup.sh'
[2.097s] INFO:colcon.colcon_core.shell:Creating prefix script '/home/admin/Documents/projects/u-tour/pathing/remote-repos/learning/fws_robot_harmonic/install/local_setup.bash'
[2.097s] INFO:colcon.colcon_core.shell:Creating prefix chain script '/home/admin/Documents/projects/u-tour/pathing/remote-repos/learning/fws_robot_harmonic/install/setup.bash'
[2.099s] INFO:colcon.colcon_core.shell:Creating prefix script '/home/admin/Documents/projects/u-tour/pathing/remote-repos/learning/fws_robot_harmonic/install/local_setup.zsh'
[2.100s] INFO:colcon.colcon_core.shell:Creating prefix chain script '/home/admin/Documents/projects/u-tour/pathing/remote-repos/learning/fws_robot_harmonic/install/setup.zsh'
