[0.035s] Invoking command in '/home/admin/Documents/projects/u-tour/pathing/remote-repos/learning/fws_robot_harmonic/src/build/velocity_pub': CMAKE_PREFIX_PATH=${CMAKE_PREFIX_PATH}:/opt/ros/jazzy DEBUGINFOD_URLS=https://debuginfod.ubuntu.com /usr/bin/cmake /home/admin/Documents/projects/u-tour/pathing/remote-repos/learning/fws_robot_harmonic/src/velocity_pub -DCMAKE_INSTALL_PREFIX=/home/admin/Documents/projects/u-tour/pathing/remote-repos/learning/fws_robot_harmonic/src/install/velocity_pub
[0.415s] -- The C compiler identification is GNU 13.2.0
[0.926s] -- The CXX compiler identification is GNU 13.2.0
[1.011s] -- Detecting C compiler ABI info
[1.251s] -- Detecting C compiler ABI info - done
[1.263s] -- Check for working C compiler: /usr/bin/cc - skipped
[1.265s] -- Detecting C compile features
[1.266s] -- Detecting C compile features - done
[1.302s] -- Detecting CXX compiler ABI info
[1.563s] -- Detecting CXX compiler ABI info - done
[1.577s] -- Check for working CXX compiler: /usr/bin/c++ - skipped
[1.578s] -- Detecting CXX compile features
[1.579s] -- Detecting CXX compile features - done
[1.616s] -- Found ament_cmake: 2.5.2 (/opt/ros/jazzy/share/ament_cmake/cmake)
[1.919s] -- Found Python3: /usr/bin/python3 (found version "3.12.3") found components: Interpreter 
[2.279s] -- Found rclcpp: 28.1.5 (/opt/ros/jazzy/share/rclcpp/cmake)
[2.473s] -- Found rosidl_generator_c: 4.6.4 (/opt/ros/jazzy/share/rosidl_generator_c/cmake)
[2.517s] -- Found rosidl_generator_cpp: 4.6.4 (/opt/ros/jazzy/share/rosidl_generator_cpp/cmake)
[2.591s] -- Using all available rosidl_typesupport_c: rosidl_typesupport_fastrtps_c;rosidl_typesupport_introspection_c
[2.666s] -- Using all available rosidl_typesupport_cpp: rosidl_typesupport_fastrtps_cpp;rosidl_typesupport_introspection_cpp
[2.935s] -- Found rmw_implementation_cmake: 7.3.1 (/opt/ros/jazzy/share/rmw_implementation_cmake/cmake)
[2.951s] -- Found rmw_fastrtps_cpp: 8.4.1 (/opt/ros/jazzy/share/rmw_fastrtps_cpp/cmake)
[3.260s] -- Found OpenSSL: /usr/lib/x86_64-linux-gnu/libcrypto.so (found version "3.0.13")  
[3.314s] -- Found FastRTPS: /opt/ros/jazzy/include (Required is at least version "2.13") 
[3.351s] -- Using RMW implementation 'rmw_fastrtps_cpp' as default
[3.592s] -- Found geometry_msgs: 5.3.5 (/opt/ros/jazzy/share/geometry_msgs/cmake)
[3.673s] -- Found ament_lint_auto: 0.17.1 (/opt/ros/jazzy/share/ament_lint_auto/cmake)
[3.876s] -- Added test 'copyright' to check source files copyright and LICENSE
[3.878s] -- Added test 'flake8' to check Python code syntax and style conventions
[3.878s] -- Configured 'flake8' exclude dirs and/or files: 
[3.879s] -- Added test 'lint_cmake' to check CMake code style
[3.881s] -- Added test 'pep257' to check Python code against some of the docstring style conventions in PEP 257
[3.883s] -- Added test 'xmllint' to check XML markup files
[3.901s] -- Configuring done (3.8s)
[3.920s] -- Generating done (0.0s)
[3.921s] -- Build files have been written to: /home/admin/Documents/projects/u-tour/pathing/remote-repos/learning/fws_robot_harmonic/src/build/velocity_pub
[3.937s] Invoked command in '/home/admin/Documents/projects/u-tour/pathing/remote-repos/learning/fws_robot_harmonic/src/build/velocity_pub' returned '0': CMAKE_PREFIX_PATH=${CMAKE_PREFIX_PATH}:/opt/ros/jazzy DEBUGINFOD_URLS=https://debuginfod.ubuntu.com /usr/bin/cmake /home/admin/Documents/projects/u-tour/pathing/remote-repos/learning/fws_robot_harmonic/src/velocity_pub -DCMAKE_INSTALL_PREFIX=/home/admin/Documents/projects/u-tour/pathing/remote-repos/learning/fws_robot_harmonic/src/install/velocity_pub
[3.939s] Invoking command in '/home/admin/Documents/projects/u-tour/pathing/remote-repos/learning/fws_robot_harmonic/src/build/velocity_pub': CMAKE_PREFIX_PATH=${CMAKE_PREFIX_PATH}:/opt/ros/jazzy DEBUGINFOD_URLS=https://debuginfod.ubuntu.com /usr/bin/cmake --build /home/admin/Documents/projects/u-tour/pathing/remote-repos/learning/fws_robot_harmonic/src/build/velocity_pub -- -j6 -l6
[4.027s] Invoked command in '/home/admin/Documents/projects/u-tour/pathing/remote-repos/learning/fws_robot_harmonic/src/build/velocity_pub' returned '0': CMAKE_PREFIX_PATH=${CMAKE_PREFIX_PATH}:/opt/ros/jazzy DEBUGINFOD_URLS=https://debuginfod.ubuntu.com /usr/bin/cmake --build /home/admin/Documents/projects/u-tour/pathing/remote-repos/learning/fws_robot_harmonic/src/build/velocity_pub -- -j6 -l6
[4.095s] Invoking command in '/home/admin/Documents/projects/u-tour/pathing/remote-repos/learning/fws_robot_harmonic/src/build/velocity_pub': CMAKE_PREFIX_PATH=${CMAKE_PREFIX_PATH}:/opt/ros/jazzy DEBUGINFOD_URLS=https://debuginfod.ubuntu.com /usr/bin/cmake --install /home/admin/Documents/projects/u-tour/pathing/remote-repos/learning/fws_robot_harmonic/src/build/velocity_pub
[4.114s] -- Install configuration: ""
[4.114s] -- Installing: /home/admin/Documents/projects/u-tour/pathing/remote-repos/learning/fws_robot_harmonic/src/install/velocity_pub/share/velocity_pub//scripts
[4.114s] -- Installing: /home/admin/Documents/projects/u-tour/pathing/remote-repos/learning/fws_robot_harmonic/src/install/velocity_pub/share/velocity_pub//scripts/robot_control.py
[4.116s] -- Installing: /home/admin/Documents/projects/u-tour/pathing/remote-repos/learning/fws_robot_harmonic/src/install/velocity_pub/share/velocity_pub//launch
[4.116s] -- Installing: /home/admin/Documents/projects/u-tour/pathing/remote-repos/learning/fws_robot_harmonic/src/install/velocity_pub/share/velocity_pub//launch/four_ws_control.launch.py
[4.117s] -- Installing: /home/admin/Documents/projects/u-tour/pathing/remote-repos/learning/fws_robot_harmonic/src/install/velocity_pub/lib/velocity_pub/robot_control.py
[4.117s] -- Installing: /home/admin/Documents/projects/u-tour/pathing/remote-repos/learning/fws_robot_harmonic/src/install/velocity_pub/lib/velocity_pub/four_ws_control.launch.py
[4.117s] -- Installing: /home/admin/Documents/projects/u-tour/pathing/remote-repos/learning/fws_robot_harmonic/src/install/velocity_pub/share/ament_index/resource_index/package_run_dependencies/velocity_pub
[4.118s] -- Installing: /home/admin/Documents/projects/u-tour/pathing/remote-repos/learning/fws_robot_harmonic/src/install/velocity_pub/share/ament_index/resource_index/parent_prefix_path/velocity_pub
[4.118s] -- Installing: /home/admin/Documents/projects/u-tour/pathing/remote-repos/learning/fws_robot_harmonic/src/install/velocity_pub/share/velocity_pub/environment/ament_prefix_path.sh
[4.118s] -- Installing: /home/admin/Documents/projects/u-tour/pathing/remote-repos/learning/fws_robot_harmonic/src/install/velocity_pub/share/velocity_pub/environment/ament_prefix_path.dsv
[4.119s] -- Installing: /home/admin/Documents/projects/u-tour/pathing/remote-repos/learning/fws_robot_harmonic/src/install/velocity_pub/share/velocity_pub/environment/path.sh
[4.122s] -- Installing: /home/admin/Documents/projects/u-tour/pathing/remote-repos/learning/fws_robot_harmonic/src/install/velocity_pub/share/velocity_pub/environment/path.dsv
[4.122s] -- Installing: /home/admin/Documents/projects/u-tour/pathing/remote-repos/learning/fws_robot_harmonic/src/install/velocity_pub/share/velocity_pub/local_setup.bash
[4.123s] -- Installing: /home/admin/Documents/projects/u-tour/pathing/remote-repos/learning/fws_robot_harmonic/src/install/velocity_pub/share/velocity_pub/local_setup.sh
[4.123s] -- Installing: /home/admin/Documents/projects/u-tour/pathing/remote-repos/learning/fws_robot_harmonic/src/install/velocity_pub/share/velocity_pub/local_setup.zsh
[4.124s] -- Installing: /home/admin/Documents/projects/u-tour/pathing/remote-repos/learning/fws_robot_harmonic/src/install/velocity_pub/share/velocity_pub/local_setup.dsv
[4.124s] -- Installing: /home/admin/Documents/projects/u-tour/pathing/remote-repos/learning/fws_robot_harmonic/src/install/velocity_pub/share/velocity_pub/package.dsv
[4.125s] -- Installing: /home/admin/Documents/projects/u-tour/pathing/remote-repos/learning/fws_robot_harmonic/src/install/velocity_pub/share/ament_index/resource_index/packages/velocity_pub
[4.125s] -- Installing: /home/admin/Documents/projects/u-tour/pathing/remote-repos/learning/fws_robot_harmonic/src/install/velocity_pub/share/velocity_pub/cmake/velocity_pubConfig.cmake
[4.127s] -- Installing: /home/admin/Documents/projects/u-tour/pathing/remote-repos/learning/fws_robot_harmonic/src/install/velocity_pub/share/velocity_pub/cmake/velocity_pubConfig-version.cmake
[4.128s] -- Installing: /home/admin/Documents/projects/u-tour/pathing/remote-repos/learning/fws_robot_harmonic/src/install/velocity_pub/share/velocity_pub/package.xml
[4.131s] Invoked command in '/home/admin/Documents/projects/u-tour/pathing/remote-repos/learning/fws_robot_harmonic/src/build/velocity_pub' returned '0': CMAKE_PREFIX_PATH=${CMAKE_PREFIX_PATH}:/opt/ros/jazzy DEBUGINFOD_URLS=https://debuginfod.ubuntu.com /usr/bin/cmake --install /home/admin/Documents/projects/u-tour/pathing/remote-repos/learning/fws_robot_harmonic/src/build/velocity_pub
