[0.100s] Invoking command in '/home/admin/Documents/projects/u-tour/pathing/remote-repos/learning/fws_robot_harmonic/src/build/fws_robot_sim': CMAKE_PREFIX_PATH=${CMAKE_PREFIX_PATH}:/opt/ros/jazzy DEBUGINFOD_URLS=https://debuginfod.ubuntu.com /usr/bin/cmake --build /home/admin/Documents/projects/u-tour/pathing/remote-repos/learning/fws_robot_harmonic/src/build/fws_robot_sim -- -j6 -l6
[0.204s] Invoked command in '/home/admin/Documents/projects/u-tour/pathing/remote-repos/learning/fws_robot_harmonic/src/build/fws_robot_sim' returned '0': CMAKE_PREFIX_PATH=${CMAKE_PREFIX_PATH}:/opt/ros/jazzy DEBUGINFOD_URLS=https://debuginfod.ubuntu.com /usr/bin/cmake --build /home/admin/Documents/projects/u-tour/pathing/remote-repos/learning/fws_robot_harmonic/src/build/fws_robot_sim -- -j6 -l6
[0.311s] Invoking command in '/home/admin/Documents/projects/u-tour/pathing/remote-repos/learning/fws_robot_harmonic/src/build/fws_robot_sim': CMAKE_PREFIX_PATH=${CMAKE_PREFIX_PATH}:/opt/ros/jazzy DEBUGINFOD_URLS=https://debuginfod.ubuntu.com /usr/bin/cmake --install /home/admin/Documents/projects/u-tour/pathing/remote-repos/learning/fws_robot_harmonic/src/build/fws_robot_sim
[0.392s] -- Install configuration: ""
[0.393s] -- Up-to-date: /home/admin/Documents/projects/u-tour/pathing/remote-repos/learning/fws_robot_harmonic/src/install/fws_robot_sim/share/fws_robot_sim/launch
[0.393s] -- Installing: /home/admin/Documents/projects/u-tour/pathing/remote-repos/learning/fws_robot_harmonic/src/install/fws_robot_sim/share/fws_robot_sim/launch/fws_robot_spawn.launch.py
[0.393s] -- Up-to-date: /home/admin/Documents/projects/u-tour/pathing/remote-repos/learning/fws_robot_harmonic/src/install/fws_robot_sim/share/fws_robot_sim/worlds
[0.393s] -- Up-to-date: /home/admin/Documents/projects/u-tour/pathing/remote-repos/learning/fws_robot_harmonic/src/install/fws_robot_sim/share/fws_robot_sim/worlds/fws_robot_world.sdf
[0.393s] -- Up-to-date: /home/admin/Documents/projects/u-tour/pathing/remote-repos/learning/fws_robot_harmonic/src/install/fws_robot_sim/share/ament_index/resource_index/package_run_dependencies/fws_robot_sim
[0.393s] -- Up-to-date: /home/admin/Documents/projects/u-tour/pathing/remote-repos/learning/fws_robot_harmonic/src/install/fws_robot_sim/share/ament_index/resource_index/parent_prefix_path/fws_robot_sim
[0.393s] -- Up-to-date: /home/admin/Documents/projects/u-tour/pathing/remote-repos/learning/fws_robot_harmonic/src/install/fws_robot_sim/share/fws_robot_sim/environment/ament_prefix_path.sh
[0.393s] -- Up-to-date: /home/admin/Documents/projects/u-tour/pathing/remote-repos/learning/fws_robot_harmonic/src/install/fws_robot_sim/share/fws_robot_sim/environment/ament_prefix_path.dsv
[0.393s] -- Up-to-date: /home/admin/Documents/projects/u-tour/pathing/remote-repos/learning/fws_robot_harmonic/src/install/fws_robot_sim/share/fws_robot_sim/environment/path.sh
[0.393s] -- Up-to-date: /home/admin/Documents/projects/u-tour/pathing/remote-repos/learning/fws_robot_harmonic/src/install/fws_robot_sim/share/fws_robot_sim/environment/path.dsv
[0.393s] -- Up-to-date: /home/admin/Documents/projects/u-tour/pathing/remote-repos/learning/fws_robot_harmonic/src/install/fws_robot_sim/share/fws_robot_sim/local_setup.bash
[0.394s] -- Up-to-date: /home/admin/Documents/projects/u-tour/pathing/remote-repos/learning/fws_robot_harmonic/src/install/fws_robot_sim/share/fws_robot_sim/local_setup.sh
[0.394s] -- Up-to-date: /home/admin/Documents/projects/u-tour/pathing/remote-repos/learning/fws_robot_harmonic/src/install/fws_robot_sim/share/fws_robot_sim/local_setup.zsh
[0.394s] -- Up-to-date: /home/admin/Documents/projects/u-tour/pathing/remote-repos/learning/fws_robot_harmonic/src/install/fws_robot_sim/share/fws_robot_sim/local_setup.dsv
[0.394s] -- Up-to-date: /home/admin/Documents/projects/u-tour/pathing/remote-repos/learning/fws_robot_harmonic/src/install/fws_robot_sim/share/fws_robot_sim/package.dsv
[0.394s] -- Up-to-date: /home/admin/Documents/projects/u-tour/pathing/remote-repos/learning/fws_robot_harmonic/src/install/fws_robot_sim/share/ament_index/resource_index/packages/fws_robot_sim
[0.394s] -- Up-to-date: /home/admin/Documents/projects/u-tour/pathing/remote-repos/learning/fws_robot_harmonic/src/install/fws_robot_sim/share/fws_robot_sim/cmake/fws_robot_simConfig.cmake
[0.394s] -- Up-to-date: /home/admin/Documents/projects/u-tour/pathing/remote-repos/learning/fws_robot_harmonic/src/install/fws_robot_sim/share/fws_robot_sim/cmake/fws_robot_simConfig-version.cmake
[0.394s] -- Up-to-date: /home/admin/Documents/projects/u-tour/pathing/remote-repos/learning/fws_robot_harmonic/src/install/fws_robot_sim/share/fws_robot_sim/package.xml
[0.429s] Invoked command in '/home/admin/Documents/projects/u-tour/pathing/remote-repos/learning/fws_robot_harmonic/src/build/fws_robot_sim' returned '0': CMAKE_PREFIX_PATH=${CMAKE_PREFIX_PATH}:/opt/ros/jazzy DEBUGINFOD_URLS=https://debuginfod.ubuntu.com /usr/bin/cmake --install /home/admin/Documents/projects/u-tour/pathing/remote-repos/learning/fws_robot_harmonic/src/build/fws_robot_sim
