[0.035s] Invoking command in '/home/admin/Documents/projects/u-tour/pathing/remote-repos/learning/fws_robot_harmonic/build/keyboard': AMENT_PREFIX_PATH=/home/admin/Documents/projects/u-tour/pathing/remote-repos/learning/fws_robot_harmonic/install/keyboard_msgs:${AMENT_PREFIX_PATH} CMAKE_PREFIX_PATH=/home/admin/Documents/projects/u-tour/pathing/remote-repos/learning/fws_robot_harmonic/install/keyboard_msgs:/opt/ros/jazzy/opt/gz_sim_vendor:/opt/ros/jazzy/opt/gz_sensors_vendor:/opt/ros/jazzy/opt/gz_physics_vendor:/opt/ros/jazzy/opt/sdformat_vendor:/opt/ros/jazzy/opt/gz_gui_vendor:/opt/ros/jazzy/opt/gz_transport_vendor:/opt/ros/jazzy/opt/gz_rendering_vendor:/opt/ros/jazzy/opt/gz_plugin_vendor:/opt/ros/jazzy/opt/gz_fuel_tools_vendor:/opt/ros/jazzy/opt/gz_msgs_vendor:/opt/ros/jazzy/opt/gz_common_vendor:/opt/ros/jazzy/opt/gz_math_vendor:/opt/ros/jazzy/opt/gz_utils_vendor:/opt/ros/jazzy/opt/gz_tools_vendor:/opt/ros/jazzy/opt/gz_ogre_next_vendor:/opt/ros/jazzy/opt/gz_dartsim_vendor:/opt/ros/jazzy/opt/gz_cmake_vendor:/opt/ros/jazzy DEBUGINFOD_URLS=https://debuginfod.ubuntu.com LD_LIBRARY_PATH=/home/admin/Documents/projects/u-tour/pathing/remote-repos/learning/fws_robot_harmonic/install/keyboard_msgs/lib:${LD_LIBRARY_PATH} PYTHONPATH=/home/admin/Documents/projects/u-tour/pathing/remote-repos/learning/fws_robot_harmonic/install/keyboard_msgs/lib/python3.12/site-packages:${PYTHONPATH} /usr/bin/cmake /home/admin/Documents/projects/u-tour/pathing/remote-repos/learning/fws_robot_harmonic/src/ros2-keyboard/keyboard -DCMAKE_INSTALL_PREFIX=/home/admin/Documents/projects/u-tour/pathing/remote-repos/learning/fws_robot_harmonic/install/keyboard
[0.060s] -- Found ament_cmake: 2.5.2 (/opt/ros/jazzy/share/ament_cmake/cmake)
[0.394s] -- Found rclcpp: 28.1.5 (/opt/ros/jazzy/share/rclcpp/cmake)
[0.431s] -- Found rosidl_generator_c: 4.6.4 (/opt/ros/jazzy/share/rosidl_generator_c/cmake)
[0.443s] -- Found rosidl_generator_cpp: 4.6.4 (/opt/ros/jazzy/share/rosidl_generator_cpp/cmake)
[0.458s] -- Using all available rosidl_typesupport_c: rosidl_typesupport_fastrtps_c;rosidl_typesupport_introspection_c
[0.487s] -- Using all available rosidl_typesupport_cpp: rosidl_typesupport_fastrtps_cpp;rosidl_typesupport_introspection_cpp
[0.563s] -- Found rmw_implementation_cmake: 7.3.1 (/opt/ros/jazzy/share/rmw_implementation_cmake/cmake)
[0.564s] -- Found rmw_fastrtps_cpp: 8.4.1 (/opt/ros/jazzy/share/rmw_fastrtps_cpp/cmake)
[0.662s] -- Using RMW implementation 'rmw_fastrtps_cpp' as default
[0.747s] -- Found std_msgs: 5.3.5 (/opt/ros/jazzy/share/std_msgs/cmake)
[0.771s] -- Found SDL: /usr/lib/x86_64-linux-gnu/libSDLmain.a;/usr/lib/x86_64-linux-gnu/libSDL.so (found version "1.2.68") 
[0.771s] -- Found keyboard_msgs: 1.0.0 (/home/admin/Documents/projects/u-tour/pathing/remote-repos/learning/fws_robot_harmonic/install/keyboard_msgs/share/keyboard_msgs/cmake)
[0.803s] -- Found ament_lint_auto: 0.17.1 (/opt/ros/jazzy/share/ament_lint_auto/cmake)
[0.994s] -- Added test 'copyright' to check source files copyright and LICENSE
[1.002s] -- Added test 'cppcheck' to perform static code analysis on C / C++ code
[1.002s] -- Configured cppcheck include dirs: $<BUILD_INTERFACE:/home/admin/Documents/projects/u-tour/pathing/remote-repos/learning/fws_robot_harmonic/src/ros2-keyboard/keyboard/include>
[1.002s] -- Configured cppcheck exclude dirs and/or files: 
[1.006s] -- Added test 'cpplint' to check C / C++ code against the Google style
[1.006s] -- Configured cpplint exclude dirs and/or files: 
[1.007s] -- Added test 'flake8' to check Python code syntax and style conventions
[1.008s] -- Configured 'flake8' exclude dirs and/or files: 
[1.009s] -- Added test 'lint_cmake' to check CMake code style
[1.011s] -- Added test 'pep257' to check Python code against some of the docstring style conventions in PEP 257
[1.013s] -- Added test 'uncrustify' to check C / C++ code style
[1.013s] -- Configured uncrustify additional arguments: 
[1.014s] -- Added test 'xmllint' to check XML markup files
[1.018s] -- Configuring done (1.0s)
[1.040s] -- Generating done (0.0s)
[1.044s] -- Build files have been written to: /home/admin/Documents/projects/u-tour/pathing/remote-repos/learning/fws_robot_harmonic/build/keyboard
[1.057s] Invoked command in '/home/admin/Documents/projects/u-tour/pathing/remote-repos/learning/fws_robot_harmonic/build/keyboard' returned '0': AMENT_PREFIX_PATH=/home/admin/Documents/projects/u-tour/pathing/remote-repos/learning/fws_robot_harmonic/install/keyboard_msgs:${AMENT_PREFIX_PATH} CMAKE_PREFIX_PATH=/home/admin/Documents/projects/u-tour/pathing/remote-repos/learning/fws_robot_harmonic/install/keyboard_msgs:/opt/ros/jazzy/opt/gz_sim_vendor:/opt/ros/jazzy/opt/gz_sensors_vendor:/opt/ros/jazzy/opt/gz_physics_vendor:/opt/ros/jazzy/opt/sdformat_vendor:/opt/ros/jazzy/opt/gz_gui_vendor:/opt/ros/jazzy/opt/gz_transport_vendor:/opt/ros/jazzy/opt/gz_rendering_vendor:/opt/ros/jazzy/opt/gz_plugin_vendor:/opt/ros/jazzy/opt/gz_fuel_tools_vendor:/opt/ros/jazzy/opt/gz_msgs_vendor:/opt/ros/jazzy/opt/gz_common_vendor:/opt/ros/jazzy/opt/gz_math_vendor:/opt/ros/jazzy/opt/gz_utils_vendor:/opt/ros/jazzy/opt/gz_tools_vendor:/opt/ros/jazzy/opt/gz_ogre_next_vendor:/opt/ros/jazzy/opt/gz_dartsim_vendor:/opt/ros/jazzy/opt/gz_cmake_vendor:/opt/ros/jazzy DEBUGINFOD_URLS=https://debuginfod.ubuntu.com LD_LIBRARY_PATH=/home/admin/Documents/projects/u-tour/pathing/remote-repos/learning/fws_robot_harmonic/install/keyboard_msgs/lib:${LD_LIBRARY_PATH} PYTHONPATH=/home/admin/Documents/projects/u-tour/pathing/remote-repos/learning/fws_robot_harmonic/install/keyboard_msgs/lib/python3.12/site-packages:${PYTHONPATH} /usr/bin/cmake /home/admin/Documents/projects/u-tour/pathing/remote-repos/learning/fws_robot_harmonic/src/ros2-keyboard/keyboard -DCMAKE_INSTALL_PREFIX=/home/admin/Documents/projects/u-tour/pathing/remote-repos/learning/fws_robot_harmonic/install/keyboard
[1.060s] Invoking command in '/home/admin/Documents/projects/u-tour/pathing/remote-repos/learning/fws_robot_harmonic/build/keyboard': AMENT_PREFIX_PATH=/home/admin/Documents/projects/u-tour/pathing/remote-repos/learning/fws_robot_harmonic/install/keyboard_msgs:${AMENT_PREFIX_PATH} CMAKE_PREFIX_PATH=/home/admin/Documents/projects/u-tour/pathing/remote-repos/learning/fws_robot_harmonic/install/keyboard_msgs:/opt/ros/jazzy/opt/gz_sim_vendor:/opt/ros/jazzy/opt/gz_sensors_vendor:/opt/ros/jazzy/opt/gz_physics_vendor:/opt/ros/jazzy/opt/sdformat_vendor:/opt/ros/jazzy/opt/gz_gui_vendor:/opt/ros/jazzy/opt/gz_transport_vendor:/opt/ros/jazzy/opt/gz_rendering_vendor:/opt/ros/jazzy/opt/gz_plugin_vendor:/opt/ros/jazzy/opt/gz_fuel_tools_vendor:/opt/ros/jazzy/opt/gz_msgs_vendor:/opt/ros/jazzy/opt/gz_common_vendor:/opt/ros/jazzy/opt/gz_math_vendor:/opt/ros/jazzy/opt/gz_utils_vendor:/opt/ros/jazzy/opt/gz_tools_vendor:/opt/ros/jazzy/opt/gz_ogre_next_vendor:/opt/ros/jazzy/opt/gz_dartsim_vendor:/opt/ros/jazzy/opt/gz_cmake_vendor:/opt/ros/jazzy DEBUGINFOD_URLS=https://debuginfod.ubuntu.com LD_LIBRARY_PATH=/home/admin/Documents/projects/u-tour/pathing/remote-repos/learning/fws_robot_harmonic/install/keyboard_msgs/lib:${LD_LIBRARY_PATH} PYTHONPATH=/home/admin/Documents/projects/u-tour/pathing/remote-repos/learning/fws_robot_harmonic/install/keyboard_msgs/lib/python3.12/site-packages:${PYTHONPATH} /usr/bin/cmake --build /home/admin/Documents/projects/u-tour/pathing/remote-repos/learning/fws_robot_harmonic/build/keyboard -- -j4 -l4
[1.166s] [ 50%] [32mBuilding CXX object CMakeFiles/keyboard.dir/src/keyboard.cpp.o[0m
[9.191s] [100%] [32m[1mLinking CXX executable keyboard[0m
[9.574s] [100%] Built target keyboard
[9.617s] Invoked command in '/home/admin/Documents/projects/u-tour/pathing/remote-repos/learning/fws_robot_harmonic/build/keyboard' returned '0': AMENT_PREFIX_PATH=/home/admin/Documents/projects/u-tour/pathing/remote-repos/learning/fws_robot_harmonic/install/keyboard_msgs:${AMENT_PREFIX_PATH} CMAKE_PREFIX_PATH=/home/admin/Documents/projects/u-tour/pathing/remote-repos/learning/fws_robot_harmonic/install/keyboard_msgs:/opt/ros/jazzy/opt/gz_sim_vendor:/opt/ros/jazzy/opt/gz_sensors_vendor:/opt/ros/jazzy/opt/gz_physics_vendor:/opt/ros/jazzy/opt/sdformat_vendor:/opt/ros/jazzy/opt/gz_gui_vendor:/opt/ros/jazzy/opt/gz_transport_vendor:/opt/ros/jazzy/opt/gz_rendering_vendor:/opt/ros/jazzy/opt/gz_plugin_vendor:/opt/ros/jazzy/opt/gz_fuel_tools_vendor:/opt/ros/jazzy/opt/gz_msgs_vendor:/opt/ros/jazzy/opt/gz_common_vendor:/opt/ros/jazzy/opt/gz_math_vendor:/opt/ros/jazzy/opt/gz_utils_vendor:/opt/ros/jazzy/opt/gz_tools_vendor:/opt/ros/jazzy/opt/gz_ogre_next_vendor:/opt/ros/jazzy/opt/gz_dartsim_vendor:/opt/ros/jazzy/opt/gz_cmake_vendor:/opt/ros/jazzy DEBUGINFOD_URLS=https://debuginfod.ubuntu.com LD_LIBRARY_PATH=/home/admin/Documents/projects/u-tour/pathing/remote-repos/learning/fws_robot_harmonic/install/keyboard_msgs/lib:${LD_LIBRARY_PATH} PYTHONPATH=/home/admin/Documents/projects/u-tour/pathing/remote-repos/learning/fws_robot_harmonic/install/keyboard_msgs/lib/python3.12/site-packages:${PYTHONPATH} /usr/bin/cmake --build /home/admin/Documents/projects/u-tour/pathing/remote-repos/learning/fws_robot_harmonic/build/keyboard -- -j4 -l4
[9.688s] Invoking command in '/home/admin/Documents/projects/u-tour/pathing/remote-repos/learning/fws_robot_harmonic/build/keyboard': AMENT_PREFIX_PATH=/home/admin/Documents/projects/u-tour/pathing/remote-repos/learning/fws_robot_harmonic/install/keyboard_msgs:${AMENT_PREFIX_PATH} CMAKE_PREFIX_PATH=/home/admin/Documents/projects/u-tour/pathing/remote-repos/learning/fws_robot_harmonic/install/keyboard_msgs:/opt/ros/jazzy/opt/gz_sim_vendor:/opt/ros/jazzy/opt/gz_sensors_vendor:/opt/ros/jazzy/opt/gz_physics_vendor:/opt/ros/jazzy/opt/sdformat_vendor:/opt/ros/jazzy/opt/gz_gui_vendor:/opt/ros/jazzy/opt/gz_transport_vendor:/opt/ros/jazzy/opt/gz_rendering_vendor:/opt/ros/jazzy/opt/gz_plugin_vendor:/opt/ros/jazzy/opt/gz_fuel_tools_vendor:/opt/ros/jazzy/opt/gz_msgs_vendor:/opt/ros/jazzy/opt/gz_common_vendor:/opt/ros/jazzy/opt/gz_math_vendor:/opt/ros/jazzy/opt/gz_utils_vendor:/opt/ros/jazzy/opt/gz_tools_vendor:/opt/ros/jazzy/opt/gz_ogre_next_vendor:/opt/ros/jazzy/opt/gz_dartsim_vendor:/opt/ros/jazzy/opt/gz_cmake_vendor:/opt/ros/jazzy DEBUGINFOD_URLS=https://debuginfod.ubuntu.com LD_LIBRARY_PATH=/home/admin/Documents/projects/u-tour/pathing/remote-repos/learning/fws_robot_harmonic/install/keyboard_msgs/lib:${LD_LIBRARY_PATH} PYTHONPATH=/home/admin/Documents/projects/u-tour/pathing/remote-repos/learning/fws_robot_harmonic/install/keyboard_msgs/lib/python3.12/site-packages:${PYTHONPATH} /usr/bin/cmake --install /home/admin/Documents/projects/u-tour/pathing/remote-repos/learning/fws_robot_harmonic/build/keyboard
[9.704s] -- Install configuration: "Release"
[9.704s] -- Installing: /home/admin/Documents/projects/u-tour/pathing/remote-repos/learning/fws_robot_harmonic/install/keyboard/lib/keyboard/keyboard
[9.705s] -- Set non-toolchain portion of runtime path of "/home/admin/Documents/projects/u-tour/pathing/remote-repos/learning/fws_robot_harmonic/install/keyboard/lib/keyboard/keyboard" to ""
[9.705s] -- Installing: /home/admin/Documents/projects/u-tour/pathing/remote-repos/learning/fws_robot_harmonic/install/keyboard/lib/keyboard/keyboard_to_joy.py
[9.714s] -- Installing: /home/admin/Documents/projects/u-tour/pathing/remote-repos/learning/fws_robot_harmonic/install/keyboard/share/keyboard/config
[9.714s] -- Installing: /home/admin/Documents/projects/u-tour/pathing/remote-repos/learning/fws_robot_harmonic/install/keyboard/share/keyboard/config/example_config.yaml
[9.715s] -- Installing: /home/admin/Documents/projects/u-tour/pathing/remote-repos/learning/fws_robot_harmonic/install/keyboard/share/ament_index/resource_index/package_run_dependencies/keyboard
[9.715s] -- Installing: /home/admin/Documents/projects/u-tour/pathing/remote-repos/learning/fws_robot_harmonic/install/keyboard/share/ament_index/resource_index/parent_prefix_path/keyboard
[9.716s] -- Installing: /home/admin/Documents/projects/u-tour/pathing/remote-repos/learning/fws_robot_harmonic/install/keyboard/share/keyboard/environment/ament_prefix_path.sh
[9.716s] -- Installing: /home/admin/Documents/projects/u-tour/pathing/remote-repos/learning/fws_robot_harmonic/install/keyboard/share/keyboard/environment/ament_prefix_path.dsv
[9.717s] -- Installing: /home/admin/Documents/projects/u-tour/pathing/remote-repos/learning/fws_robot_harmonic/install/keyboard/share/keyboard/environment/path.sh
[9.717s] -- Installing: /home/admin/Documents/projects/u-tour/pathing/remote-repos/learning/fws_robot_harmonic/install/keyboard/share/keyboard/environment/path.dsv
[9.717s] -- Installing: /home/admin/Documents/projects/u-tour/pathing/remote-repos/learning/fws_robot_harmonic/install/keyboard/share/keyboard/local_setup.bash
[9.718s] -- Installing: /home/admin/Documents/projects/u-tour/pathing/remote-repos/learning/fws_robot_harmonic/install/keyboard/share/keyboard/local_setup.sh
[9.718s] -- Installing: /home/admin/Documents/projects/u-tour/pathing/remote-repos/learning/fws_robot_harmonic/install/keyboard/share/keyboard/local_setup.zsh
[9.719s] -- Installing: /home/admin/Documents/projects/u-tour/pathing/remote-repos/learning/fws_robot_harmonic/install/keyboard/share/keyboard/local_setup.dsv
[9.719s] -- Installing: /home/admin/Documents/projects/u-tour/pathing/remote-repos/learning/fws_robot_harmonic/install/keyboard/share/keyboard/package.dsv
[9.719s] -- Installing: /home/admin/Documents/projects/u-tour/pathing/remote-repos/learning/fws_robot_harmonic/install/keyboard/share/ament_index/resource_index/packages/keyboard
[9.719s] -- Installing: /home/admin/Documents/projects/u-tour/pathing/remote-repos/learning/fws_robot_harmonic/install/keyboard/share/keyboard/cmake/keyboardConfig.cmake
[9.719s] -- Installing: /home/admin/Documents/projects/u-tour/pathing/remote-repos/learning/fws_robot_harmonic/install/keyboard/share/keyboard/cmake/keyboardConfig-version.cmake
[9.719s] -- Installing: /home/admin/Documents/projects/u-tour/pathing/remote-repos/learning/fws_robot_harmonic/install/keyboard/share/keyboard/package.xml
[9.723s] Invoked command in '/home/admin/Documents/projects/u-tour/pathing/remote-repos/learning/fws_robot_harmonic/build/keyboard' returned '0': AMENT_PREFIX_PATH=/home/admin/Documents/projects/u-tour/pathing/remote-repos/learning/fws_robot_harmonic/install/keyboard_msgs:${AMENT_PREFIX_PATH} CMAKE_PREFIX_PATH=/home/admin/Documents/projects/u-tour/pathing/remote-repos/learning/fws_robot_harmonic/install/keyboard_msgs:/opt/ros/jazzy/opt/gz_sim_vendor:/opt/ros/jazzy/opt/gz_sensors_vendor:/opt/ros/jazzy/opt/gz_physics_vendor:/opt/ros/jazzy/opt/sdformat_vendor:/opt/ros/jazzy/opt/gz_gui_vendor:/opt/ros/jazzy/opt/gz_transport_vendor:/opt/ros/jazzy/opt/gz_rendering_vendor:/opt/ros/jazzy/opt/gz_plugin_vendor:/opt/ros/jazzy/opt/gz_fuel_tools_vendor:/opt/ros/jazzy/opt/gz_msgs_vendor:/opt/ros/jazzy/opt/gz_common_vendor:/opt/ros/jazzy/opt/gz_math_vendor:/opt/ros/jazzy/opt/gz_utils_vendor:/opt/ros/jazzy/opt/gz_tools_vendor:/opt/ros/jazzy/opt/gz_ogre_next_vendor:/opt/ros/jazzy/opt/gz_dartsim_vendor:/opt/ros/jazzy/opt/gz_cmake_vendor:/opt/ros/jazzy DEBUGINFOD_URLS=https://debuginfod.ubuntu.com LD_LIBRARY_PATH=/home/admin/Documents/projects/u-tour/pathing/remote-repos/learning/fws_robot_harmonic/install/keyboard_msgs/lib:${LD_LIBRARY_PATH} PYTHONPATH=/home/admin/Documents/projects/u-tour/pathing/remote-repos/learning/fws_robot_harmonic/install/keyboard_msgs/lib/python3.12/site-packages:${PYTHONPATH} /usr/bin/cmake --install /home/admin/Documents/projects/u-tour/pathing/remote-repos/learning/fws_robot_harmonic/build/keyboard
