[0.211s] DEBUG:colcon:Command line arguments: ['/usr/bin/colcon', 'build']
[0.211s] DEBUG:colcon:Parsed command line arguments: Namespace(log_base=None, log_level=None, verb_name='build', build_base='build', install_base='install', merge_install=False, symlink_install=False, test_result_base=None, continue_on_error=False, executor='parallel', parallel_workers=6, event_handlers=None, ignore_user_meta=False, metas=['./colcon.meta'], base_paths=['.'], packages_ignore=None, packages_ignore_regex=None, paths=None, packages_up_to=None, packages_up_to_regex=None, packages_above=None, packages_above_and_dependencies=None, packages_above_depth=None, packages_select_by_dep=None, packages_skip_by_dep=None, packages_skip_up_to=None, packages_select_build_failed=False, packages_skip_build_finished=False, packages_select_test_failures=False, packages_skip_test_passed=False, packages_select=None, packages_skip=None, packages_select_regex=None, packages_skip_regex=None, packages_start=None, packages_end=None, allow_overriding=[], cmake_args=None, cmake_target=None, cmake_target_skip_unavailable=False, cmake_clean_cache=False, cmake_clean_first=False, cmake_force_configure=False, ament_cmake_args=None, catkin_cmake_args=None, catkin_skip_building_tests=False, mixin_files=None, mixin=None, verb_parser=<colcon_mixin.mixin.mixin_argument.MixinArgumentDecorator object at 0x7a1cd977e990>, verb_extension=<colcon_core.verb.build.BuildVerb object at 0x7a1cd977e630>, main=<bound method BuildVerb.main of <colcon_core.verb.build.BuildVerb object at 0x7a1cd977e630>>, mixin_verb=('build',))
[0.325s] Level 1:colcon.colcon_core.package_discovery:discover_packages(colcon_meta) check parameters
[0.326s] Level 1:colcon.colcon_core.package_discovery:discover_packages(recursive) check parameters
[0.326s] Level 1:colcon.colcon_core.package_discovery:discover_packages(ignore) check parameters
[0.326s] Level 1:colcon.colcon_core.package_discovery:discover_packages(path) check parameters
[0.326s] Level 1:colcon.colcon_core.package_discovery:discover_packages(colcon_meta) discover
[0.326s] Level 1:colcon.colcon_core.package_discovery:discover_packages(recursive) discover
[0.326s] INFO:colcon.colcon_core.package_discovery:Crawling recursively for packages in '/home/admin/Documents/projects/u-tour/pathing/remote-repos/learning/fws_robot_harmonic/src'
[0.326s] Level 1:colcon.colcon_core.package_identification:_identify(.) by extensions ['ignore', 'ignore_ament_install']
[0.326s] Level 1:colcon.colcon_core.package_identification:_identify(.) by extension 'ignore'
[0.327s] Level 1:colcon.colcon_core.package_identification:_identify(.) by extension 'ignore_ament_install'
[0.327s] Level 1:colcon.colcon_core.package_identification:_identify(.) by extensions ['colcon_pkg']
[0.327s] Level 1:colcon.colcon_core.package_identification:_identify(.) by extension 'colcon_pkg'
[0.327s] Level 1:colcon.colcon_core.package_identification:_identify(.) by extensions ['colcon_meta']
[0.327s] Level 1:colcon.colcon_core.package_identification:_identify(.) by extension 'colcon_meta'
[0.327s] Level 1:colcon.colcon_core.package_identification:_identify(.) by extensions ['ros']
[0.327s] Level 1:colcon.colcon_core.package_identification:_identify(.) by extension 'ros'
[0.355s] Level 1:colcon.colcon_core.package_identification:_identify(.) by extensions ['cmake', 'python']
[0.356s] Level 1:colcon.colcon_core.package_identification:_identify(.) by extension 'cmake'
[0.356s] Level 1:colcon.colcon_core.package_identification:_identify(.) by extension 'python'
[0.356s] Level 1:colcon.colcon_core.package_identification:_identify(.) by extensions ['python_setup_py']
[0.356s] Level 1:colcon.colcon_core.package_identification:_identify(.) by extension 'python_setup_py'
[0.356s] Level 1:colcon.colcon_core.package_identification:_identify(build) by extensions ['ignore', 'ignore_ament_install']
[0.356s] Level 1:colcon.colcon_core.package_identification:_identify(build) by extension 'ignore'
[0.356s] Level 1:colcon.colcon_core.package_identification:_identify(build) ignored
[0.356s] Level 1:colcon.colcon_core.package_identification:_identify(fws_robot_description) by extensions ['ignore', 'ignore_ament_install']
[0.356s] Level 1:colcon.colcon_core.package_identification:_identify(fws_robot_description) by extension 'ignore'
[0.357s] Level 1:colcon.colcon_core.package_identification:_identify(fws_robot_description) by extension 'ignore_ament_install'
[0.357s] Level 1:colcon.colcon_core.package_identification:_identify(fws_robot_description) by extensions ['colcon_pkg']
[0.357s] Level 1:colcon.colcon_core.package_identification:_identify(fws_robot_description) by extension 'colcon_pkg'
[0.357s] Level 1:colcon.colcon_core.package_identification:_identify(fws_robot_description) by extensions ['colcon_meta']
[0.357s] Level 1:colcon.colcon_core.package_identification:_identify(fws_robot_description) by extension 'colcon_meta'
[0.357s] Level 1:colcon.colcon_core.package_identification:_identify(fws_robot_description) by extensions ['ros']
[0.357s] Level 1:colcon.colcon_core.package_identification:_identify(fws_robot_description) by extension 'ros'
[0.361s] DEBUG:colcon.colcon_core.package_identification:Package 'fws_robot_description' with type 'ros.ament_cmake' and name 'fws_robot_description'
[0.361s] Level 1:colcon.colcon_core.package_identification:_identify(fws_robot_sim) by extensions ['ignore', 'ignore_ament_install']
[0.361s] Level 1:colcon.colcon_core.package_identification:_identify(fws_robot_sim) by extension 'ignore'
[0.361s] Level 1:colcon.colcon_core.package_identification:_identify(fws_robot_sim) by extension 'ignore_ament_install'
[0.361s] Level 1:colcon.colcon_core.package_identification:_identify(fws_robot_sim) by extensions ['colcon_pkg']
[0.361s] Level 1:colcon.colcon_core.package_identification:_identify(fws_robot_sim) by extension 'colcon_pkg'
[0.361s] Level 1:colcon.colcon_core.package_identification:_identify(fws_robot_sim) by extensions ['colcon_meta']
[0.361s] Level 1:colcon.colcon_core.package_identification:_identify(fws_robot_sim) by extension 'colcon_meta'
[0.361s] Level 1:colcon.colcon_core.package_identification:_identify(fws_robot_sim) by extensions ['ros']
[0.361s] Level 1:colcon.colcon_core.package_identification:_identify(fws_robot_sim) by extension 'ros'
[0.363s] DEBUG:colcon.colcon_core.package_identification:Package 'fws_robot_sim' with type 'ros.ament_cmake' and name 'fws_robot_sim'
[0.363s] Level 1:colcon.colcon_core.package_identification:_identify(install) by extensions ['ignore', 'ignore_ament_install']
[0.363s] Level 1:colcon.colcon_core.package_identification:_identify(install) by extension 'ignore'
[0.363s] Level 1:colcon.colcon_core.package_identification:_identify(install) ignored
[0.363s] Level 1:colcon.colcon_core.package_identification:_identify(log) by extensions ['ignore', 'ignore_ament_install']
[0.363s] Level 1:colcon.colcon_core.package_identification:_identify(log) by extension 'ignore'
[0.363s] Level 1:colcon.colcon_core.package_identification:_identify(log) ignored
[0.363s] Level 1:colcon.colcon_core.package_identification:_identify(ros2-keyboard) by extensions ['ignore', 'ignore_ament_install']
[0.363s] Level 1:colcon.colcon_core.package_identification:_identify(ros2-keyboard) by extension 'ignore'
[0.363s] Level 1:colcon.colcon_core.package_identification:_identify(ros2-keyboard) by extension 'ignore_ament_install'
[0.363s] Level 1:colcon.colcon_core.package_identification:_identify(ros2-keyboard) by extensions ['colcon_pkg']
[0.363s] Level 1:colcon.colcon_core.package_identification:_identify(ros2-keyboard) by extension 'colcon_pkg'
[0.363s] Level 1:colcon.colcon_core.package_identification:_identify(ros2-keyboard) by extensions ['colcon_meta']
[0.363s] Level 1:colcon.colcon_core.package_identification:_identify(ros2-keyboard) by extension 'colcon_meta'
[0.364s] Level 1:colcon.colcon_core.package_identification:_identify(ros2-keyboard) by extensions ['ros']
[0.364s] Level 1:colcon.colcon_core.package_identification:_identify(ros2-keyboard) by extension 'ros'
[0.364s] Level 1:colcon.colcon_core.package_identification:_identify(ros2-keyboard) by extensions ['cmake', 'python']
[0.364s] Level 1:colcon.colcon_core.package_identification:_identify(ros2-keyboard) by extension 'cmake'
[0.364s] Level 1:colcon.colcon_core.package_identification:_identify(ros2-keyboard) by extension 'python'
[0.364s] Level 1:colcon.colcon_core.package_identification:_identify(ros2-keyboard) by extensions ['python_setup_py']
[0.364s] Level 1:colcon.colcon_core.package_identification:_identify(ros2-keyboard) by extension 'python_setup_py'
[0.364s] Level 1:colcon.colcon_core.package_identification:_identify(ros2-keyboard/keyboard) by extensions ['ignore', 'ignore_ament_install']
[0.364s] Level 1:colcon.colcon_core.package_identification:_identify(ros2-keyboard/keyboard) by extension 'ignore'
[0.364s] Level 1:colcon.colcon_core.package_identification:_identify(ros2-keyboard/keyboard) by extension 'ignore_ament_install'
[0.364s] Level 1:colcon.colcon_core.package_identification:_identify(ros2-keyboard/keyboard) by extensions ['colcon_pkg']
[0.364s] Level 1:colcon.colcon_core.package_identification:_identify(ros2-keyboard/keyboard) by extension 'colcon_pkg'
[0.364s] Level 1:colcon.colcon_core.package_identification:_identify(ros2-keyboard/keyboard) by extensions ['colcon_meta']
[0.364s] Level 1:colcon.colcon_core.package_identification:_identify(ros2-keyboard/keyboard) by extension 'colcon_meta'
[0.364s] Level 1:colcon.colcon_core.package_identification:_identify(ros2-keyboard/keyboard) by extensions ['ros']
[0.364s] Level 1:colcon.colcon_core.package_identification:_identify(ros2-keyboard/keyboard) by extension 'ros'
[0.366s] DEBUG:colcon.colcon_core.package_identification:Package 'ros2-keyboard/keyboard' with type 'ros.ament_cmake' and name 'keyboard'
[0.366s] Level 1:colcon.colcon_core.package_identification:_identify(ros2-keyboard/keyboard_msgs) by extensions ['ignore', 'ignore_ament_install']
[0.366s] Level 1:colcon.colcon_core.package_identification:_identify(ros2-keyboard/keyboard_msgs) by extension 'ignore'
[0.366s] Level 1:colcon.colcon_core.package_identification:_identify(ros2-keyboard/keyboard_msgs) by extension 'ignore_ament_install'
[0.366s] Level 1:colcon.colcon_core.package_identification:_identify(ros2-keyboard/keyboard_msgs) by extensions ['colcon_pkg']
[0.366s] Level 1:colcon.colcon_core.package_identification:_identify(ros2-keyboard/keyboard_msgs) by extension 'colcon_pkg'
[0.366s] Level 1:colcon.colcon_core.package_identification:_identify(ros2-keyboard/keyboard_msgs) by extensions ['colcon_meta']
[0.366s] Level 1:colcon.colcon_core.package_identification:_identify(ros2-keyboard/keyboard_msgs) by extension 'colcon_meta'
[0.366s] Level 1:colcon.colcon_core.package_identification:_identify(ros2-keyboard/keyboard_msgs) by extensions ['ros']
[0.366s] Level 1:colcon.colcon_core.package_identification:_identify(ros2-keyboard/keyboard_msgs) by extension 'ros'
[0.367s] DEBUG:colcon.colcon_core.package_identification:Package 'ros2-keyboard/keyboard_msgs' with type 'ros.ament_cmake' and name 'keyboard_msgs'
[0.367s] Level 1:colcon.colcon_core.package_identification:_identify(velocity_pub) by extensions ['ignore', 'ignore_ament_install']
[0.368s] Level 1:colcon.colcon_core.package_identification:_identify(velocity_pub) by extension 'ignore'
[0.368s] Level 1:colcon.colcon_core.package_identification:_identify(velocity_pub) by extension 'ignore_ament_install'
[0.368s] Level 1:colcon.colcon_core.package_identification:_identify(velocity_pub) by extensions ['colcon_pkg']
[0.368s] Level 1:colcon.colcon_core.package_identification:_identify(velocity_pub) by extension 'colcon_pkg'
[0.368s] Level 1:colcon.colcon_core.package_identification:_identify(velocity_pub) by extensions ['colcon_meta']
[0.368s] Level 1:colcon.colcon_core.package_identification:_identify(velocity_pub) by extension 'colcon_meta'
[0.368s] Level 1:colcon.colcon_core.package_identification:_identify(velocity_pub) by extensions ['ros']
[0.368s] Level 1:colcon.colcon_core.package_identification:_identify(velocity_pub) by extension 'ros'
[0.369s] DEBUG:colcon.colcon_core.package_identification:Package 'velocity_pub' with type 'ros.ament_cmake' and name 'velocity_pub'
[0.369s] Level 1:colcon.colcon_core.package_discovery:discover_packages(recursive) using defaults
[0.369s] Level 1:colcon.colcon_core.package_discovery:discover_packages(ignore) discover
[0.369s] Level 1:colcon.colcon_core.package_discovery:discover_packages(ignore) using defaults
[0.369s] Level 1:colcon.colcon_core.package_discovery:discover_packages(path) discover
[0.369s] Level 1:colcon.colcon_core.package_discovery:discover_packages(path) using defaults
[0.401s] Level 1:colcon.colcon_core.package_discovery:discover_packages(prefix_path) check parameters
[0.401s] Level 1:colcon.colcon_core.package_discovery:discover_packages(prefix_path) discover
[0.407s] DEBUG:colcon.colcon_installed_package_information.package_discovery:Found 5 installed packages in /home/admin/Documents/projects/u-tour/pathing/remote-repos/learning/fws_robot_harmonic/install
[0.409s] DEBUG:colcon.colcon_installed_package_information.package_discovery:Found 361 installed packages in /opt/ros/jazzy
[0.411s] Level 1:colcon.colcon_core.package_discovery:discover_packages(prefix_path) using defaults
[0.474s] Level 5:colcon.colcon_core.verb:set package 'fws_robot_description' build argument 'cmake_args' from command line to 'None'
[0.474s] Level 5:colcon.colcon_core.verb:set package 'fws_robot_description' build argument 'cmake_target' from command line to 'None'
[0.474s] Level 5:colcon.colcon_core.verb:set package 'fws_robot_description' build argument 'cmake_target_skip_unavailable' from command line to 'False'
[0.474s] Level 5:colcon.colcon_core.verb:set package 'fws_robot_description' build argument 'cmake_clean_cache' from command line to 'False'
[0.474s] Level 5:colcon.colcon_core.verb:set package 'fws_robot_description' build argument 'cmake_clean_first' from command line to 'False'
[0.474s] Level 5:colcon.colcon_core.verb:set package 'fws_robot_description' build argument 'cmake_force_configure' from command line to 'False'
[0.474s] Level 5:colcon.colcon_core.verb:set package 'fws_robot_description' build argument 'ament_cmake_args' from command line to 'None'
[0.474s] Level 5:colcon.colcon_core.verb:set package 'fws_robot_description' build argument 'catkin_cmake_args' from command line to 'None'
[0.474s] Level 5:colcon.colcon_core.verb:set package 'fws_robot_description' build argument 'catkin_skip_building_tests' from command line to 'False'
[0.474s] DEBUG:colcon.colcon_core.verb:Building package 'fws_robot_description' with the following arguments: {'ament_cmake_args': None, 'build_base': '/home/admin/Documents/projects/u-tour/pathing/remote-repos/learning/fws_robot_harmonic/src/build/fws_robot_description', 'catkin_cmake_args': None, 'catkin_skip_building_tests': False, 'cmake_args': None, 'cmake_clean_cache': False, 'cmake_clean_first': False, 'cmake_force_configure': False, 'cmake_target': None, 'cmake_target_skip_unavailable': False, 'install_base': '/home/admin/Documents/projects/u-tour/pathing/remote-repos/learning/fws_robot_harmonic/src/install/fws_robot_description', 'merge_install': False, 'path': '/home/admin/Documents/projects/u-tour/pathing/remote-repos/learning/fws_robot_harmonic/src/fws_robot_description', 'symlink_install': False, 'test_result_base': None}
[0.475s] Level 5:colcon.colcon_core.verb:set package 'fws_robot_sim' build argument 'cmake_args' from command line to 'None'
[0.475s] Level 5:colcon.colcon_core.verb:set package 'fws_robot_sim' build argument 'cmake_target' from command line to 'None'
[0.475s] Level 5:colcon.colcon_core.verb:set package 'fws_robot_sim' build argument 'cmake_target_skip_unavailable' from command line to 'False'
[0.475s] Level 5:colcon.colcon_core.verb:set package 'fws_robot_sim' build argument 'cmake_clean_cache' from command line to 'False'
[0.475s] Level 5:colcon.colcon_core.verb:set package 'fws_robot_sim' build argument 'cmake_clean_first' from command line to 'False'
[0.475s] Level 5:colcon.colcon_core.verb:set package 'fws_robot_sim' build argument 'cmake_force_configure' from command line to 'False'
[0.475s] Level 5:colcon.colcon_core.verb:set package 'fws_robot_sim' build argument 'ament_cmake_args' from command line to 'None'
[0.475s] Level 5:colcon.colcon_core.verb:set package 'fws_robot_sim' build argument 'catkin_cmake_args' from command line to 'None'
[0.475s] Level 5:colcon.colcon_core.verb:set package 'fws_robot_sim' build argument 'catkin_skip_building_tests' from command line to 'False'
[0.475s] DEBUG:colcon.colcon_core.verb:Building package 'fws_robot_sim' with the following arguments: {'ament_cmake_args': None, 'build_base': '/home/admin/Documents/projects/u-tour/pathing/remote-repos/learning/fws_robot_harmonic/src/build/fws_robot_sim', 'catkin_cmake_args': None, 'catkin_skip_building_tests': False, 'cmake_args': None, 'cmake_clean_cache': False, 'cmake_clean_first': False, 'cmake_force_configure': False, 'cmake_target': None, 'cmake_target_skip_unavailable': False, 'install_base': '/home/admin/Documents/projects/u-tour/pathing/remote-repos/learning/fws_robot_harmonic/src/install/fws_robot_sim', 'merge_install': False, 'path': '/home/admin/Documents/projects/u-tour/pathing/remote-repos/learning/fws_robot_harmonic/src/fws_robot_sim', 'symlink_install': False, 'test_result_base': None}
[0.475s] Level 5:colcon.colcon_core.verb:set package 'keyboard_msgs' build argument 'cmake_args' from command line to 'None'
[0.475s] Level 5:colcon.colcon_core.verb:set package 'keyboard_msgs' build argument 'cmake_target' from command line to 'None'
[0.475s] Level 5:colcon.colcon_core.verb:set package 'keyboard_msgs' build argument 'cmake_target_skip_unavailable' from command line to 'False'
[0.475s] Level 5:colcon.colcon_core.verb:set package 'keyboard_msgs' build argument 'cmake_clean_cache' from command line to 'False'
[0.475s] Level 5:colcon.colcon_core.verb:set package 'keyboard_msgs' build argument 'cmake_clean_first' from command line to 'False'
[0.475s] Level 5:colcon.colcon_core.verb:set package 'keyboard_msgs' build argument 'cmake_force_configure' from command line to 'False'
[0.475s] Level 5:colcon.colcon_core.verb:set package 'keyboard_msgs' build argument 'ament_cmake_args' from command line to 'None'
[0.475s] Level 5:colcon.colcon_core.verb:set package 'keyboard_msgs' build argument 'catkin_cmake_args' from command line to 'None'
[0.475s] Level 5:colcon.colcon_core.verb:set package 'keyboard_msgs' build argument 'catkin_skip_building_tests' from command line to 'False'
[0.475s] DEBUG:colcon.colcon_core.verb:Building package 'keyboard_msgs' with the following arguments: {'ament_cmake_args': None, 'build_base': '/home/admin/Documents/projects/u-tour/pathing/remote-repos/learning/fws_robot_harmonic/src/build/keyboard_msgs', 'catkin_cmake_args': None, 'catkin_skip_building_tests': False, 'cmake_args': None, 'cmake_clean_cache': False, 'cmake_clean_first': False, 'cmake_force_configure': False, 'cmake_target': None, 'cmake_target_skip_unavailable': False, 'install_base': '/home/admin/Documents/projects/u-tour/pathing/remote-repos/learning/fws_robot_harmonic/src/install/keyboard_msgs', 'merge_install': False, 'path': '/home/admin/Documents/projects/u-tour/pathing/remote-repos/learning/fws_robot_harmonic/src/ros2-keyboard/keyboard_msgs', 'symlink_install': False, 'test_result_base': None}
[0.476s] Level 5:colcon.colcon_core.verb:set package 'velocity_pub' build argument 'cmake_args' from command line to 'None'
[0.476s] Level 5:colcon.colcon_core.verb:set package 'velocity_pub' build argument 'cmake_target' from command line to 'None'
[0.476s] Level 5:colcon.colcon_core.verb:set package 'velocity_pub' build argument 'cmake_target_skip_unavailable' from command line to 'False'
[0.476s] Level 5:colcon.colcon_core.verb:set package 'velocity_pub' build argument 'cmake_clean_cache' from command line to 'False'
[0.476s] Level 5:colcon.colcon_core.verb:set package 'velocity_pub' build argument 'cmake_clean_first' from command line to 'False'
[0.476s] Level 5:colcon.colcon_core.verb:set package 'velocity_pub' build argument 'cmake_force_configure' from command line to 'False'
[0.476s] Level 5:colcon.colcon_core.verb:set package 'velocity_pub' build argument 'ament_cmake_args' from command line to 'None'
[0.476s] Level 5:colcon.colcon_core.verb:set package 'velocity_pub' build argument 'catkin_cmake_args' from command line to 'None'
[0.476s] Level 5:colcon.colcon_core.verb:set package 'velocity_pub' build argument 'catkin_skip_building_tests' from command line to 'False'
[0.476s] DEBUG:colcon.colcon_core.verb:Building package 'velocity_pub' with the following arguments: {'ament_cmake_args': None, 'build_base': '/home/admin/Documents/projects/u-tour/pathing/remote-repos/learning/fws_robot_harmonic/src/build/velocity_pub', 'catkin_cmake_args': None, 'catkin_skip_building_tests': False, 'cmake_args': None, 'cmake_clean_cache': False, 'cmake_clean_first': False, 'cmake_force_configure': False, 'cmake_target': None, 'cmake_target_skip_unavailable': False, 'install_base': '/home/admin/Documents/projects/u-tour/pathing/remote-repos/learning/fws_robot_harmonic/src/install/velocity_pub', 'merge_install': False, 'path': '/home/admin/Documents/projects/u-tour/pathing/remote-repos/learning/fws_robot_harmonic/src/velocity_pub', 'symlink_install': False, 'test_result_base': None}
[0.476s] Level 5:colcon.colcon_core.verb:set package 'keyboard' build argument 'cmake_args' from command line to 'None'
[0.476s] Level 5:colcon.colcon_core.verb:set package 'keyboard' build argument 'cmake_target' from command line to 'None'
[0.476s] Level 5:colcon.colcon_core.verb:set package 'keyboard' build argument 'cmake_target_skip_unavailable' from command line to 'False'
[0.476s] Level 5:colcon.colcon_core.verb:set package 'keyboard' build argument 'cmake_clean_cache' from command line to 'False'
[0.476s] Level 5:colcon.colcon_core.verb:set package 'keyboard' build argument 'cmake_clean_first' from command line to 'False'
[0.476s] Level 5:colcon.colcon_core.verb:set package 'keyboard' build argument 'cmake_force_configure' from command line to 'False'
[0.476s] Level 5:colcon.colcon_core.verb:set package 'keyboard' build argument 'ament_cmake_args' from command line to 'None'
[0.476s] Level 5:colcon.colcon_core.verb:set package 'keyboard' build argument 'catkin_cmake_args' from command line to 'None'
[0.476s] Level 5:colcon.colcon_core.verb:set package 'keyboard' build argument 'catkin_skip_building_tests' from command line to 'False'
[0.476s] DEBUG:colcon.colcon_core.verb:Building package 'keyboard' with the following arguments: {'ament_cmake_args': None, 'build_base': '/home/admin/Documents/projects/u-tour/pathing/remote-repos/learning/fws_robot_harmonic/src/build/keyboard', 'catkin_cmake_args': None, 'catkin_skip_building_tests': False, 'cmake_args': None, 'cmake_clean_cache': False, 'cmake_clean_first': False, 'cmake_force_configure': False, 'cmake_target': None, 'cmake_target_skip_unavailable': False, 'install_base': '/home/admin/Documents/projects/u-tour/pathing/remote-repos/learning/fws_robot_harmonic/src/install/keyboard', 'merge_install': False, 'path': '/home/admin/Documents/projects/u-tour/pathing/remote-repos/learning/fws_robot_harmonic/src/ros2-keyboard/keyboard', 'symlink_install': False, 'test_result_base': None}
[0.476s] INFO:colcon.colcon_core.executor:Executing jobs using 'parallel' executor
[0.479s] DEBUG:colcon.colcon_parallel_executor.executor.parallel:run_until_complete
[0.483s] INFO:colcon.colcon_ros.task.ament_cmake.build:Building ROS package in '/home/admin/Documents/projects/u-tour/pathing/remote-repos/learning/fws_robot_harmonic/src/ros2-keyboard/keyboard_msgs' with build type 'ament_cmake'
[0.487s] INFO:colcon.colcon_cmake.task.cmake.build:Building CMake package in '/home/admin/Documents/projects/u-tour/pathing/remote-repos/learning/fws_robot_harmonic/src/ros2-keyboard/keyboard_msgs'
[0.507s] INFO:colcon.colcon_core.plugin_system:Skipping extension 'colcon_core.shell.bat': Not used on non-Windows systems
[0.507s] INFO:colcon.colcon_core.shell:Skip shell extension 'powershell' for command environment: Not usable outside of PowerShell
[0.507s] DEBUG:colcon.colcon_core.shell:Skip shell extension 'dsv' for command environment
[0.521s] INFO:colcon.colcon_ros.task.ament_cmake.build:Building ROS package in '/home/admin/Documents/projects/u-tour/pathing/remote-repos/learning/fws_robot_harmonic/src/fws_robot_description' with build type 'ament_cmake'
[0.521s] INFO:colcon.colcon_cmake.task.cmake.build:Building CMake package in '/home/admin/Documents/projects/u-tour/pathing/remote-repos/learning/fws_robot_harmonic/src/fws_robot_description'
[0.521s] INFO:colcon.colcon_core.shell:Skip shell extension 'powershell' for command environment: Not usable outside of PowerShell
[0.521s] DEBUG:colcon.colcon_core.shell:Skip shell extension 'dsv' for command environment
[0.527s] INFO:colcon.colcon_ros.task.ament_cmake.build:Building ROS package in '/home/admin/Documents/projects/u-tour/pathing/remote-repos/learning/fws_robot_harmonic/src/fws_robot_sim' with build type 'ament_cmake'
[0.528s] INFO:colcon.colcon_cmake.task.cmake.build:Building CMake package in '/home/admin/Documents/projects/u-tour/pathing/remote-repos/learning/fws_robot_harmonic/src/fws_robot_sim'
[0.528s] INFO:colcon.colcon_core.shell:Skip shell extension 'powershell' for command environment: Not usable outside of PowerShell
[0.528s] DEBUG:colcon.colcon_core.shell:Skip shell extension 'dsv' for command environment
[0.534s] INFO:colcon.colcon_ros.task.ament_cmake.build:Building ROS package in '/home/admin/Documents/projects/u-tour/pathing/remote-repos/learning/fws_robot_harmonic/src/velocity_pub' with build type 'ament_cmake'
[0.536s] INFO:colcon.colcon_cmake.task.cmake.build:Building CMake package in '/home/admin/Documents/projects/u-tour/pathing/remote-repos/learning/fws_robot_harmonic/src/velocity_pub'
[0.537s] INFO:colcon.colcon_core.shell:Skip shell extension 'powershell' for command environment: Not usable outside of PowerShell
[0.537s] DEBUG:colcon.colcon_core.shell:Skip shell extension 'dsv' for command environment
[0.548s] DEBUG:colcon.colcon_core.event_handler.log_command:Invoking command in '/home/admin/Documents/projects/u-tour/pathing/remote-repos/learning/fws_robot_harmonic/src/build/keyboard_msgs': CMAKE_PREFIX_PATH=${CMAKE_PREFIX_PATH}:/opt/ros/jazzy DEBUGINFOD_URLS=https://debuginfod.ubuntu.com /usr/bin/cmake /home/admin/Documents/projects/u-tour/pathing/remote-repos/learning/fws_robot_harmonic/src/ros2-keyboard/keyboard_msgs -DCMAKE_INSTALL_PREFIX=/home/admin/Documents/projects/u-tour/pathing/remote-repos/learning/fws_robot_harmonic/src/install/keyboard_msgs
[0.559s] DEBUG:colcon.colcon_core.event_handler.log_command:Invoking command in '/home/admin/Documents/projects/u-tour/pathing/remote-repos/learning/fws_robot_harmonic/src/build/fws_robot_description': CMAKE_PREFIX_PATH=${CMAKE_PREFIX_PATH}:/opt/ros/jazzy DEBUGINFOD_URLS=https://debuginfod.ubuntu.com /usr/bin/cmake /home/admin/Documents/projects/u-tour/pathing/remote-repos/learning/fws_robot_harmonic/src/fws_robot_description -DCMAKE_INSTALL_PREFIX=/home/admin/Documents/projects/u-tour/pathing/remote-repos/learning/fws_robot_harmonic/src/install/fws_robot_description
[0.562s] DEBUG:colcon.colcon_core.event_handler.log_command:Invoking command in '/home/admin/Documents/projects/u-tour/pathing/remote-repos/learning/fws_robot_harmonic/src/build/fws_robot_sim': CMAKE_PREFIX_PATH=${CMAKE_PREFIX_PATH}:/opt/ros/jazzy DEBUGINFOD_URLS=https://debuginfod.ubuntu.com /usr/bin/cmake /home/admin/Documents/projects/u-tour/pathing/remote-repos/learning/fws_robot_harmonic/src/fws_robot_sim -DCMAKE_INSTALL_PREFIX=/home/admin/Documents/projects/u-tour/pathing/remote-repos/learning/fws_robot_harmonic/src/install/fws_robot_sim
[0.570s] DEBUG:colcon.colcon_core.event_handler.log_command:Invoking command in '/home/admin/Documents/projects/u-tour/pathing/remote-repos/learning/fws_robot_harmonic/src/build/velocity_pub': CMAKE_PREFIX_PATH=${CMAKE_PREFIX_PATH}:/opt/ros/jazzy DEBUGINFOD_URLS=https://debuginfod.ubuntu.com /usr/bin/cmake /home/admin/Documents/projects/u-tour/pathing/remote-repos/learning/fws_robot_harmonic/src/velocity_pub -DCMAKE_INSTALL_PREFIX=/home/admin/Documents/projects/u-tour/pathing/remote-repos/learning/fws_robot_harmonic/src/install/velocity_pub
[3.203s] DEBUG:colcon.colcon_core.event_handler.log_command:Invoked command in '/home/admin/Documents/projects/u-tour/pathing/remote-repos/learning/fws_robot_harmonic/src/build/fws_robot_sim' returned '0': CMAKE_PREFIX_PATH=${CMAKE_PREFIX_PATH}:/opt/ros/jazzy DEBUGINFOD_URLS=https://debuginfod.ubuntu.com /usr/bin/cmake /home/admin/Documents/projects/u-tour/pathing/remote-repos/learning/fws_robot_harmonic/src/fws_robot_sim -DCMAKE_INSTALL_PREFIX=/home/admin/Documents/projects/u-tour/pathing/remote-repos/learning/fws_robot_harmonic/src/install/fws_robot_sim
[3.208s] DEBUG:colcon.colcon_core.event_handler.log_command:Invoking command in '/home/admin/Documents/projects/u-tour/pathing/remote-repos/learning/fws_robot_harmonic/src/build/fws_robot_sim': CMAKE_PREFIX_PATH=${CMAKE_PREFIX_PATH}:/opt/ros/jazzy DEBUGINFOD_URLS=https://debuginfod.ubuntu.com /usr/bin/cmake --build /home/admin/Documents/projects/u-tour/pathing/remote-repos/learning/fws_robot_harmonic/src/build/fws_robot_sim -- -j6 -l6
[3.314s] DEBUG:colcon.colcon_core.event_handler.log_command:Invoked command in '/home/admin/Documents/projects/u-tour/pathing/remote-repos/learning/fws_robot_harmonic/src/build/fws_robot_sim' returned '0': CMAKE_PREFIX_PATH=${CMAKE_PREFIX_PATH}:/opt/ros/jazzy DEBUGINFOD_URLS=https://debuginfod.ubuntu.com /usr/bin/cmake --build /home/admin/Documents/projects/u-tour/pathing/remote-repos/learning/fws_robot_harmonic/src/build/fws_robot_sim -- -j6 -l6
[3.414s] DEBUG:colcon.colcon_core.event_handler.log_command:Invoking command in '/home/admin/Documents/projects/u-tour/pathing/remote-repos/learning/fws_robot_harmonic/src/build/fws_robot_sim': CMAKE_PREFIX_PATH=${CMAKE_PREFIX_PATH}:/opt/ros/jazzy DEBUGINFOD_URLS=https://debuginfod.ubuntu.com /usr/bin/cmake --install /home/admin/Documents/projects/u-tour/pathing/remote-repos/learning/fws_robot_harmonic/src/build/fws_robot_sim
[3.439s] Level 1:colcon.colcon_core.environment:create_environment_scripts_only(fws_robot_sim)
[3.440s] DEBUG:colcon.colcon_core.event_handler.log_command:Invoked command in '/home/admin/Documents/projects/u-tour/pathing/remote-repos/learning/fws_robot_harmonic/src/build/fws_robot_sim' returned '0': CMAKE_PREFIX_PATH=${CMAKE_PREFIX_PATH}:/opt/ros/jazzy DEBUGINFOD_URLS=https://debuginfod.ubuntu.com /usr/bin/cmake --install /home/admin/Documents/projects/u-tour/pathing/remote-repos/learning/fws_robot_harmonic/src/build/fws_robot_sim
[3.449s] Level 1:colcon.colcon_core.environment:checking '/home/admin/Documents/projects/u-tour/pathing/remote-repos/learning/fws_robot_harmonic/src/install/fws_robot_sim' for CMake module files
[3.450s] Level 1:colcon.colcon_core.environment:checking '/home/admin/Documents/projects/u-tour/pathing/remote-repos/learning/fws_robot_harmonic/src/install/fws_robot_sim' for CMake config files
[3.450s] Level 1:colcon.colcon_core.shell:create_environment_hook('fws_robot_sim', 'cmake_prefix_path')
[3.451s] INFO:colcon.colcon_core.shell:Creating environment hook '/home/admin/Documents/projects/u-tour/pathing/remote-repos/learning/fws_robot_harmonic/src/install/fws_robot_sim/share/fws_robot_sim/hook/cmake_prefix_path.ps1'
[3.452s] INFO:colcon.colcon_core.shell:Creating environment descriptor '/home/admin/Documents/projects/u-tour/pathing/remote-repos/learning/fws_robot_harmonic/src/install/fws_robot_sim/share/fws_robot_sim/hook/cmake_prefix_path.dsv'
[3.453s] INFO:colcon.colcon_core.shell:Creating environment hook '/home/admin/Documents/projects/u-tour/pathing/remote-repos/learning/fws_robot_harmonic/src/install/fws_robot_sim/share/fws_robot_sim/hook/cmake_prefix_path.sh'
[3.455s] Level 1:colcon.colcon_core.environment:checking '/home/admin/Documents/projects/u-tour/pathing/remote-repos/learning/fws_robot_harmonic/src/install/fws_robot_sim/bin'
[3.455s] Level 1:colcon.colcon_core.environment:checking '/home/admin/Documents/projects/u-tour/pathing/remote-repos/learning/fws_robot_harmonic/src/install/fws_robot_sim/lib/pkgconfig/fws_robot_sim.pc'
[3.456s] Level 1:colcon.colcon_core.environment:checking '/home/admin/Documents/projects/u-tour/pathing/remote-repos/learning/fws_robot_harmonic/src/install/fws_robot_sim/lib/python3.12/site-packages'
[3.456s] Level 1:colcon.colcon_core.environment:checking '/home/admin/Documents/projects/u-tour/pathing/remote-repos/learning/fws_robot_harmonic/src/install/fws_robot_sim/bin'
[3.456s] INFO:colcon.colcon_core.shell:Creating package script '/home/admin/Documents/projects/u-tour/pathing/remote-repos/learning/fws_robot_harmonic/src/install/fws_robot_sim/share/fws_robot_sim/package.ps1'
[3.457s] INFO:colcon.colcon_core.shell:Creating package descriptor '/home/admin/Documents/projects/u-tour/pathing/remote-repos/learning/fws_robot_harmonic/src/install/fws_robot_sim/share/fws_robot_sim/package.dsv'
[3.459s] INFO:colcon.colcon_core.shell:Creating package script '/home/admin/Documents/projects/u-tour/pathing/remote-repos/learning/fws_robot_harmonic/src/install/fws_robot_sim/share/fws_robot_sim/package.sh'
[3.460s] INFO:colcon.colcon_core.shell:Creating package script '/home/admin/Documents/projects/u-tour/pathing/remote-repos/learning/fws_robot_harmonic/src/install/fws_robot_sim/share/fws_robot_sim/package.bash'
[3.461s] INFO:colcon.colcon_core.shell:Creating package script '/home/admin/Documents/projects/u-tour/pathing/remote-repos/learning/fws_robot_harmonic/src/install/fws_robot_sim/share/fws_robot_sim/package.zsh'
[3.462s] Level 1:colcon.colcon_core.environment:create_file_with_runtime_dependencies(/home/admin/Documents/projects/u-tour/pathing/remote-repos/learning/fws_robot_harmonic/src/install/fws_robot_sim/share/colcon-core/packages/fws_robot_sim)
[3.548s] Level 1:colcon.colcon_core.environment:create_environment_scripts_only(fws_robot_sim)
[3.548s] Level 1:colcon.colcon_core.environment:checking '/home/admin/Documents/projects/u-tour/pathing/remote-repos/learning/fws_robot_harmonic/src/install/fws_robot_sim' for CMake module files
[3.549s] Level 1:colcon.colcon_core.environment:checking '/home/admin/Documents/projects/u-tour/pathing/remote-repos/learning/fws_robot_harmonic/src/install/fws_robot_sim' for CMake config files
[3.549s] Level 1:colcon.colcon_core.shell:create_environment_hook('fws_robot_sim', 'cmake_prefix_path')
[3.550s] INFO:colcon.colcon_core.shell:Creating environment hook '/home/admin/Documents/projects/u-tour/pathing/remote-repos/learning/fws_robot_harmonic/src/install/fws_robot_sim/share/fws_robot_sim/hook/cmake_prefix_path.ps1'
[3.551s] INFO:colcon.colcon_core.shell:Creating environment descriptor '/home/admin/Documents/projects/u-tour/pathing/remote-repos/learning/fws_robot_harmonic/src/install/fws_robot_sim/share/fws_robot_sim/hook/cmake_prefix_path.dsv'
[3.552s] INFO:colcon.colcon_core.shell:Creating environment hook '/home/admin/Documents/projects/u-tour/pathing/remote-repos/learning/fws_robot_harmonic/src/install/fws_robot_sim/share/fws_robot_sim/hook/cmake_prefix_path.sh'
[3.552s] Level 1:colcon.colcon_core.environment:checking '/home/admin/Documents/projects/u-tour/pathing/remote-repos/learning/fws_robot_harmonic/src/install/fws_robot_sim/bin'
[3.553s] Level 1:colcon.colcon_core.environment:checking '/home/admin/Documents/projects/u-tour/pathing/remote-repos/learning/fws_robot_harmonic/src/install/fws_robot_sim/lib/pkgconfig/fws_robot_sim.pc'
[3.553s] Level 1:colcon.colcon_core.environment:checking '/home/admin/Documents/projects/u-tour/pathing/remote-repos/learning/fws_robot_harmonic/src/install/fws_robot_sim/lib/python3.12/site-packages'
[3.553s] Level 1:colcon.colcon_core.environment:checking '/home/admin/Documents/projects/u-tour/pathing/remote-repos/learning/fws_robot_harmonic/src/install/fws_robot_sim/bin'
[3.553s] INFO:colcon.colcon_core.shell:Creating package script '/home/admin/Documents/projects/u-tour/pathing/remote-repos/learning/fws_robot_harmonic/src/install/fws_robot_sim/share/fws_robot_sim/package.ps1'
[3.555s] INFO:colcon.colcon_core.shell:Creating package descriptor '/home/admin/Documents/projects/u-tour/pathing/remote-repos/learning/fws_robot_harmonic/src/install/fws_robot_sim/share/fws_robot_sim/package.dsv'
[3.556s] INFO:colcon.colcon_core.shell:Creating package script '/home/admin/Documents/projects/u-tour/pathing/remote-repos/learning/fws_robot_harmonic/src/install/fws_robot_sim/share/fws_robot_sim/package.sh'
[3.557s] INFO:colcon.colcon_core.shell:Creating package script '/home/admin/Documents/projects/u-tour/pathing/remote-repos/learning/fws_robot_harmonic/src/install/fws_robot_sim/share/fws_robot_sim/package.bash'
[3.558s] INFO:colcon.colcon_core.shell:Creating package script '/home/admin/Documents/projects/u-tour/pathing/remote-repos/learning/fws_robot_harmonic/src/install/fws_robot_sim/share/fws_robot_sim/package.zsh'
[3.558s] Level 1:colcon.colcon_core.environment:create_file_with_runtime_dependencies(/home/admin/Documents/projects/u-tour/pathing/remote-repos/learning/fws_robot_harmonic/src/install/fws_robot_sim/share/colcon-core/packages/fws_robot_sim)
[4.473s] DEBUG:colcon.colcon_core.event_handler.log_command:Invoked command in '/home/admin/Documents/projects/u-tour/pathing/remote-repos/learning/fws_robot_harmonic/src/build/velocity_pub' returned '0': CMAKE_PREFIX_PATH=${CMAKE_PREFIX_PATH}:/opt/ros/jazzy DEBUGINFOD_URLS=https://debuginfod.ubuntu.com /usr/bin/cmake /home/admin/Documents/projects/u-tour/pathing/remote-repos/learning/fws_robot_harmonic/src/velocity_pub -DCMAKE_INSTALL_PREFIX=/home/admin/Documents/projects/u-tour/pathing/remote-repos/learning/fws_robot_harmonic/src/install/velocity_pub
[4.473s] DEBUG:colcon.colcon_core.event_handler.log_command:Invoking command in '/home/admin/Documents/projects/u-tour/pathing/remote-repos/learning/fws_robot_harmonic/src/build/velocity_pub': CMAKE_PREFIX_PATH=${CMAKE_PREFIX_PATH}:/opt/ros/jazzy DEBUGINFOD_URLS=https://debuginfod.ubuntu.com /usr/bin/cmake --build /home/admin/Documents/projects/u-tour/pathing/remote-repos/learning/fws_robot_harmonic/src/build/velocity_pub -- -j6 -l6
[4.562s] DEBUG:colcon.colcon_core.event_handler.log_command:Invoked command in '/home/admin/Documents/projects/u-tour/pathing/remote-repos/learning/fws_robot_harmonic/src/build/velocity_pub' returned '0': CMAKE_PREFIX_PATH=${CMAKE_PREFIX_PATH}:/opt/ros/jazzy DEBUGINFOD_URLS=https://debuginfod.ubuntu.com /usr/bin/cmake --build /home/admin/Documents/projects/u-tour/pathing/remote-repos/learning/fws_robot_harmonic/src/build/velocity_pub -- -j6 -l6
[4.629s] DEBUG:colcon.colcon_core.event_handler.log_command:Invoking command in '/home/admin/Documents/projects/u-tour/pathing/remote-repos/learning/fws_robot_harmonic/src/build/velocity_pub': CMAKE_PREFIX_PATH=${CMAKE_PREFIX_PATH}:/opt/ros/jazzy DEBUGINFOD_URLS=https://debuginfod.ubuntu.com /usr/bin/cmake --install /home/admin/Documents/projects/u-tour/pathing/remote-repos/learning/fws_robot_harmonic/src/build/velocity_pub
[4.663s] Level 1:colcon.colcon_core.environment:create_environment_scripts_only(velocity_pub)
[4.664s] Level 1:colcon.colcon_core.environment:checking '/home/admin/Documents/projects/u-tour/pathing/remote-repos/learning/fws_robot_harmonic/src/install/velocity_pub' for CMake module files
[4.665s] DEBUG:colcon.colcon_core.event_handler.log_command:Invoked command in '/home/admin/Documents/projects/u-tour/pathing/remote-repos/learning/fws_robot_harmonic/src/build/velocity_pub' returned '0': CMAKE_PREFIX_PATH=${CMAKE_PREFIX_PATH}:/opt/ros/jazzy DEBUGINFOD_URLS=https://debuginfod.ubuntu.com /usr/bin/cmake --install /home/admin/Documents/projects/u-tour/pathing/remote-repos/learning/fws_robot_harmonic/src/build/velocity_pub
[4.665s] Level 1:colcon.colcon_core.environment:checking '/home/admin/Documents/projects/u-tour/pathing/remote-repos/learning/fws_robot_harmonic/src/install/velocity_pub' for CMake config files
[4.666s] Level 1:colcon.colcon_core.shell:create_environment_hook('velocity_pub', 'cmake_prefix_path')
[4.666s] INFO:colcon.colcon_core.shell:Creating environment hook '/home/admin/Documents/projects/u-tour/pathing/remote-repos/learning/fws_robot_harmonic/src/install/velocity_pub/share/velocity_pub/hook/cmake_prefix_path.ps1'
[4.667s] INFO:colcon.colcon_core.shell:Creating environment descriptor '/home/admin/Documents/projects/u-tour/pathing/remote-repos/learning/fws_robot_harmonic/src/install/velocity_pub/share/velocity_pub/hook/cmake_prefix_path.dsv'
[4.667s] INFO:colcon.colcon_core.shell:Creating environment hook '/home/admin/Documents/projects/u-tour/pathing/remote-repos/learning/fws_robot_harmonic/src/install/velocity_pub/share/velocity_pub/hook/cmake_prefix_path.sh'
[4.668s] Level 1:colcon.colcon_core.environment:checking '/home/admin/Documents/projects/u-tour/pathing/remote-repos/learning/fws_robot_harmonic/src/install/velocity_pub/lib'
[4.668s] Level 1:colcon.colcon_core.environment:checking '/home/admin/Documents/projects/u-tour/pathing/remote-repos/learning/fws_robot_harmonic/src/install/velocity_pub/bin'
[4.668s] Level 1:colcon.colcon_core.environment:checking '/home/admin/Documents/projects/u-tour/pathing/remote-repos/learning/fws_robot_harmonic/src/install/velocity_pub/lib/pkgconfig/velocity_pub.pc'
[4.669s] Level 1:colcon.colcon_core.environment:checking '/home/admin/Documents/projects/u-tour/pathing/remote-repos/learning/fws_robot_harmonic/src/install/velocity_pub/lib/python3.12/site-packages'
[4.669s] Level 1:colcon.colcon_core.environment:checking '/home/admin/Documents/projects/u-tour/pathing/remote-repos/learning/fws_robot_harmonic/src/install/velocity_pub/bin'
[4.669s] INFO:colcon.colcon_core.shell:Creating package script '/home/admin/Documents/projects/u-tour/pathing/remote-repos/learning/fws_robot_harmonic/src/install/velocity_pub/share/velocity_pub/package.ps1'
[4.670s] INFO:colcon.colcon_core.shell:Creating package descriptor '/home/admin/Documents/projects/u-tour/pathing/remote-repos/learning/fws_robot_harmonic/src/install/velocity_pub/share/velocity_pub/package.dsv'
[4.670s] INFO:colcon.colcon_core.shell:Creating package script '/home/admin/Documents/projects/u-tour/pathing/remote-repos/learning/fws_robot_harmonic/src/install/velocity_pub/share/velocity_pub/package.sh'
[4.671s] INFO:colcon.colcon_core.shell:Creating package script '/home/admin/Documents/projects/u-tour/pathing/remote-repos/learning/fws_robot_harmonic/src/install/velocity_pub/share/velocity_pub/package.bash'
[4.672s] INFO:colcon.colcon_core.shell:Creating package script '/home/admin/Documents/projects/u-tour/pathing/remote-repos/learning/fws_robot_harmonic/src/install/velocity_pub/share/velocity_pub/package.zsh'
[4.672s] Level 1:colcon.colcon_core.environment:create_file_with_runtime_dependencies(/home/admin/Documents/projects/u-tour/pathing/remote-repos/learning/fws_robot_harmonic/src/install/velocity_pub/share/colcon-core/packages/velocity_pub)
[4.773s] Level 1:colcon.colcon_core.environment:create_environment_scripts_only(velocity_pub)
[4.774s] Level 1:colcon.colcon_core.environment:checking '/home/admin/Documents/projects/u-tour/pathing/remote-repos/learning/fws_robot_harmonic/src/install/velocity_pub' for CMake module files
[4.774s] Level 1:colcon.colcon_core.environment:checking '/home/admin/Documents/projects/u-tour/pathing/remote-repos/learning/fws_robot_harmonic/src/install/velocity_pub' for CMake config files
[4.775s] Level 1:colcon.colcon_core.shell:create_environment_hook('velocity_pub', 'cmake_prefix_path')
[4.775s] INFO:colcon.colcon_core.shell:Creating environment hook '/home/admin/Documents/projects/u-tour/pathing/remote-repos/learning/fws_robot_harmonic/src/install/velocity_pub/share/velocity_pub/hook/cmake_prefix_path.ps1'
[4.778s] INFO:colcon.colcon_core.shell:Creating environment descriptor '/home/admin/Documents/projects/u-tour/pathing/remote-repos/learning/fws_robot_harmonic/src/install/velocity_pub/share/velocity_pub/hook/cmake_prefix_path.dsv'
[4.780s] INFO:colcon.colcon_core.shell:Creating environment hook '/home/admin/Documents/projects/u-tour/pathing/remote-repos/learning/fws_robot_harmonic/src/install/velocity_pub/share/velocity_pub/hook/cmake_prefix_path.sh'
[4.781s] Level 1:colcon.colcon_core.environment:checking '/home/admin/Documents/projects/u-tour/pathing/remote-repos/learning/fws_robot_harmonic/src/install/velocity_pub/lib'
[4.781s] Level 1:colcon.colcon_core.environment:checking '/home/admin/Documents/projects/u-tour/pathing/remote-repos/learning/fws_robot_harmonic/src/install/velocity_pub/bin'
[4.781s] Level 1:colcon.colcon_core.environment:checking '/home/admin/Documents/projects/u-tour/pathing/remote-repos/learning/fws_robot_harmonic/src/install/velocity_pub/lib/pkgconfig/velocity_pub.pc'
[4.781s] Level 1:colcon.colcon_core.environment:checking '/home/admin/Documents/projects/u-tour/pathing/remote-repos/learning/fws_robot_harmonic/src/install/velocity_pub/lib/python3.12/site-packages'
[4.782s] Level 1:colcon.colcon_core.environment:checking '/home/admin/Documents/projects/u-tour/pathing/remote-repos/learning/fws_robot_harmonic/src/install/velocity_pub/bin'
[4.782s] INFO:colcon.colcon_core.shell:Creating package script '/home/admin/Documents/projects/u-tour/pathing/remote-repos/learning/fws_robot_harmonic/src/install/velocity_pub/share/velocity_pub/package.ps1'
[4.783s] INFO:colcon.colcon_core.shell:Creating package descriptor '/home/admin/Documents/projects/u-tour/pathing/remote-repos/learning/fws_robot_harmonic/src/install/velocity_pub/share/velocity_pub/package.dsv'
[4.784s] INFO:colcon.colcon_core.shell:Creating package script '/home/admin/Documents/projects/u-tour/pathing/remote-repos/learning/fws_robot_harmonic/src/install/velocity_pub/share/velocity_pub/package.sh'
[4.785s] INFO:colcon.colcon_core.shell:Creating package script '/home/admin/Documents/projects/u-tour/pathing/remote-repos/learning/fws_robot_harmonic/src/install/velocity_pub/share/velocity_pub/package.bash'
[4.786s] INFO:colcon.colcon_core.shell:Creating package script '/home/admin/Documents/projects/u-tour/pathing/remote-repos/learning/fws_robot_harmonic/src/install/velocity_pub/share/velocity_pub/package.zsh'
[4.787s] Level 1:colcon.colcon_core.environment:create_file_with_runtime_dependencies(/home/admin/Documents/projects/u-tour/pathing/remote-repos/learning/fws_robot_harmonic/src/install/velocity_pub/share/colcon-core/packages/velocity_pub)
[5.128s] DEBUG:colcon.colcon_core.event_handler.log_command:Invoked command in '/home/admin/Documents/projects/u-tour/pathing/remote-repos/learning/fws_robot_harmonic/src/build/fws_robot_description' returned '0': CMAKE_PREFIX_PATH=${CMAKE_PREFIX_PATH}:/opt/ros/jazzy DEBUGINFOD_URLS=https://debuginfod.ubuntu.com /usr/bin/cmake /home/admin/Documents/projects/u-tour/pathing/remote-repos/learning/fws_robot_harmonic/src/fws_robot_description -DCMAKE_INSTALL_PREFIX=/home/admin/Documents/projects/u-tour/pathing/remote-repos/learning/fws_robot_harmonic/src/install/fws_robot_description
[5.129s] DEBUG:colcon.colcon_core.event_handler.log_command:Invoking command in '/home/admin/Documents/projects/u-tour/pathing/remote-repos/learning/fws_robot_harmonic/src/build/fws_robot_description': CMAKE_PREFIX_PATH=${CMAKE_PREFIX_PATH}:/opt/ros/jazzy DEBUGINFOD_URLS=https://debuginfod.ubuntu.com /usr/bin/cmake --build /home/admin/Documents/projects/u-tour/pathing/remote-repos/learning/fws_robot_harmonic/src/build/fws_robot_description -- -j6 -l6
[5.242s] DEBUG:colcon.colcon_core.event_handler.log_command:Invoked command in '/home/admin/Documents/projects/u-tour/pathing/remote-repos/learning/fws_robot_harmonic/src/build/fws_robot_description' returned '0': CMAKE_PREFIX_PATH=${CMAKE_PREFIX_PATH}:/opt/ros/jazzy DEBUGINFOD_URLS=https://debuginfod.ubuntu.com /usr/bin/cmake --build /home/admin/Documents/projects/u-tour/pathing/remote-repos/learning/fws_robot_harmonic/src/build/fws_robot_description -- -j6 -l6
[5.303s] DEBUG:colcon.colcon_core.event_handler.log_command:Invoking command in '/home/admin/Documents/projects/u-tour/pathing/remote-repos/learning/fws_robot_harmonic/src/build/fws_robot_description': CMAKE_PREFIX_PATH=${CMAKE_PREFIX_PATH}:/opt/ros/jazzy DEBUGINFOD_URLS=https://debuginfod.ubuntu.com /usr/bin/cmake --install /home/admin/Documents/projects/u-tour/pathing/remote-repos/learning/fws_robot_harmonic/src/build/fws_robot_description
[6.127s] Level 1:colcon.colcon_core.environment:create_environment_scripts_only(fws_robot_description)
[6.127s] Level 1:colcon.colcon_core.environment:checking '/home/admin/Documents/projects/u-tour/pathing/remote-repos/learning/fws_robot_harmonic/src/install/fws_robot_description' for CMake module files
[6.128s] DEBUG:colcon.colcon_core.event_handler.log_command:Invoked command in '/home/admin/Documents/projects/u-tour/pathing/remote-repos/learning/fws_robot_harmonic/src/build/fws_robot_description' returned '0': CMAKE_PREFIX_PATH=${CMAKE_PREFIX_PATH}:/opt/ros/jazzy DEBUGINFOD_URLS=https://debuginfod.ubuntu.com /usr/bin/cmake --install /home/admin/Documents/projects/u-tour/pathing/remote-repos/learning/fws_robot_harmonic/src/build/fws_robot_description
[6.128s] Level 1:colcon.colcon_core.environment:checking '/home/admin/Documents/projects/u-tour/pathing/remote-repos/learning/fws_robot_harmonic/src/install/fws_robot_description' for CMake config files
[6.129s] Level 1:colcon.colcon_core.shell:create_environment_hook('fws_robot_description', 'cmake_prefix_path')
[6.129s] INFO:colcon.colcon_core.shell:Creating environment hook '/home/admin/Documents/projects/u-tour/pathing/remote-repos/learning/fws_robot_harmonic/src/install/fws_robot_description/share/fws_robot_description/hook/cmake_prefix_path.ps1'
[6.130s] INFO:colcon.colcon_core.shell:Creating environment descriptor '/home/admin/Documents/projects/u-tour/pathing/remote-repos/learning/fws_robot_harmonic/src/install/fws_robot_description/share/fws_robot_description/hook/cmake_prefix_path.dsv'
[6.131s] INFO:colcon.colcon_core.shell:Creating environment hook '/home/admin/Documents/projects/u-tour/pathing/remote-repos/learning/fws_robot_harmonic/src/install/fws_robot_description/share/fws_robot_description/hook/cmake_prefix_path.sh'
[6.131s] Level 1:colcon.colcon_core.environment:checking '/home/admin/Documents/projects/u-tour/pathing/remote-repos/learning/fws_robot_harmonic/src/install/fws_robot_description/bin'
[6.131s] Level 1:colcon.colcon_core.environment:checking '/home/admin/Documents/projects/u-tour/pathing/remote-repos/learning/fws_robot_harmonic/src/install/fws_robot_description/lib/pkgconfig/fws_robot_description.pc'
[6.132s] Level 1:colcon.colcon_core.environment:checking '/home/admin/Documents/projects/u-tour/pathing/remote-repos/learning/fws_robot_harmonic/src/install/fws_robot_description/lib/python3.12/site-packages'
[6.132s] Level 1:colcon.colcon_core.environment:checking '/home/admin/Documents/projects/u-tour/pathing/remote-repos/learning/fws_robot_harmonic/src/install/fws_robot_description/bin'
[6.132s] INFO:colcon.colcon_core.shell:Creating package script '/home/admin/Documents/projects/u-tour/pathing/remote-repos/learning/fws_robot_harmonic/src/install/fws_robot_description/share/fws_robot_description/package.ps1'
[6.133s] INFO:colcon.colcon_core.shell:Creating package descriptor '/home/admin/Documents/projects/u-tour/pathing/remote-repos/learning/fws_robot_harmonic/src/install/fws_robot_description/share/fws_robot_description/package.dsv'
[6.134s] INFO:colcon.colcon_core.shell:Creating package script '/home/admin/Documents/projects/u-tour/pathing/remote-repos/learning/fws_robot_harmonic/src/install/fws_robot_description/share/fws_robot_description/package.sh'
[6.134s] INFO:colcon.colcon_core.shell:Creating package script '/home/admin/Documents/projects/u-tour/pathing/remote-repos/learning/fws_robot_harmonic/src/install/fws_robot_description/share/fws_robot_description/package.bash'
[6.135s] INFO:colcon.colcon_core.shell:Creating package script '/home/admin/Documents/projects/u-tour/pathing/remote-repos/learning/fws_robot_harmonic/src/install/fws_robot_description/share/fws_robot_description/package.zsh'
[6.135s] Level 1:colcon.colcon_core.environment:create_file_with_runtime_dependencies(/home/admin/Documents/projects/u-tour/pathing/remote-repos/learning/fws_robot_harmonic/src/install/fws_robot_description/share/colcon-core/packages/fws_robot_description)
[6.192s] Level 1:colcon.colcon_core.environment:create_environment_scripts_only(fws_robot_description)
[6.193s] Level 1:colcon.colcon_core.environment:checking '/home/admin/Documents/projects/u-tour/pathing/remote-repos/learning/fws_robot_harmonic/src/install/fws_robot_description' for CMake module files
[6.195s] Level 1:colcon.colcon_core.environment:checking '/home/admin/Documents/projects/u-tour/pathing/remote-repos/learning/fws_robot_harmonic/src/install/fws_robot_description' for CMake config files
[6.197s] Level 1:colcon.colcon_core.shell:create_environment_hook('fws_robot_description', 'cmake_prefix_path')
[6.198s] INFO:colcon.colcon_core.shell:Creating environment hook '/home/admin/Documents/projects/u-tour/pathing/remote-repos/learning/fws_robot_harmonic/src/install/fws_robot_description/share/fws_robot_description/hook/cmake_prefix_path.ps1'
[6.211s] INFO:colcon.colcon_core.shell:Creating environment descriptor '/home/admin/Documents/projects/u-tour/pathing/remote-repos/learning/fws_robot_harmonic/src/install/fws_robot_description/share/fws_robot_description/hook/cmake_prefix_path.dsv'
[6.211s] INFO:colcon.colcon_core.shell:Creating environment hook '/home/admin/Documents/projects/u-tour/pathing/remote-repos/learning/fws_robot_harmonic/src/install/fws_robot_description/share/fws_robot_description/hook/cmake_prefix_path.sh'
[6.212s] Level 1:colcon.colcon_core.environment:checking '/home/admin/Documents/projects/u-tour/pathing/remote-repos/learning/fws_robot_harmonic/src/install/fws_robot_description/bin'
[6.212s] Level 1:colcon.colcon_core.environment:checking '/home/admin/Documents/projects/u-tour/pathing/remote-repos/learning/fws_robot_harmonic/src/install/fws_robot_description/lib/pkgconfig/fws_robot_description.pc'
[6.213s] Level 1:colcon.colcon_core.environment:checking '/home/admin/Documents/projects/u-tour/pathing/remote-repos/learning/fws_robot_harmonic/src/install/fws_robot_description/lib/python3.12/site-packages'
[6.213s] Level 1:colcon.colcon_core.environment:checking '/home/admin/Documents/projects/u-tour/pathing/remote-repos/learning/fws_robot_harmonic/src/install/fws_robot_description/bin'
[6.213s] INFO:colcon.colcon_core.shell:Creating package script '/home/admin/Documents/projects/u-tour/pathing/remote-repos/learning/fws_robot_harmonic/src/install/fws_robot_description/share/fws_robot_description/package.ps1'
[6.214s] INFO:colcon.colcon_core.shell:Creating package descriptor '/home/admin/Documents/projects/u-tour/pathing/remote-repos/learning/fws_robot_harmonic/src/install/fws_robot_description/share/fws_robot_description/package.dsv'
[6.218s] INFO:colcon.colcon_core.shell:Creating package script '/home/admin/Documents/projects/u-tour/pathing/remote-repos/learning/fws_robot_harmonic/src/install/fws_robot_description/share/fws_robot_description/package.sh'
[6.219s] INFO:colcon.colcon_core.shell:Creating package script '/home/admin/Documents/projects/u-tour/pathing/remote-repos/learning/fws_robot_harmonic/src/install/fws_robot_description/share/fws_robot_description/package.bash'
[6.219s] INFO:colcon.colcon_core.shell:Creating package script '/home/admin/Documents/projects/u-tour/pathing/remote-repos/learning/fws_robot_harmonic/src/install/fws_robot_description/share/fws_robot_description/package.zsh'
[6.220s] Level 1:colcon.colcon_core.environment:create_file_with_runtime_dependencies(/home/admin/Documents/projects/u-tour/pathing/remote-repos/learning/fws_robot_harmonic/src/install/fws_robot_description/share/colcon-core/packages/fws_robot_description)
[7.653s] DEBUG:colcon.colcon_core.event_handler.log_command:Invoked command in '/home/admin/Documents/projects/u-tour/pathing/remote-repos/learning/fws_robot_harmonic/src/build/keyboard_msgs' returned '0': CMAKE_PREFIX_PATH=${CMAKE_PREFIX_PATH}:/opt/ros/jazzy DEBUGINFOD_URLS=https://debuginfod.ubuntu.com /usr/bin/cmake /home/admin/Documents/projects/u-tour/pathing/remote-repos/learning/fws_robot_harmonic/src/ros2-keyboard/keyboard_msgs -DCMAKE_INSTALL_PREFIX=/home/admin/Documents/projects/u-tour/pathing/remote-repos/learning/fws_robot_harmonic/src/install/keyboard_msgs
[7.654s] DEBUG:colcon.colcon_core.event_handler.log_command:Invoking command in '/home/admin/Documents/projects/u-tour/pathing/remote-repos/learning/fws_robot_harmonic/src/build/keyboard_msgs': CMAKE_PREFIX_PATH=${CMAKE_PREFIX_PATH}:/opt/ros/jazzy DEBUGINFOD_URLS=https://debuginfod.ubuntu.com /usr/bin/cmake --build /home/admin/Documents/projects/u-tour/pathing/remote-repos/learning/fws_robot_harmonic/src/build/keyboard_msgs -- -j6 -l6
[22.995s] DEBUG:colcon.colcon_core.event_handler.log_command:Invoked command in '/home/admin/Documents/projects/u-tour/pathing/remote-repos/learning/fws_robot_harmonic/src/build/keyboard_msgs' returned '0': CMAKE_PREFIX_PATH=${CMAKE_PREFIX_PATH}:/opt/ros/jazzy DEBUGINFOD_URLS=https://debuginfod.ubuntu.com /usr/bin/cmake --build /home/admin/Documents/projects/u-tour/pathing/remote-repos/learning/fws_robot_harmonic/src/build/keyboard_msgs -- -j6 -l6
[23.490s] DEBUG:colcon.colcon_core.event_handler.log_command:Invoking command in '/home/admin/Documents/projects/u-tour/pathing/remote-repos/learning/fws_robot_harmonic/src/build/keyboard_msgs': CMAKE_PREFIX_PATH=${CMAKE_PREFIX_PATH}:/opt/ros/jazzy DEBUGINFOD_URLS=https://debuginfod.ubuntu.com /usr/bin/cmake --install /home/admin/Documents/projects/u-tour/pathing/remote-repos/learning/fws_robot_harmonic/src/build/keyboard_msgs
[23.658s] Level 1:colcon.colcon_core.environment:create_environment_scripts_only(keyboard_msgs)
[23.661s] Level 1:colcon.colcon_core.environment:checking '/home/admin/Documents/projects/u-tour/pathing/remote-repos/learning/fws_robot_harmonic/src/install/keyboard_msgs' for CMake module files
[23.662s] DEBUG:colcon.colcon_core.event_handler.log_command:Invoked command in '/home/admin/Documents/projects/u-tour/pathing/remote-repos/learning/fws_robot_harmonic/src/build/keyboard_msgs' returned '0': CMAKE_PREFIX_PATH=${CMAKE_PREFIX_PATH}:/opt/ros/jazzy DEBUGINFOD_URLS=https://debuginfod.ubuntu.com /usr/bin/cmake --install /home/admin/Documents/projects/u-tour/pathing/remote-repos/learning/fws_robot_harmonic/src/build/keyboard_msgs
[23.664s] Level 1:colcon.colcon_core.environment:checking '/home/admin/Documents/projects/u-tour/pathing/remote-repos/learning/fws_robot_harmonic/src/install/keyboard_msgs' for CMake config files
[23.665s] Level 1:colcon.colcon_core.shell:create_environment_hook('keyboard_msgs', 'cmake_prefix_path')
[23.665s] INFO:colcon.colcon_core.shell:Creating environment hook '/home/admin/Documents/projects/u-tour/pathing/remote-repos/learning/fws_robot_harmonic/src/install/keyboard_msgs/share/keyboard_msgs/hook/cmake_prefix_path.ps1'
[23.666s] INFO:colcon.colcon_core.shell:Creating environment descriptor '/home/admin/Documents/projects/u-tour/pathing/remote-repos/learning/fws_robot_harmonic/src/install/keyboard_msgs/share/keyboard_msgs/hook/cmake_prefix_path.dsv'
[23.666s] INFO:colcon.colcon_core.shell:Creating environment hook '/home/admin/Documents/projects/u-tour/pathing/remote-repos/learning/fws_robot_harmonic/src/install/keyboard_msgs/share/keyboard_msgs/hook/cmake_prefix_path.sh'
[23.667s] Level 1:colcon.colcon_core.environment:checking '/home/admin/Documents/projects/u-tour/pathing/remote-repos/learning/fws_robot_harmonic/src/install/keyboard_msgs/lib'
[23.667s] Level 1:colcon.colcon_core.shell:create_environment_hook('keyboard_msgs', 'ld_library_path_lib')
[23.667s] INFO:colcon.colcon_core.shell:Creating environment hook '/home/admin/Documents/projects/u-tour/pathing/remote-repos/learning/fws_robot_harmonic/src/install/keyboard_msgs/share/keyboard_msgs/hook/ld_library_path_lib.ps1'
[23.668s] INFO:colcon.colcon_core.shell:Creating environment descriptor '/home/admin/Documents/projects/u-tour/pathing/remote-repos/learning/fws_robot_harmonic/src/install/keyboard_msgs/share/keyboard_msgs/hook/ld_library_path_lib.dsv'
[23.670s] INFO:colcon.colcon_core.shell:Creating environment hook '/home/admin/Documents/projects/u-tour/pathing/remote-repos/learning/fws_robot_harmonic/src/install/keyboard_msgs/share/keyboard_msgs/hook/ld_library_path_lib.sh'
[23.671s] Level 1:colcon.colcon_core.environment:checking '/home/admin/Documents/projects/u-tour/pathing/remote-repos/learning/fws_robot_harmonic/src/install/keyboard_msgs/bin'
[23.671s] Level 1:colcon.colcon_core.environment:checking '/home/admin/Documents/projects/u-tour/pathing/remote-repos/learning/fws_robot_harmonic/src/install/keyboard_msgs/lib/pkgconfig/keyboard_msgs.pc'
[23.672s] Level 1:colcon.colcon_core.environment:checking '/home/admin/Documents/projects/u-tour/pathing/remote-repos/learning/fws_robot_harmonic/src/install/keyboard_msgs/lib/python3.12/site-packages'
[23.672s] Level 1:colcon.colcon_core.shell:create_environment_hook('keyboard_msgs', 'pythonpath')
[23.674s] INFO:colcon.colcon_core.shell:Creating environment hook '/home/admin/Documents/projects/u-tour/pathing/remote-repos/learning/fws_robot_harmonic/src/install/keyboard_msgs/share/keyboard_msgs/hook/pythonpath.ps1'
[23.675s] INFO:colcon.colcon_core.shell:Creating environment descriptor '/home/admin/Documents/projects/u-tour/pathing/remote-repos/learning/fws_robot_harmonic/src/install/keyboard_msgs/share/keyboard_msgs/hook/pythonpath.dsv'
[23.676s] INFO:colcon.colcon_core.shell:Creating environment hook '/home/admin/Documents/projects/u-tour/pathing/remote-repos/learning/fws_robot_harmonic/src/install/keyboard_msgs/share/keyboard_msgs/hook/pythonpath.sh'
[23.678s] Level 1:colcon.colcon_core.environment:checking '/home/admin/Documents/projects/u-tour/pathing/remote-repos/learning/fws_robot_harmonic/src/install/keyboard_msgs/bin'
[23.679s] INFO:colcon.colcon_core.shell:Creating package script '/home/admin/Documents/projects/u-tour/pathing/remote-repos/learning/fws_robot_harmonic/src/install/keyboard_msgs/share/keyboard_msgs/package.ps1'
[23.680s] INFO:colcon.colcon_core.shell:Creating package descriptor '/home/admin/Documents/projects/u-tour/pathing/remote-repos/learning/fws_robot_harmonic/src/install/keyboard_msgs/share/keyboard_msgs/package.dsv'
[23.681s] INFO:colcon.colcon_core.shell:Creating package script '/home/admin/Documents/projects/u-tour/pathing/remote-repos/learning/fws_robot_harmonic/src/install/keyboard_msgs/share/keyboard_msgs/package.sh'
[23.682s] INFO:colcon.colcon_core.shell:Creating package script '/home/admin/Documents/projects/u-tour/pathing/remote-repos/learning/fws_robot_harmonic/src/install/keyboard_msgs/share/keyboard_msgs/package.bash'
[23.682s] INFO:colcon.colcon_core.shell:Creating package script '/home/admin/Documents/projects/u-tour/pathing/remote-repos/learning/fws_robot_harmonic/src/install/keyboard_msgs/share/keyboard_msgs/package.zsh'
[23.683s] Level 1:colcon.colcon_core.environment:create_file_with_runtime_dependencies(/home/admin/Documents/projects/u-tour/pathing/remote-repos/learning/fws_robot_harmonic/src/install/keyboard_msgs/share/colcon-core/packages/keyboard_msgs)
[23.898s] Level 1:colcon.colcon_core.environment:create_environment_scripts_only(keyboard_msgs)
[23.899s] Level 1:colcon.colcon_core.environment:checking '/home/admin/Documents/projects/u-tour/pathing/remote-repos/learning/fws_robot_harmonic/src/install/keyboard_msgs' for CMake module files
[23.900s] Level 1:colcon.colcon_core.environment:checking '/home/admin/Documents/projects/u-tour/pathing/remote-repos/learning/fws_robot_harmonic/src/install/keyboard_msgs' for CMake config files
[23.900s] Level 1:colcon.colcon_core.shell:create_environment_hook('keyboard_msgs', 'cmake_prefix_path')
[23.900s] INFO:colcon.colcon_core.shell:Creating environment hook '/home/admin/Documents/projects/u-tour/pathing/remote-repos/learning/fws_robot_harmonic/src/install/keyboard_msgs/share/keyboard_msgs/hook/cmake_prefix_path.ps1'
[23.901s] INFO:colcon.colcon_core.shell:Creating environment descriptor '/home/admin/Documents/projects/u-tour/pathing/remote-repos/learning/fws_robot_harmonic/src/install/keyboard_msgs/share/keyboard_msgs/hook/cmake_prefix_path.dsv'
[23.903s] INFO:colcon.colcon_core.shell:Creating environment hook '/home/admin/Documents/projects/u-tour/pathing/remote-repos/learning/fws_robot_harmonic/src/install/keyboard_msgs/share/keyboard_msgs/hook/cmake_prefix_path.sh'
[23.904s] Level 1:colcon.colcon_core.environment:checking '/home/admin/Documents/projects/u-tour/pathing/remote-repos/learning/fws_robot_harmonic/src/install/keyboard_msgs/lib'
[23.904s] Level 1:colcon.colcon_core.shell:create_environment_hook('keyboard_msgs', 'ld_library_path_lib')
[23.904s] INFO:colcon.colcon_core.shell:Creating environment hook '/home/admin/Documents/projects/u-tour/pathing/remote-repos/learning/fws_robot_harmonic/src/install/keyboard_msgs/share/keyboard_msgs/hook/ld_library_path_lib.ps1'
[23.905s] INFO:colcon.colcon_core.shell:Creating environment descriptor '/home/admin/Documents/projects/u-tour/pathing/remote-repos/learning/fws_robot_harmonic/src/install/keyboard_msgs/share/keyboard_msgs/hook/ld_library_path_lib.dsv'
[23.906s] INFO:colcon.colcon_core.shell:Creating environment hook '/home/admin/Documents/projects/u-tour/pathing/remote-repos/learning/fws_robot_harmonic/src/install/keyboard_msgs/share/keyboard_msgs/hook/ld_library_path_lib.sh'
[23.906s] Level 1:colcon.colcon_core.environment:checking '/home/admin/Documents/projects/u-tour/pathing/remote-repos/learning/fws_robot_harmonic/src/install/keyboard_msgs/bin'
[23.907s] Level 1:colcon.colcon_core.environment:checking '/home/admin/Documents/projects/u-tour/pathing/remote-repos/learning/fws_robot_harmonic/src/install/keyboard_msgs/lib/pkgconfig/keyboard_msgs.pc'
[23.907s] Level 1:colcon.colcon_core.environment:checking '/home/admin/Documents/projects/u-tour/pathing/remote-repos/learning/fws_robot_harmonic/src/install/keyboard_msgs/lib/python3.12/site-packages'
[23.907s] Level 1:colcon.colcon_core.shell:create_environment_hook('keyboard_msgs', 'pythonpath')
[23.907s] INFO:colcon.colcon_core.shell:Creating environment hook '/home/admin/Documents/projects/u-tour/pathing/remote-repos/learning/fws_robot_harmonic/src/install/keyboard_msgs/share/keyboard_msgs/hook/pythonpath.ps1'
[23.908s] INFO:colcon.colcon_core.shell:Creating environment descriptor '/home/admin/Documents/projects/u-tour/pathing/remote-repos/learning/fws_robot_harmonic/src/install/keyboard_msgs/share/keyboard_msgs/hook/pythonpath.dsv'
[23.909s] INFO:colcon.colcon_core.shell:Creating environment hook '/home/admin/Documents/projects/u-tour/pathing/remote-repos/learning/fws_robot_harmonic/src/install/keyboard_msgs/share/keyboard_msgs/hook/pythonpath.sh'
[23.910s] Level 1:colcon.colcon_core.environment:checking '/home/admin/Documents/projects/u-tour/pathing/remote-repos/learning/fws_robot_harmonic/src/install/keyboard_msgs/bin'
[23.910s] INFO:colcon.colcon_core.shell:Creating package script '/home/admin/Documents/projects/u-tour/pathing/remote-repos/learning/fws_robot_harmonic/src/install/keyboard_msgs/share/keyboard_msgs/package.ps1'
[23.911s] INFO:colcon.colcon_core.shell:Creating package descriptor '/home/admin/Documents/projects/u-tour/pathing/remote-repos/learning/fws_robot_harmonic/src/install/keyboard_msgs/share/keyboard_msgs/package.dsv'
[23.912s] INFO:colcon.colcon_core.shell:Creating package script '/home/admin/Documents/projects/u-tour/pathing/remote-repos/learning/fws_robot_harmonic/src/install/keyboard_msgs/share/keyboard_msgs/package.sh'
[23.913s] INFO:colcon.colcon_core.shell:Creating package script '/home/admin/Documents/projects/u-tour/pathing/remote-repos/learning/fws_robot_harmonic/src/install/keyboard_msgs/share/keyboard_msgs/package.bash'
[23.913s] INFO:colcon.colcon_core.shell:Creating package script '/home/admin/Documents/projects/u-tour/pathing/remote-repos/learning/fws_robot_harmonic/src/install/keyboard_msgs/share/keyboard_msgs/package.zsh'
[23.914s] Level 1:colcon.colcon_core.environment:create_file_with_runtime_dependencies(/home/admin/Documents/projects/u-tour/pathing/remote-repos/learning/fws_robot_harmonic/src/install/keyboard_msgs/share/colcon-core/packages/keyboard_msgs)
[23.915s] INFO:colcon.colcon_ros.task.ament_cmake.build:Building ROS package in '/home/admin/Documents/projects/u-tour/pathing/remote-repos/learning/fws_robot_harmonic/src/ros2-keyboard/keyboard' with build type 'ament_cmake'
[23.915s] INFO:colcon.colcon_cmake.task.cmake.build:Building CMake package in '/home/admin/Documents/projects/u-tour/pathing/remote-repos/learning/fws_robot_harmonic/src/ros2-keyboard/keyboard'
[23.916s] INFO:colcon.colcon_core.shell:Skip shell extension 'powershell' for command environment: Not usable outside of PowerShell
[23.916s] DEBUG:colcon.colcon_core.shell:Skip shell extension 'dsv' for command environment
[23.958s] DEBUG:colcon.colcon_core.event_handler.log_command:Invoking command in '/home/admin/Documents/projects/u-tour/pathing/remote-repos/learning/fws_robot_harmonic/src/build/keyboard': AMENT_PREFIX_PATH=/home/admin/Documents/projects/u-tour/pathing/remote-repos/learning/fws_robot_harmonic/src/install/keyboard_msgs:${AMENT_PREFIX_PATH} CMAKE_PREFIX_PATH=/home/admin/Documents/projects/u-tour/pathing/remote-repos/learning/fws_robot_harmonic/src/install/keyboard_msgs:/home/admin/Documents/projects/u-tour/pathing/remote-repos/learning/fws_robot_harmonic/install/velocity_pub:/home/admin/Documents/projects/u-tour/pathing/remote-repos/learning/fws_robot_harmonic/install/keyboard:/home/admin/Documents/projects/u-tour/pathing/remote-repos/learning/fws_robot_harmonic/install/keyboard_msgs:/home/admin/Documents/projects/u-tour/pathing/remote-repos/learning/fws_robot_harmonic/install/fws_robot_sim:/home/admin/Documents/projects/u-tour/pathing/remote-repos/learning/fws_robot_harmonic/install/fws_robot_description:/opt/ros/jazzy/opt/gz_sim_vendor:/opt/ros/jazzy/opt/gz_sensors_vendor:/opt/ros/jazzy/opt/gz_physics_vendor:/opt/ros/jazzy/opt/sdformat_vendor:/opt/ros/jazzy/opt/gz_gui_vendor:/opt/ros/jazzy/opt/gz_transport_vendor:/opt/ros/jazzy/opt/gz_rendering_vendor:/opt/ros/jazzy/opt/gz_plugin_vendor:/opt/ros/jazzy/opt/gz_fuel_tools_vendor:/opt/ros/jazzy/opt/gz_msgs_vendor:/opt/ros/jazzy/opt/gz_common_vendor:/opt/ros/jazzy/opt/gz_math_vendor:/opt/ros/jazzy/opt/gz_utils_vendor:/opt/ros/jazzy/opt/gz_tools_vendor:/opt/ros/jazzy/opt/gz_ogre_next_vendor:/opt/ros/jazzy/opt/gz_dartsim_vendor:/opt/ros/jazzy/opt/gz_cmake_vendor:/opt/ros/jazzy DEBUGINFOD_URLS=https://debuginfod.ubuntu.com LD_LIBRARY_PATH=/home/admin/Documents/projects/u-tour/pathing/remote-repos/learning/fws_robot_harmonic/src/install/keyboard_msgs/lib:${LD_LIBRARY_PATH} PYTHONPATH=/home/admin/Documents/projects/u-tour/pathing/remote-repos/learning/fws_robot_harmonic/src/install/keyboard_msgs/lib/python3.12/site-packages:${PYTHONPATH} /usr/bin/cmake /home/admin/Documents/projects/u-tour/pathing/remote-repos/learning/fws_robot_harmonic/src/ros2-keyboard/keyboard -DCMAKE_INSTALL_PREFIX=/home/admin/Documents/projects/u-tour/pathing/remote-repos/learning/fws_robot_harmonic/src/install/keyboard
[26.536s] DEBUG:colcon.colcon_core.event_handler.log_command:Invoked command in '/home/admin/Documents/projects/u-tour/pathing/remote-repos/learning/fws_robot_harmonic/src/build/keyboard' returned '0': AMENT_PREFIX_PATH=/home/admin/Documents/projects/u-tour/pathing/remote-repos/learning/fws_robot_harmonic/src/install/keyboard_msgs:${AMENT_PREFIX_PATH} CMAKE_PREFIX_PATH=/home/admin/Documents/projects/u-tour/pathing/remote-repos/learning/fws_robot_harmonic/src/install/keyboard_msgs:/home/admin/Documents/projects/u-tour/pathing/remote-repos/learning/fws_robot_harmonic/install/velocity_pub:/home/admin/Documents/projects/u-tour/pathing/remote-repos/learning/fws_robot_harmonic/install/keyboard:/home/admin/Documents/projects/u-tour/pathing/remote-repos/learning/fws_robot_harmonic/install/keyboard_msgs:/home/admin/Documents/projects/u-tour/pathing/remote-repos/learning/fws_robot_harmonic/install/fws_robot_sim:/home/admin/Documents/projects/u-tour/pathing/remote-repos/learning/fws_robot_harmonic/install/fws_robot_description:/opt/ros/jazzy/opt/gz_sim_vendor:/opt/ros/jazzy/opt/gz_sensors_vendor:/opt/ros/jazzy/opt/gz_physics_vendor:/opt/ros/jazzy/opt/sdformat_vendor:/opt/ros/jazzy/opt/gz_gui_vendor:/opt/ros/jazzy/opt/gz_transport_vendor:/opt/ros/jazzy/opt/gz_rendering_vendor:/opt/ros/jazzy/opt/gz_plugin_vendor:/opt/ros/jazzy/opt/gz_fuel_tools_vendor:/opt/ros/jazzy/opt/gz_msgs_vendor:/opt/ros/jazzy/opt/gz_common_vendor:/opt/ros/jazzy/opt/gz_math_vendor:/opt/ros/jazzy/opt/gz_utils_vendor:/opt/ros/jazzy/opt/gz_tools_vendor:/opt/ros/jazzy/opt/gz_ogre_next_vendor:/opt/ros/jazzy/opt/gz_dartsim_vendor:/opt/ros/jazzy/opt/gz_cmake_vendor:/opt/ros/jazzy DEBUGINFOD_URLS=https://debuginfod.ubuntu.com LD_LIBRARY_PATH=/home/admin/Documents/projects/u-tour/pathing/remote-repos/learning/fws_robot_harmonic/src/install/keyboard_msgs/lib:${LD_LIBRARY_PATH} PYTHONPATH=/home/admin/Documents/projects/u-tour/pathing/remote-repos/learning/fws_robot_harmonic/src/install/keyboard_msgs/lib/python3.12/site-packages:${PYTHONPATH} /usr/bin/cmake /home/admin/Documents/projects/u-tour/pathing/remote-repos/learning/fws_robot_harmonic/src/ros2-keyboard/keyboard -DCMAKE_INSTALL_PREFIX=/home/admin/Documents/projects/u-tour/pathing/remote-repos/learning/fws_robot_harmonic/src/install/keyboard
[26.538s] DEBUG:colcon.colcon_core.event_handler.log_command:Invoking command in '/home/admin/Documents/projects/u-tour/pathing/remote-repos/learning/fws_robot_harmonic/src/build/keyboard': AMENT_PREFIX_PATH=/home/admin/Documents/projects/u-tour/pathing/remote-repos/learning/fws_robot_harmonic/src/install/keyboard_msgs:${AMENT_PREFIX_PATH} CMAKE_PREFIX_PATH=/home/admin/Documents/projects/u-tour/pathing/remote-repos/learning/fws_robot_harmonic/src/install/keyboard_msgs:/home/admin/Documents/projects/u-tour/pathing/remote-repos/learning/fws_robot_harmonic/install/velocity_pub:/home/admin/Documents/projects/u-tour/pathing/remote-repos/learning/fws_robot_harmonic/install/keyboard:/home/admin/Documents/projects/u-tour/pathing/remote-repos/learning/fws_robot_harmonic/install/keyboard_msgs:/home/admin/Documents/projects/u-tour/pathing/remote-repos/learning/fws_robot_harmonic/install/fws_robot_sim:/home/admin/Documents/projects/u-tour/pathing/remote-repos/learning/fws_robot_harmonic/install/fws_robot_description:/opt/ros/jazzy/opt/gz_sim_vendor:/opt/ros/jazzy/opt/gz_sensors_vendor:/opt/ros/jazzy/opt/gz_physics_vendor:/opt/ros/jazzy/opt/sdformat_vendor:/opt/ros/jazzy/opt/gz_gui_vendor:/opt/ros/jazzy/opt/gz_transport_vendor:/opt/ros/jazzy/opt/gz_rendering_vendor:/opt/ros/jazzy/opt/gz_plugin_vendor:/opt/ros/jazzy/opt/gz_fuel_tools_vendor:/opt/ros/jazzy/opt/gz_msgs_vendor:/opt/ros/jazzy/opt/gz_common_vendor:/opt/ros/jazzy/opt/gz_math_vendor:/opt/ros/jazzy/opt/gz_utils_vendor:/opt/ros/jazzy/opt/gz_tools_vendor:/opt/ros/jazzy/opt/gz_ogre_next_vendor:/opt/ros/jazzy/opt/gz_dartsim_vendor:/opt/ros/jazzy/opt/gz_cmake_vendor:/opt/ros/jazzy DEBUGINFOD_URLS=https://debuginfod.ubuntu.com LD_LIBRARY_PATH=/home/admin/Documents/projects/u-tour/pathing/remote-repos/learning/fws_robot_harmonic/src/install/keyboard_msgs/lib:${LD_LIBRARY_PATH} PYTHONPATH=/home/admin/Documents/projects/u-tour/pathing/remote-repos/learning/fws_robot_harmonic/src/install/keyboard_msgs/lib/python3.12/site-packages:${PYTHONPATH} /usr/bin/cmake --build /home/admin/Documents/projects/u-tour/pathing/remote-repos/learning/fws_robot_harmonic/src/build/keyboard -- -j6 -l6
[35.340s] DEBUG:colcon.colcon_core.event_handler.log_command:Invoked command in '/home/admin/Documents/projects/u-tour/pathing/remote-repos/learning/fws_robot_harmonic/src/build/keyboard' returned '0': AMENT_PREFIX_PATH=/home/admin/Documents/projects/u-tour/pathing/remote-repos/learning/fws_robot_harmonic/src/install/keyboard_msgs:${AMENT_PREFIX_PATH} CMAKE_PREFIX_PATH=/home/admin/Documents/projects/u-tour/pathing/remote-repos/learning/fws_robot_harmonic/src/install/keyboard_msgs:/home/admin/Documents/projects/u-tour/pathing/remote-repos/learning/fws_robot_harmonic/install/velocity_pub:/home/admin/Documents/projects/u-tour/pathing/remote-repos/learning/fws_robot_harmonic/install/keyboard:/home/admin/Documents/projects/u-tour/pathing/remote-repos/learning/fws_robot_harmonic/install/keyboard_msgs:/home/admin/Documents/projects/u-tour/pathing/remote-repos/learning/fws_robot_harmonic/install/fws_robot_sim:/home/admin/Documents/projects/u-tour/pathing/remote-repos/learning/fws_robot_harmonic/install/fws_robot_description:/opt/ros/jazzy/opt/gz_sim_vendor:/opt/ros/jazzy/opt/gz_sensors_vendor:/opt/ros/jazzy/opt/gz_physics_vendor:/opt/ros/jazzy/opt/sdformat_vendor:/opt/ros/jazzy/opt/gz_gui_vendor:/opt/ros/jazzy/opt/gz_transport_vendor:/opt/ros/jazzy/opt/gz_rendering_vendor:/opt/ros/jazzy/opt/gz_plugin_vendor:/opt/ros/jazzy/opt/gz_fuel_tools_vendor:/opt/ros/jazzy/opt/gz_msgs_vendor:/opt/ros/jazzy/opt/gz_common_vendor:/opt/ros/jazzy/opt/gz_math_vendor:/opt/ros/jazzy/opt/gz_utils_vendor:/opt/ros/jazzy/opt/gz_tools_vendor:/opt/ros/jazzy/opt/gz_ogre_next_vendor:/opt/ros/jazzy/opt/gz_dartsim_vendor:/opt/ros/jazzy/opt/gz_cmake_vendor:/opt/ros/jazzy DEBUGINFOD_URLS=https://debuginfod.ubuntu.com LD_LIBRARY_PATH=/home/admin/Documents/projects/u-tour/pathing/remote-repos/learning/fws_robot_harmonic/src/install/keyboard_msgs/lib:${LD_LIBRARY_PATH} PYTHONPATH=/home/admin/Documents/projects/u-tour/pathing/remote-repos/learning/fws_robot_harmonic/src/install/keyboard_msgs/lib/python3.12/site-packages:${PYTHONPATH} /usr/bin/cmake --build /home/admin/Documents/projects/u-tour/pathing/remote-repos/learning/fws_robot_harmonic/src/build/keyboard -- -j6 -l6
[35.409s] DEBUG:colcon.colcon_core.event_handler.log_command:Invoking command in '/home/admin/Documents/projects/u-tour/pathing/remote-repos/learning/fws_robot_harmonic/src/build/keyboard': AMENT_PREFIX_PATH=/home/admin/Documents/projects/u-tour/pathing/remote-repos/learning/fws_robot_harmonic/src/install/keyboard_msgs:${AMENT_PREFIX_PATH} CMAKE_PREFIX_PATH=/home/admin/Documents/projects/u-tour/pathing/remote-repos/learning/fws_robot_harmonic/src/install/keyboard_msgs:/home/admin/Documents/projects/u-tour/pathing/remote-repos/learning/fws_robot_harmonic/install/velocity_pub:/home/admin/Documents/projects/u-tour/pathing/remote-repos/learning/fws_robot_harmonic/install/keyboard:/home/admin/Documents/projects/u-tour/pathing/remote-repos/learning/fws_robot_harmonic/install/keyboard_msgs:/home/admin/Documents/projects/u-tour/pathing/remote-repos/learning/fws_robot_harmonic/install/fws_robot_sim:/home/admin/Documents/projects/u-tour/pathing/remote-repos/learning/fws_robot_harmonic/install/fws_robot_description:/opt/ros/jazzy/opt/gz_sim_vendor:/opt/ros/jazzy/opt/gz_sensors_vendor:/opt/ros/jazzy/opt/gz_physics_vendor:/opt/ros/jazzy/opt/sdformat_vendor:/opt/ros/jazzy/opt/gz_gui_vendor:/opt/ros/jazzy/opt/gz_transport_vendor:/opt/ros/jazzy/opt/gz_rendering_vendor:/opt/ros/jazzy/opt/gz_plugin_vendor:/opt/ros/jazzy/opt/gz_fuel_tools_vendor:/opt/ros/jazzy/opt/gz_msgs_vendor:/opt/ros/jazzy/opt/gz_common_vendor:/opt/ros/jazzy/opt/gz_math_vendor:/opt/ros/jazzy/opt/gz_utils_vendor:/opt/ros/jazzy/opt/gz_tools_vendor:/opt/ros/jazzy/opt/gz_ogre_next_vendor:/opt/ros/jazzy/opt/gz_dartsim_vendor:/opt/ros/jazzy/opt/gz_cmake_vendor:/opt/ros/jazzy DEBUGINFOD_URLS=https://debuginfod.ubuntu.com LD_LIBRARY_PATH=/home/admin/Documents/projects/u-tour/pathing/remote-repos/learning/fws_robot_harmonic/src/install/keyboard_msgs/lib:${LD_LIBRARY_PATH} PYTHONPATH=/home/admin/Documents/projects/u-tour/pathing/remote-repos/learning/fws_robot_harmonic/src/install/keyboard_msgs/lib/python3.12/site-packages:${PYTHONPATH} /usr/bin/cmake --install /home/admin/Documents/projects/u-tour/pathing/remote-repos/learning/fws_robot_harmonic/src/build/keyboard
[35.435s] Level 1:colcon.colcon_core.environment:create_environment_scripts_only(keyboard)
[35.435s] Level 1:colcon.colcon_core.environment:checking '/home/admin/Documents/projects/u-tour/pathing/remote-repos/learning/fws_robot_harmonic/src/install/keyboard' for CMake module files
[35.436s] DEBUG:colcon.colcon_core.event_handler.log_command:Invoked command in '/home/admin/Documents/projects/u-tour/pathing/remote-repos/learning/fws_robot_harmonic/src/build/keyboard' returned '0': AMENT_PREFIX_PATH=/home/admin/Documents/projects/u-tour/pathing/remote-repos/learning/fws_robot_harmonic/src/install/keyboard_msgs:${AMENT_PREFIX_PATH} CMAKE_PREFIX_PATH=/home/admin/Documents/projects/u-tour/pathing/remote-repos/learning/fws_robot_harmonic/src/install/keyboard_msgs:/home/admin/Documents/projects/u-tour/pathing/remote-repos/learning/fws_robot_harmonic/install/velocity_pub:/home/admin/Documents/projects/u-tour/pathing/remote-repos/learning/fws_robot_harmonic/install/keyboard:/home/admin/Documents/projects/u-tour/pathing/remote-repos/learning/fws_robot_harmonic/install/keyboard_msgs:/home/admin/Documents/projects/u-tour/pathing/remote-repos/learning/fws_robot_harmonic/install/fws_robot_sim:/home/admin/Documents/projects/u-tour/pathing/remote-repos/learning/fws_robot_harmonic/install/fws_robot_description:/opt/ros/jazzy/opt/gz_sim_vendor:/opt/ros/jazzy/opt/gz_sensors_vendor:/opt/ros/jazzy/opt/gz_physics_vendor:/opt/ros/jazzy/opt/sdformat_vendor:/opt/ros/jazzy/opt/gz_gui_vendor:/opt/ros/jazzy/opt/gz_transport_vendor:/opt/ros/jazzy/opt/gz_rendering_vendor:/opt/ros/jazzy/opt/gz_plugin_vendor:/opt/ros/jazzy/opt/gz_fuel_tools_vendor:/opt/ros/jazzy/opt/gz_msgs_vendor:/opt/ros/jazzy/opt/gz_common_vendor:/opt/ros/jazzy/opt/gz_math_vendor:/opt/ros/jazzy/opt/gz_utils_vendor:/opt/ros/jazzy/opt/gz_tools_vendor:/opt/ros/jazzy/opt/gz_ogre_next_vendor:/opt/ros/jazzy/opt/gz_dartsim_vendor:/opt/ros/jazzy/opt/gz_cmake_vendor:/opt/ros/jazzy DEBUGINFOD_URLS=https://debuginfod.ubuntu.com LD_LIBRARY_PATH=/home/admin/Documents/projects/u-tour/pathing/remote-repos/learning/fws_robot_harmonic/src/install/keyboard_msgs/lib:${LD_LIBRARY_PATH} PYTHONPATH=/home/admin/Documents/projects/u-tour/pathing/remote-repos/learning/fws_robot_harmonic/src/install/keyboard_msgs/lib/python3.12/site-packages:${PYTHONPATH} /usr/bin/cmake --install /home/admin/Documents/projects/u-tour/pathing/remote-repos/learning/fws_robot_harmonic/src/build/keyboard
[35.437s] Level 1:colcon.colcon_core.environment:checking '/home/admin/Documents/projects/u-tour/pathing/remote-repos/learning/fws_robot_harmonic/src/install/keyboard' for CMake config files
[35.437s] Level 1:colcon.colcon_core.shell:create_environment_hook('keyboard', 'cmake_prefix_path')
[35.437s] INFO:colcon.colcon_core.shell:Creating environment hook '/home/admin/Documents/projects/u-tour/pathing/remote-repos/learning/fws_robot_harmonic/src/install/keyboard/share/keyboard/hook/cmake_prefix_path.ps1'
[35.438s] INFO:colcon.colcon_core.shell:Creating environment descriptor '/home/admin/Documents/projects/u-tour/pathing/remote-repos/learning/fws_robot_harmonic/src/install/keyboard/share/keyboard/hook/cmake_prefix_path.dsv'
[35.438s] INFO:colcon.colcon_core.shell:Creating environment hook '/home/admin/Documents/projects/u-tour/pathing/remote-repos/learning/fws_robot_harmonic/src/install/keyboard/share/keyboard/hook/cmake_prefix_path.sh'
[35.439s] Level 1:colcon.colcon_core.environment:checking '/home/admin/Documents/projects/u-tour/pathing/remote-repos/learning/fws_robot_harmonic/src/install/keyboard/lib'
[35.439s] Level 1:colcon.colcon_core.environment:checking '/home/admin/Documents/projects/u-tour/pathing/remote-repos/learning/fws_robot_harmonic/src/install/keyboard/bin'
[35.439s] Level 1:colcon.colcon_core.environment:checking '/home/admin/Documents/projects/u-tour/pathing/remote-repos/learning/fws_robot_harmonic/src/install/keyboard/lib/pkgconfig/keyboard.pc'
[35.439s] Level 1:colcon.colcon_core.environment:checking '/home/admin/Documents/projects/u-tour/pathing/remote-repos/learning/fws_robot_harmonic/src/install/keyboard/lib/python3.12/site-packages'
[35.440s] Level 1:colcon.colcon_core.environment:checking '/home/admin/Documents/projects/u-tour/pathing/remote-repos/learning/fws_robot_harmonic/src/install/keyboard/bin'
[35.440s] INFO:colcon.colcon_core.shell:Creating package script '/home/admin/Documents/projects/u-tour/pathing/remote-repos/learning/fws_robot_harmonic/src/install/keyboard/share/keyboard/package.ps1'
[35.440s] INFO:colcon.colcon_core.shell:Creating package descriptor '/home/admin/Documents/projects/u-tour/pathing/remote-repos/learning/fws_robot_harmonic/src/install/keyboard/share/keyboard/package.dsv'
[35.441s] INFO:colcon.colcon_core.shell:Creating package script '/home/admin/Documents/projects/u-tour/pathing/remote-repos/learning/fws_robot_harmonic/src/install/keyboard/share/keyboard/package.sh'
[35.442s] INFO:colcon.colcon_core.shell:Creating package script '/home/admin/Documents/projects/u-tour/pathing/remote-repos/learning/fws_robot_harmonic/src/install/keyboard/share/keyboard/package.bash'
[35.442s] INFO:colcon.colcon_core.shell:Creating package script '/home/admin/Documents/projects/u-tour/pathing/remote-repos/learning/fws_robot_harmonic/src/install/keyboard/share/keyboard/package.zsh'
[35.442s] Level 1:colcon.colcon_core.environment:create_file_with_runtime_dependencies(/home/admin/Documents/projects/u-tour/pathing/remote-repos/learning/fws_robot_harmonic/src/install/keyboard/share/colcon-core/packages/keyboard)
[35.528s] Level 1:colcon.colcon_core.environment:create_environment_scripts_only(keyboard)
[35.528s] Level 1:colcon.colcon_core.environment:checking '/home/admin/Documents/projects/u-tour/pathing/remote-repos/learning/fws_robot_harmonic/src/install/keyboard' for CMake module files
[35.529s] Level 1:colcon.colcon_core.environment:checking '/home/admin/Documents/projects/u-tour/pathing/remote-repos/learning/fws_robot_harmonic/src/install/keyboard' for CMake config files
[35.529s] Level 1:colcon.colcon_core.shell:create_environment_hook('keyboard', 'cmake_prefix_path')
[35.529s] INFO:colcon.colcon_core.shell:Creating environment hook '/home/admin/Documents/projects/u-tour/pathing/remote-repos/learning/fws_robot_harmonic/src/install/keyboard/share/keyboard/hook/cmake_prefix_path.ps1'
[35.533s] INFO:colcon.colcon_core.shell:Creating environment descriptor '/home/admin/Documents/projects/u-tour/pathing/remote-repos/learning/fws_robot_harmonic/src/install/keyboard/share/keyboard/hook/cmake_prefix_path.dsv'
[35.534s] INFO:colcon.colcon_core.shell:Creating environment hook '/home/admin/Documents/projects/u-tour/pathing/remote-repos/learning/fws_robot_harmonic/src/install/keyboard/share/keyboard/hook/cmake_prefix_path.sh'
[35.535s] Level 1:colcon.colcon_core.environment:checking '/home/admin/Documents/projects/u-tour/pathing/remote-repos/learning/fws_robot_harmonic/src/install/keyboard/lib'
[35.535s] Level 1:colcon.colcon_core.environment:checking '/home/admin/Documents/projects/u-tour/pathing/remote-repos/learning/fws_robot_harmonic/src/install/keyboard/bin'
[35.535s] Level 1:colcon.colcon_core.environment:checking '/home/admin/Documents/projects/u-tour/pathing/remote-repos/learning/fws_robot_harmonic/src/install/keyboard/lib/pkgconfig/keyboard.pc'
[35.535s] Level 1:colcon.colcon_core.environment:checking '/home/admin/Documents/projects/u-tour/pathing/remote-repos/learning/fws_robot_harmonic/src/install/keyboard/lib/python3.12/site-packages'
[35.536s] Level 1:colcon.colcon_core.environment:checking '/home/admin/Documents/projects/u-tour/pathing/remote-repos/learning/fws_robot_harmonic/src/install/keyboard/bin'
[35.536s] INFO:colcon.colcon_core.shell:Creating package script '/home/admin/Documents/projects/u-tour/pathing/remote-repos/learning/fws_robot_harmonic/src/install/keyboard/share/keyboard/package.ps1'
[35.537s] INFO:colcon.colcon_core.shell:Creating package descriptor '/home/admin/Documents/projects/u-tour/pathing/remote-repos/learning/fws_robot_harmonic/src/install/keyboard/share/keyboard/package.dsv'
[35.539s] INFO:colcon.colcon_core.shell:Creating package script '/home/admin/Documents/projects/u-tour/pathing/remote-repos/learning/fws_robot_harmonic/src/install/keyboard/share/keyboard/package.sh'
[35.541s] INFO:colcon.colcon_core.shell:Creating package script '/home/admin/Documents/projects/u-tour/pathing/remote-repos/learning/fws_robot_harmonic/src/install/keyboard/share/keyboard/package.bash'
[35.541s] INFO:colcon.colcon_core.shell:Creating package script '/home/admin/Documents/projects/u-tour/pathing/remote-repos/learning/fws_robot_harmonic/src/install/keyboard/share/keyboard/package.zsh'
[35.542s] Level 1:colcon.colcon_core.environment:create_file_with_runtime_dependencies(/home/admin/Documents/projects/u-tour/pathing/remote-repos/learning/fws_robot_harmonic/src/install/keyboard/share/colcon-core/packages/keyboard)
[35.543s] DEBUG:colcon.colcon_parallel_executor.executor.parallel:closing loop
[35.544s] DEBUG:colcon.colcon_parallel_executor.executor.parallel:loop closed
[35.544s] DEBUG:colcon.colcon_parallel_executor.executor.parallel:run_until_complete finished with '0'
[35.544s] DEBUG:colcon.colcon_core.event_reactor:joining thread
[35.568s] INFO:colcon.colcon_core.plugin_system:Skipping extension 'colcon_notification.desktop_notification.terminal_notifier': Not used on non-Darwin systems
[35.574s] INFO:colcon.colcon_core.plugin_system:Skipping extension 'colcon_notification.desktop_notification.win32': Not used on non-Windows systems
[35.574s] INFO:colcon.colcon_notification.desktop_notification:Sending desktop notification using 'notify2'
[35.639s] DEBUG:colcon.colcon_core.event_reactor:joined thread
[35.641s] INFO:colcon.colcon_core.shell:Creating prefix script '/home/admin/Documents/projects/u-tour/pathing/remote-repos/learning/fws_robot_harmonic/src/install/local_setup.ps1'
[35.644s] INFO:colcon.colcon_core.shell:Creating prefix util module '/home/admin/Documents/projects/u-tour/pathing/remote-repos/learning/fws_robot_harmonic/src/install/_local_setup_util_ps1.py'
[35.647s] INFO:colcon.colcon_core.shell:Creating prefix chain script '/home/admin/Documents/projects/u-tour/pathing/remote-repos/learning/fws_robot_harmonic/src/install/setup.ps1'
[35.649s] INFO:colcon.colcon_core.shell:Creating prefix script '/home/admin/Documents/projects/u-tour/pathing/remote-repos/learning/fws_robot_harmonic/src/install/local_setup.sh'
[35.651s] INFO:colcon.colcon_core.shell:Creating prefix util module '/home/admin/Documents/projects/u-tour/pathing/remote-repos/learning/fws_robot_harmonic/src/install/_local_setup_util_sh.py'
[35.652s] INFO:colcon.colcon_core.shell:Creating prefix chain script '/home/admin/Documents/projects/u-tour/pathing/remote-repos/learning/fws_robot_harmonic/src/install/setup.sh'
[35.654s] INFO:colcon.colcon_core.shell:Creating prefix script '/home/admin/Documents/projects/u-tour/pathing/remote-repos/learning/fws_robot_harmonic/src/install/local_setup.bash'
[35.655s] INFO:colcon.colcon_core.shell:Creating prefix chain script '/home/admin/Documents/projects/u-tour/pathing/remote-repos/learning/fws_robot_harmonic/src/install/setup.bash'
[35.658s] INFO:colcon.colcon_core.shell:Creating prefix script '/home/admin/Documents/projects/u-tour/pathing/remote-repos/learning/fws_robot_harmonic/src/install/local_setup.zsh'
[35.659s] INFO:colcon.colcon_core.shell:Creating prefix chain script '/home/admin/Documents/projects/u-tour/pathing/remote-repos/learning/fws_robot_harmonic/src/install/setup.zsh'
