[0.045s] Invoking command in '/home/admin/Documents/projects/u-tour/pathing/remote-repos/learning/fws_robot_harmonic/build/velocity_pub': CMAKE_PREFIX_PATH=${CMAKE_PREFIX_PATH}:/opt/ros/jazzy DEBUGINFOD_URLS=https://debuginfod.ubuntu.com /usr/bin/cmake --build /home/admin/Documents/projects/u-tour/pathing/remote-repos/learning/fws_robot_harmonic/build/velocity_pub -- -j6 -l6
[0.197s] Invoked command in '/home/admin/Documents/projects/u-tour/pathing/remote-repos/learning/fws_robot_harmonic/build/velocity_pub' returned '0': CMAKE_PREFIX_PATH=${CMAKE_PREFIX_PATH}:/opt/ros/jazzy DEBUGINFOD_URLS=https://debuginfod.ubuntu.com /usr/bin/cmake --build /home/admin/Documents/projects/u-tour/pathing/remote-repos/learning/fws_robot_harmonic/build/velocity_pub -- -j6 -l6
[0.366s] Invoking command in '/home/admin/Documents/projects/u-tour/pathing/remote-repos/learning/fws_robot_harmonic/build/velocity_pub': CMAKE_PREFIX_PATH=${CMAKE_PREFIX_PATH}:/opt/ros/jazzy DEBUGINFOD_URLS=https://debuginfod.ubuntu.com /usr/bin/cmake --install /home/admin/Documents/projects/u-tour/pathing/remote-repos/learning/fws_robot_harmonic/build/velocity_pub
[0.402s] -- Install configuration: ""
[0.403s] -- Up-to-date: /home/admin/Documents/projects/u-tour/pathing/remote-repos/learning/fws_robot_harmonic/install/velocity_pub/share/velocity_pub//scripts
[0.403s] -- Installing: /home/admin/Documents/projects/u-tour/pathing/remote-repos/learning/fws_robot_harmonic/install/velocity_pub/share/velocity_pub//scripts/robot_control.py
[0.406s] -- Up-to-date: /home/admin/Documents/projects/u-tour/pathing/remote-repos/learning/fws_robot_harmonic/install/velocity_pub/share/velocity_pub//launch
[0.406s] -- Installing: /home/admin/Documents/projects/u-tour/pathing/remote-repos/learning/fws_robot_harmonic/install/velocity_pub/share/velocity_pub//launch/four_ws_control.launch.py
[0.407s] -- Installing: /home/admin/Documents/projects/u-tour/pathing/remote-repos/learning/fws_robot_harmonic/install/velocity_pub/lib/velocity_pub/robot_control.py
[0.407s] -- Installing: /home/admin/Documents/projects/u-tour/pathing/remote-repos/learning/fws_robot_harmonic/install/velocity_pub/lib/velocity_pub/four_ws_control.launch.py
[0.409s] -- Up-to-date: /home/admin/Documents/projects/u-tour/pathing/remote-repos/learning/fws_robot_harmonic/install/velocity_pub/share/ament_index/resource_index/package_run_dependencies/velocity_pub
[0.409s] -- Up-to-date: /home/admin/Documents/projects/u-tour/pathing/remote-repos/learning/fws_robot_harmonic/install/velocity_pub/share/ament_index/resource_index/parent_prefix_path/velocity_pub
[0.410s] -- Up-to-date: /home/admin/Documents/projects/u-tour/pathing/remote-repos/learning/fws_robot_harmonic/install/velocity_pub/share/velocity_pub/environment/ament_prefix_path.sh
[0.410s] -- Up-to-date: /home/admin/Documents/projects/u-tour/pathing/remote-repos/learning/fws_robot_harmonic/install/velocity_pub/share/velocity_pub/environment/ament_prefix_path.dsv
[0.410s] -- Up-to-date: /home/admin/Documents/projects/u-tour/pathing/remote-repos/learning/fws_robot_harmonic/install/velocity_pub/share/velocity_pub/environment/path.sh
[0.410s] -- Up-to-date: /home/admin/Documents/projects/u-tour/pathing/remote-repos/learning/fws_robot_harmonic/install/velocity_pub/share/velocity_pub/environment/path.dsv
[0.411s] -- Up-to-date: /home/admin/Documents/projects/u-tour/pathing/remote-repos/learning/fws_robot_harmonic/install/velocity_pub/share/velocity_pub/local_setup.bash
[0.416s] -- Up-to-date: /home/admin/Documents/projects/u-tour/pathing/remote-repos/learning/fws_robot_harmonic/install/velocity_pub/share/velocity_pub/local_setup.sh
[0.416s] -- Up-to-date: /home/admin/Documents/projects/u-tour/pathing/remote-repos/learning/fws_robot_harmonic/install/velocity_pub/share/velocity_pub/local_setup.zsh
[0.417s] -- Up-to-date: /home/admin/Documents/projects/u-tour/pathing/remote-repos/learning/fws_robot_harmonic/install/velocity_pub/share/velocity_pub/local_setup.dsv
[0.417s] -- Installing: /home/admin/Documents/projects/u-tour/pathing/remote-repos/learning/fws_robot_harmonic/install/velocity_pub/share/velocity_pub/package.dsv
[0.417s] -- Up-to-date: /home/admin/Documents/projects/u-tour/pathing/remote-repos/learning/fws_robot_harmonic/install/velocity_pub/share/ament_index/resource_index/packages/velocity_pub
[0.417s] -- Up-to-date: /home/admin/Documents/projects/u-tour/pathing/remote-repos/learning/fws_robot_harmonic/install/velocity_pub/share/velocity_pub/cmake/velocity_pubConfig.cmake
[0.417s] -- Up-to-date: /home/admin/Documents/projects/u-tour/pathing/remote-repos/learning/fws_robot_harmonic/install/velocity_pub/share/velocity_pub/cmake/velocity_pubConfig-version.cmake
[0.418s] -- Up-to-date: /home/admin/Documents/projects/u-tour/pathing/remote-repos/learning/fws_robot_harmonic/install/velocity_pub/share/velocity_pub/package.xml
[0.427s] Invoked command in '/home/admin/Documents/projects/u-tour/pathing/remote-repos/learning/fws_robot_harmonic/build/velocity_pub' returned '0': CMAKE_PREFIX_PATH=${CMAKE_PREFIX_PATH}:/opt/ros/jazzy DEBUGINFOD_URLS=https://debuginfod.ubuntu.com /usr/bin/cmake --install /home/admin/Documents/projects/u-tour/pathing/remote-repos/learning/fws_robot_harmonic/build/velocity_pub
