[0.033s] Invoking command in '/home/admin/Documents/projects/u-tour/pathing/remote-repos/learning/fws_robot_harmonic/build/fws_robot_description': CMAKE_PREFIX_PATH=${CMAKE_PREFIX_PATH}:/opt/ros/jazzy DEBUGINFOD_URLS=https://debuginfod.ubuntu.com /usr/bin/cmake --build /home/admin/Documents/projects/u-tour/pathing/remote-repos/learning/fws_robot_harmonic/build/fws_robot_description -- -j6 -l6
[0.153s] Invoked command in '/home/admin/Documents/projects/u-tour/pathing/remote-repos/learning/fws_robot_harmonic/build/fws_robot_description' returned '0': CMAKE_PREFIX_PATH=${CMAKE_PREFIX_PATH}:/opt/ros/jazzy DEBUGINFOD_URLS=https://debuginfod.ubuntu.com /usr/bin/cmake --build /home/admin/Documents/projects/u-tour/pathing/remote-repos/learning/fws_robot_harmonic/build/fws_robot_description -- -j6 -l6
[0.209s] Invoking command in '/home/admin/Documents/projects/u-tour/pathing/remote-repos/learning/fws_robot_harmonic/build/fws_robot_description': CMAKE_PREFIX_PATH=${CMAKE_PREFIX_PATH}:/opt/ros/jazzy DEBUGINFOD_URLS=https://debuginfod.ubuntu.com /usr/bin/cmake --install /home/admin/Documents/projects/u-tour/pathing/remote-repos/learning/fws_robot_harmonic/build/fws_robot_description
[0.229s] -- Install configuration: ""
[0.230s] -- Up-to-date: /home/admin/Documents/projects/u-tour/pathing/remote-repos/learning/fws_robot_harmonic/install/fws_robot_description/share/fws_robot_description/robots
[0.230s] -- Up-to-date: /home/admin/Documents/projects/u-tour/pathing/remote-repos/learning/fws_robot_harmonic/install/fws_robot_description/share/fws_robot_description/robots/parts
[0.230s] -- Up-to-date: /home/admin/Documents/projects/u-tour/pathing/remote-repos/learning/fws_robot_harmonic/install/fws_robot_description/share/fws_robot_description/robots/parts/base
[0.230s] -- Up-to-date: /home/admin/Documents/projects/u-tour/pathing/remote-repos/learning/fws_robot_harmonic/install/fws_robot_description/share/fws_robot_description/robots/parts/base/base.gazebo.xacro
[0.231s] -- Up-to-date: /home/admin/Documents/projects/u-tour/pathing/remote-repos/learning/fws_robot_harmonic/install/fws_robot_description/share/fws_robot_description/robots/parts/base/base.urdf.xacro
[0.232s] -- Up-to-date: /home/admin/Documents/projects/u-tour/pathing/remote-repos/learning/fws_robot_harmonic/install/fws_robot_description/share/fws_robot_description/robots/parts/lidar_head
[0.232s] -- Up-to-date: /home/admin/Documents/projects/u-tour/pathing/remote-repos/learning/fws_robot_harmonic/install/fws_robot_description/share/fws_robot_description/robots/parts/lidar_head/lidar_head.gazebo.xacro
[0.232s] -- Up-to-date: /home/admin/Documents/projects/u-tour/pathing/remote-repos/learning/fws_robot_harmonic/install/fws_robot_description/share/fws_robot_description/robots/parts/lidar_head/lidar_head.urdf.xacro
[0.232s] -- Up-to-date: /home/admin/Documents/projects/u-tour/pathing/remote-repos/learning/fws_robot_harmonic/install/fws_robot_description/share/fws_robot_description/robots/parts/lidar_base
[0.233s] -- Up-to-date: /home/admin/Documents/projects/u-tour/pathing/remote-repos/learning/fws_robot_harmonic/install/fws_robot_description/share/fws_robot_description/robots/parts/lidar_base/lidar_base.urdf.xacro
[0.233s] -- Up-to-date: /home/admin/Documents/projects/u-tour/pathing/remote-repos/learning/fws_robot_harmonic/install/fws_robot_description/share/fws_robot_description/robots/parts/lidar_base/lidar_base.gazebo.xacro
[0.233s] -- Up-to-date: /home/admin/Documents/projects/u-tour/pathing/remote-repos/learning/fws_robot_harmonic/install/fws_robot_description/share/fws_robot_description/robots/parts/wheel
[0.233s] -- Up-to-date: /home/admin/Documents/projects/u-tour/pathing/remote-repos/learning/fws_robot_harmonic/install/fws_robot_description/share/fws_robot_description/robots/parts/wheel/wheel.gazebo.xacro
[0.233s] -- Up-to-date: /home/admin/Documents/projects/u-tour/pathing/remote-repos/learning/fws_robot_harmonic/install/fws_robot_description/share/fws_robot_description/robots/parts/wheel/wheel.urdf.xacro
[0.233s] -- Up-to-date: /home/admin/Documents/projects/u-tour/pathing/remote-repos/learning/fws_robot_harmonic/install/fws_robot_description/share/fws_robot_description/robots/parts/suspension
[0.233s] -- Up-to-date: /home/admin/Documents/projects/u-tour/pathing/remote-repos/learning/fws_robot_harmonic/install/fws_robot_description/share/fws_robot_description/robots/parts/suspension/suspension.urdf.xacro
[0.233s] -- Up-to-date: /home/admin/Documents/projects/u-tour/pathing/remote-repos/learning/fws_robot_harmonic/install/fws_robot_description/share/fws_robot_description/robots/parts/suspension/suspension.gazebo.xacro
[0.233s] -- Up-to-date: /home/admin/Documents/projects/u-tour/pathing/remote-repos/learning/fws_robot_harmonic/install/fws_robot_description/share/fws_robot_description/robots/fws_robot.urdf.xacro
[0.234s] -- Up-to-date: /home/admin/Documents/projects/u-tour/pathing/remote-repos/learning/fws_robot_harmonic/install/fws_robot_description/share/fws_robot_description/gazebo
[0.234s] -- Up-to-date: /home/admin/Documents/projects/u-tour/pathing/remote-repos/learning/fws_robot_harmonic/install/fws_robot_description/share/fws_robot_description/gazebo/fws_robot.gazebo.xacro
[0.234s] -- Up-to-date: /home/admin/Documents/projects/u-tour/pathing/remote-repos/learning/fws_robot_harmonic/install/fws_robot_description/share/fws_robot_description/ros2_control
[0.235s] -- Up-to-date: /home/admin/Documents/projects/u-tour/pathing/remote-repos/learning/fws_robot_harmonic/install/fws_robot_description/share/fws_robot_description/ros2_control/fws_robot.ros2_control.xacro
[0.235s] -- Up-to-date: /home/admin/Documents/projects/u-tour/pathing/remote-repos/learning/fws_robot_harmonic/install/fws_robot_description/share/fws_robot_description/config
[0.236s] -- Up-to-date: /home/admin/Documents/projects/u-tour/pathing/remote-repos/learning/fws_robot_harmonic/install/fws_robot_description/share/fws_robot_description/config/fws_robot_config.rviz
[0.236s] -- Up-to-date: /home/admin/Documents/projects/u-tour/pathing/remote-repos/learning/fws_robot_harmonic/install/fws_robot_description/share/fws_robot_description/config/fws_robot_sim.yaml
[0.237s] -- Up-to-date: /home/admin/Documents/projects/u-tour/pathing/remote-repos/learning/fws_robot_harmonic/install/fws_robot_description/share/fws_robot_description/meshes
[0.237s] -- Up-to-date: /home/admin/Documents/projects/u-tour/pathing/remote-repos/learning/fws_robot_harmonic/install/fws_robot_description/share/fws_robot_description/meshes/DAE
[0.237s] -- Up-to-date: /home/admin/Documents/projects/u-tour/pathing/remote-repos/learning/fws_robot_harmonic/install/fws_robot_description/share/fws_robot_description/meshes/DAE/base
[0.237s] -- Up-to-date: /home/admin/Documents/projects/u-tour/pathing/remote-repos/learning/fws_robot_harmonic/install/fws_robot_description/share/fws_robot_description/meshes/DAE/base/base_linkOLD.dae
[0.237s] -- Up-to-date: /home/admin/Documents/projects/u-tour/pathing/remote-repos/learning/fws_robot_harmonic/install/fws_robot_description/share/fws_robot_description/meshes/DAE/base/base_link.dae
[0.237s] -- Up-to-date: /home/admin/Documents/projects/u-tour/pathing/remote-repos/learning/fws_robot_harmonic/install/fws_robot_description/share/fws_robot_description/meshes/DAE/lidar_head
[0.237s] -- Up-to-date: /home/admin/Documents/projects/u-tour/pathing/remote-repos/learning/fws_robot_harmonic/install/fws_robot_description/share/fws_robot_description/meshes/DAE/lidar_head/YDlidar_head.dae
[0.237s] -- Up-to-date: /home/admin/Documents/projects/u-tour/pathing/remote-repos/learning/fws_robot_harmonic/install/fws_robot_description/share/fws_robot_description/meshes/DAE/lidar_base
[0.237s] -- Up-to-date: /home/admin/Documents/projects/u-tour/pathing/remote-repos/learning/fws_robot_harmonic/install/fws_robot_description/share/fws_robot_description/meshes/DAE/lidar_base/YDlidar_base.dae
[0.238s] -- Up-to-date: /home/admin/Documents/projects/u-tour/pathing/remote-repos/learning/fws_robot_harmonic/install/fws_robot_description/share/fws_robot_description/meshes/DAE/wheel
[0.238s] -- Up-to-date: /home/admin/Documents/projects/u-tour/pathing/remote-repos/learning/fws_robot_harmonic/install/fws_robot_description/share/fws_robot_description/meshes/DAE/wheel/wheel_link.dae
[0.238s] -- Up-to-date: /home/admin/Documents/projects/u-tour/pathing/remote-repos/learning/fws_robot_harmonic/install/fws_robot_description/share/fws_robot_description/meshes/DAE/suspension
[0.238s] -- Up-to-date: /home/admin/Documents/projects/u-tour/pathing/remote-repos/learning/fws_robot_harmonic/install/fws_robot_description/share/fws_robot_description/meshes/DAE/suspension/fl_link.dae
[0.238s] -- Up-to-date: /home/admin/Documents/projects/u-tour/pathing/remote-repos/learning/fws_robot_harmonic/install/fws_robot_description/share/fws_robot_description/meshes/DAE/suspension/rl_link.dae
[0.238s] -- Up-to-date: /home/admin/Documents/projects/u-tour/pathing/remote-repos/learning/fws_robot_harmonic/install/fws_robot_description/share/fws_robot_description/meshes/DAE/suspension/rr_link.dae
[0.238s] -- Up-to-date: /home/admin/Documents/projects/u-tour/pathing/remote-repos/learning/fws_robot_harmonic/install/fws_robot_description/share/fws_robot_description/meshes/DAE/suspension/fr_link.dae
[0.238s] -- Up-to-date: /home/admin/Documents/projects/u-tour/pathing/remote-repos/learning/fws_robot_harmonic/install/fws_robot_description/share/fws_robot_description/meshes/DAE/sensors
[0.238s] -- Up-to-date: /home/admin/Documents/projects/u-tour/pathing/remote-repos/learning/fws_robot_harmonic/install/fws_robot_description/share/fws_robot_description/meshes/DAE/sensors/front_lrf
[0.239s] -- Up-to-date: /home/admin/Documents/projects/u-tour/pathing/remote-repos/learning/fws_robot_harmonic/install/fws_robot_description/share/fws_robot_description/meshes/DAE/sensors/front_lrf/lrf_texture.png
[0.239s] -- Up-to-date: /home/admin/Documents/projects/u-tour/pathing/remote-repos/learning/fws_robot_harmonic/install/fws_robot_description/share/fws_robot_description/meshes/DAE/sensors/front_lrf/front_lrf.dae
[0.239s] -- Up-to-date: /home/admin/Documents/projects/u-tour/pathing/remote-repos/learning/fws_robot_harmonic/install/fws_robot_description/share/fws_robot_description/meshes/DAE/sensors/rear_lrf
[0.239s] -- Up-to-date: /home/admin/Documents/projects/u-tour/pathing/remote-repos/learning/fws_robot_harmonic/install/fws_robot_description/share/fws_robot_description/meshes/DAE/sensors/rear_lrf/rear_lrf.dae
[0.239s] -- Up-to-date: /home/admin/Documents/projects/u-tour/pathing/remote-repos/learning/fws_robot_harmonic/install/fws_robot_description/share/fws_robot_description/meshes/DAE/sensors/rear_lrf/urg_texture.png
[0.240s] -- Up-to-date: /home/admin/Documents/projects/u-tour/pathing/remote-repos/learning/fws_robot_harmonic/install/fws_robot_description/share/fws_robot_description/meshes/DAE/sensors/camera
[0.240s] -- Up-to-date: /home/admin/Documents/projects/u-tour/pathing/remote-repos/learning/fws_robot_harmonic/install/fws_robot_description/share/fws_robot_description/meshes/DAE/sensors/camera/camera.dae
[0.241s] -- Up-to-date: /home/admin/Documents/projects/u-tour/pathing/remote-repos/learning/fws_robot_harmonic/install/fws_robot_description/share/fws_robot_description/meshes/DAE/sensors/gim30
[0.242s] -- Up-to-date: /home/admin/Documents/projects/u-tour/pathing/remote-repos/learning/fws_robot_harmonic/install/fws_robot_description/share/fws_robot_description/meshes/DAE/sensors/gim30/gim30.dae
[0.243s] -- Up-to-date: /home/admin/Documents/projects/u-tour/pathing/remote-repos/learning/fws_robot_harmonic/install/fws_robot_description/share/fws_robot_description/meshes/DAE/sensors/gim30/gim30_lrf_texture.png
[0.243s] -- Up-to-date: /home/admin/Documents/projects/u-tour/pathing/remote-repos/learning/fws_robot_harmonic/install/fws_robot_description/share/fws_robot_description/meshes/DAE/sensors/gps
[0.243s] -- Up-to-date: /home/admin/Documents/projects/u-tour/pathing/remote-repos/learning/fws_robot_harmonic/install/fws_robot_description/share/fws_robot_description/meshes/DAE/sensors/gps/gps_texture.png
[0.243s] -- Up-to-date: /home/admin/Documents/projects/u-tour/pathing/remote-repos/learning/fws_robot_harmonic/install/fws_robot_description/share/fws_robot_description/meshes/DAE/sensors/gps/gps.dae
[0.243s] -- Up-to-date: /home/admin/Documents/projects/u-tour/pathing/remote-repos/learning/fws_robot_harmonic/install/fws_robot_description/share/fws_robot_description/meshes/STL
[0.243s] -- Up-to-date: /home/admin/Documents/projects/u-tour/pathing/remote-repos/learning/fws_robot_harmonic/install/fws_robot_description/share/fws_robot_description/meshes/STL/base
[0.244s] -- Up-to-date: /home/admin/Documents/projects/u-tour/pathing/remote-repos/learning/fws_robot_harmonic/install/fws_robot_description/share/fws_robot_description/meshes/STL/base/base_link.stl
[0.244s] -- Up-to-date: /home/admin/Documents/projects/u-tour/pathing/remote-repos/learning/fws_robot_harmonic/install/fws_robot_description/share/fws_robot_description/meshes/STL/base/base_link_old.stl
[0.244s] -- Up-to-date: /home/admin/Documents/projects/u-tour/pathing/remote-repos/learning/fws_robot_harmonic/install/fws_robot_description/share/fws_robot_description/meshes/STL/lidar_head
[0.244s] -- Up-to-date: /home/admin/Documents/projects/u-tour/pathing/remote-repos/learning/fws_robot_harmonic/install/fws_robot_description/share/fws_robot_description/meshes/STL/lidar_head/YDlidar_head.stl
[0.244s] -- Up-to-date: /home/admin/Documents/projects/u-tour/pathing/remote-repos/learning/fws_robot_harmonic/install/fws_robot_description/share/fws_robot_description/meshes/STL/lidar_base
[0.244s] -- Up-to-date: /home/admin/Documents/projects/u-tour/pathing/remote-repos/learning/fws_robot_harmonic/install/fws_robot_description/share/fws_robot_description/meshes/STL/lidar_base/YDlidar_base.stl
[0.245s] -- Up-to-date: /home/admin/Documents/projects/u-tour/pathing/remote-repos/learning/fws_robot_harmonic/install/fws_robot_description/share/fws_robot_description/meshes/STL/wheel
[0.245s] -- Up-to-date: /home/admin/Documents/projects/u-tour/pathing/remote-repos/learning/fws_robot_harmonic/install/fws_robot_description/share/fws_robot_description/meshes/STL/wheel/robot_wheel.stl
[0.245s] -- Up-to-date: /home/admin/Documents/projects/u-tour/pathing/remote-repos/learning/fws_robot_harmonic/install/fws_robot_description/share/fws_robot_description/meshes/STL/suspension
[0.245s] -- Up-to-date: /home/admin/Documents/projects/u-tour/pathing/remote-repos/learning/fws_robot_harmonic/install/fws_robot_description/share/fws_robot_description/meshes/STL/suspension/sus_link.stl
[0.245s] -- Up-to-date: /home/admin/Documents/projects/u-tour/pathing/remote-repos/learning/fws_robot_harmonic/install/fws_robot_description/share/fws_robot_description/meshes/STL/sensors
[0.245s] -- Up-to-date: /home/admin/Documents/projects/u-tour/pathing/remote-repos/learning/fws_robot_harmonic/install/fws_robot_description/share/fws_robot_description/meshes/STL/sensors/front_lrf
[0.246s] -- Up-to-date: /home/admin/Documents/projects/u-tour/pathing/remote-repos/learning/fws_robot_harmonic/install/fws_robot_description/share/fws_robot_description/meshes/STL/sensors/front_lrf/front_lrf.stl
[0.246s] -- Up-to-date: /home/admin/Documents/projects/u-tour/pathing/remote-repos/learning/fws_robot_harmonic/install/fws_robot_description/share/fws_robot_description/meshes/STL/sensors/rear_lrf
[0.246s] -- Up-to-date: /home/admin/Documents/projects/u-tour/pathing/remote-repos/learning/fws_robot_harmonic/install/fws_robot_description/share/fws_robot_description/meshes/STL/sensors/rear_lrf/rear_lrf.stl
[0.246s] -- Up-to-date: /home/admin/Documents/projects/u-tour/pathing/remote-repos/learning/fws_robot_harmonic/install/fws_robot_description/share/fws_robot_description/meshes/STL/sensors/camera
[0.246s] -- Up-to-date: /home/admin/Documents/projects/u-tour/pathing/remote-repos/learning/fws_robot_harmonic/install/fws_robot_description/share/fws_robot_description/meshes/STL/sensors/gim30
[0.246s] -- Up-to-date: /home/admin/Documents/projects/u-tour/pathing/remote-repos/learning/fws_robot_harmonic/install/fws_robot_description/share/fws_robot_description/meshes/STL/sensors/gim30/gim30.stl
[0.246s] -- Up-to-date: /home/admin/Documents/projects/u-tour/pathing/remote-repos/learning/fws_robot_harmonic/install/fws_robot_description/share/fws_robot_description/meshes/STL/sensors/gps
[0.248s] -- Up-to-date: /home/admin/Documents/projects/u-tour/pathing/remote-repos/learning/fws_robot_harmonic/install/fws_robot_description/share/fws_robot_description/meshes/STL/sensors/gps/gps.stl
[0.248s] -- Up-to-date: /home/admin/Documents/projects/u-tour/pathing/remote-repos/learning/fws_robot_harmonic/install/fws_robot_description/share/ament_index/resource_index/package_run_dependencies/fws_robot_description
[0.248s] -- Up-to-date: /home/admin/Documents/projects/u-tour/pathing/remote-repos/learning/fws_robot_harmonic/install/fws_robot_description/share/ament_index/resource_index/parent_prefix_path/fws_robot_description
[0.249s] -- Up-to-date: /home/admin/Documents/projects/u-tour/pathing/remote-repos/learning/fws_robot_harmonic/install/fws_robot_description/share/fws_robot_description/environment/ament_prefix_path.sh
[0.249s] -- Up-to-date: /home/admin/Documents/projects/u-tour/pathing/remote-repos/learning/fws_robot_harmonic/install/fws_robot_description/share/fws_robot_description/environment/ament_prefix_path.dsv
[0.249s] -- Up-to-date: /home/admin/Documents/projects/u-tour/pathing/remote-repos/learning/fws_robot_harmonic/install/fws_robot_description/share/fws_robot_description/environment/path.sh
[0.249s] -- Up-to-date: /home/admin/Documents/projects/u-tour/pathing/remote-repos/learning/fws_robot_harmonic/install/fws_robot_description/share/fws_robot_description/environment/path.dsv
[0.249s] -- Up-to-date: /home/admin/Documents/projects/u-tour/pathing/remote-repos/learning/fws_robot_harmonic/install/fws_robot_description/share/fws_robot_description/local_setup.bash
[0.249s] -- Up-to-date: /home/admin/Documents/projects/u-tour/pathing/remote-repos/learning/fws_robot_harmonic/install/fws_robot_description/share/fws_robot_description/local_setup.sh
[0.250s] -- Up-to-date: /home/admin/Documents/projects/u-tour/pathing/remote-repos/learning/fws_robot_harmonic/install/fws_robot_description/share/fws_robot_description/local_setup.zsh
[0.250s] -- Up-to-date: /home/admin/Documents/projects/u-tour/pathing/remote-repos/learning/fws_robot_harmonic/install/fws_robot_description/share/fws_robot_description/local_setup.dsv
[0.250s] -- Installing: /home/admin/Documents/projects/u-tour/pathing/remote-repos/learning/fws_robot_harmonic/install/fws_robot_description/share/fws_robot_description/package.dsv
[0.250s] -- Up-to-date: /home/admin/Documents/projects/u-tour/pathing/remote-repos/learning/fws_robot_harmonic/install/fws_robot_description/share/ament_index/resource_index/packages/fws_robot_description
[0.250s] -- Up-to-date: /home/admin/Documents/projects/u-tour/pathing/remote-repos/learning/fws_robot_harmonic/install/fws_robot_description/share/fws_robot_description/cmake/fws_robot_descriptionConfig.cmake
[0.252s] -- Up-to-date: /home/admin/Documents/projects/u-tour/pathing/remote-repos/learning/fws_robot_harmonic/install/fws_robot_description/share/fws_robot_description/cmake/fws_robot_descriptionConfig-version.cmake
[0.252s] -- Up-to-date: /home/admin/Documents/projects/u-tour/pathing/remote-repos/learning/fws_robot_harmonic/install/fws_robot_description/share/fws_robot_description/package.xml
[0.290s] Invoked command in '/home/admin/Documents/projects/u-tour/pathing/remote-repos/learning/fws_robot_harmonic/build/fws_robot_description' returned '0': CMAKE_PREFIX_PATH=${CMAKE_PREFIX_PATH}:/opt/ros/jazzy DEBUGINFOD_URLS=https://debuginfod.ubuntu.com /usr/bin/cmake --install /home/admin/Documents/projects/u-tour/pathing/remote-repos/learning/fws_robot_harmonic/build/fws_robot_description
